<?xml version="1.0" encoding="UTF-8"?>
<coverage generated="1774939555045" clover="3.2.0">
  <project timestamp="1774939555046" name="All files">
    <metrics statements="1535" coveredstatements="818" conditionals="1027" coveredconditionals="473" methods="342" coveredmethods="118" elements="2904" coveredelements="1409" complexity="0" loc="1535" ncloc="1535" packages="19" files="33" classes="33"/>
    <package name="Ing-pass">
      <metrics statements="2" coveredstatements="2" conditionals="0" coveredconditionals="0" methods="1" coveredmethods="1"/>
      <file name="next.config.mjs" path="C:\Users\mathi\Ing-pass\next.config.mjs">
        <metrics statements="2" coveredstatements="2" conditionals="0" coveredconditionals="0" methods="1" coveredmethods="1"/>
        <line num="2" count="1" type="stmt"/>
        <line num="4" count="1" type="stmt"/>
      </file>
    </package>
    <package name="Ing-pass.app.api.auth.[...all]">
      <metrics statements="3" coveredstatements="3" conditionals="0" coveredconditionals="0" methods="1" coveredmethods="1"/>
      <file name="route.ts" path="C:\Users\mathi\Ing-pass\app\api\auth\[...all]\route.ts">
        <metrics statements="3" coveredstatements="3" conditionals="0" coveredconditionals="0" methods="1" coveredmethods="1"/>
        <line num="4" count="1" type="stmt"/>
        <line num="6" count="1" type="stmt"/>
        <line num="10" count="1" type="stmt"/>
      </file>
    </package>
    <package name="Ing-pass.app.api.clients.[id]">
      <metrics statements="48" coveredstatements="8" conditionals="32" coveredconditionals="4" methods="3" coveredmethods="2"/>
      <file name="route.ts" path="C:\Users\mathi\Ing-pass\app\api\clients\[id]\route.ts">
        <metrics statements="48" coveredstatements="8" conditionals="32" coveredconditionals="4" methods="3" coveredmethods="2"/>
        <line num="12" count="0" type="stmt"/>
        <line num="13" count="0" type="cond" truecount="0" falsecount="2"/>
        <line num="15" count="0" type="stmt"/>
        <line num="16" count="0" type="stmt"/>
        <line num="18" count="0" type="cond" truecount="0" falsecount="2"/>
        <line num="19" count="0" type="stmt"/>
        <line num="24" count="0" type="cond" truecount="0" falsecount="2"/>
        <line num="25" count="0" type="stmt"/>
        <line num="31" count="0" type="stmt"/>
        <line num="34" count="0" type="stmt"/>
        <line num="35" count="0" type="cond" truecount="0" falsecount="2"/>
        <line num="37" count="0" type="stmt"/>
        <line num="39" count="0" type="cond" truecount="0" falsecount="2"/>
        <line num="40" count="0" type="stmt"/>
        <line num="46" count="0" type="stmt"/>
        <line num="48" count="0" type="stmt"/>
        <line num="49" count="0" type="stmt"/>
        <line num="60" count="1" type="stmt"/>
        <line num="61" count="1" type="cond" truecount="1" falsecount="1"/>
        <line num="63" count="1" type="stmt"/>
        <line num="64" count="1" type="cond" truecount="1" falsecount="1"/>
        <line num="66" count="0" type="stmt"/>
        <line num="67" count="0" type="stmt"/>
        <line num="68" count="0" type="stmt"/>
        <line num="69" count="0" type="stmt"/>
        <line num="71" count="0" type="cond" truecount="0" falsecount="2"/>
        <line num="72" count="0" type="stmt"/>
        <line num="78" count="0" type="stmt"/>
        <line num="84" count="0" type="cond" truecount="0" falsecount="2"/>
        <line num="85" count="0" type="stmt"/>
        <line num="91" count="0" type="stmt"/>
        <line num="94" count="0" type="cond" truecount="0" falsecount="4"/>
        <line num="97" count="0" type="cond" truecount="0" falsecount="2"/>
        <line num="98" count="0" type="stmt"/>
        <line num="104" count="0" type="stmt"/>
        <line num="105" count="0" type="stmt"/>
        <line num="116" count="1" type="stmt"/>
        <line num="117" count="1" type="cond" truecount="1" falsecount="1"/>
        <line num="119" count="1" type="stmt"/>
        <line num="120" count="1" type="cond" truecount="1" falsecount="1"/>
        <line num="122" count="0" type="stmt"/>
        <line num="123" count="0" type="stmt"/>
        <line num="124" count="0" type="stmt"/>
        <line num="129" count="0" type="cond" truecount="0" falsecount="2"/>
        <line num="130" count="0" type="stmt"/>
        <line num="136" count="0" type="stmt"/>
        <line num="138" count="0" type="stmt"/>
        <line num="139" count="0" type="stmt"/>
      </file>
    </package>
    <package name="Ing-pass.app.api.dashboard.kpis">
      <metrics statements="90" coveredstatements="53" conditionals="42" coveredconditionals="14" methods="44" coveredmethods="4"/>
      <file name="route.ts" path="C:\Users\mathi\Ing-pass\app\api\dashboard\kpis\route.ts">
        <metrics statements="90" coveredstatements="53" conditionals="42" coveredconditionals="14" methods="44" coveredmethods="4"/>
        <line num="14" count="1" type="stmt"/>
        <line num="25" count="4" type="stmt"/>
        <line num="26" count="4" type="cond" truecount="1" falsecount="1"/>
        <line num="28" count="4" type="stmt"/>
        <line num="29" count="4" type="cond" truecount="2" falsecount="0"/>
        <line num="31" count="2" type="stmt"/>
        <line num="32" count="2" type="stmt"/>
        <line num="33" count="2" type="stmt"/>
        <line num="34" count="2" type="stmt"/>
        <line num="35" count="2" type="stmt"/>
        <line num="36" count="2" type="cond" truecount="2" falsecount="0"/>
        <line num="39" count="4" type="stmt"/>
        <line num="40" count="4" type="stmt"/>
        <line num="41" count="4" type="cond" truecount="1" falsecount="1"/>
        <line num="42" count="0" type="stmt"/>
        <line num="43" count="0" type="stmt"/>
        <line num="44" count="0" type="stmt"/>
        <line num="45" count="2" type="cond" truecount="1" falsecount="1"/>
        <line num="46" count="0" type="stmt"/>
        <line num="47" count="0" type="stmt"/>
        <line num="48" count="0" type="stmt"/>
        <line num="49" count="2" type="cond" truecount="1" falsecount="1"/>
        <line num="50" count="0" type="stmt"/>
        <line num="51" count="0" type="stmt"/>
        <line num="52" count="0" type="stmt"/>
        <line num="56" count="2" type="stmt"/>
        <line num="57" count="2" type="stmt"/>
        <line num="58" count="2" type="cond" truecount="1" falsecount="1"/>
        <line num="59" count="2" type="cond" truecount="1" falsecount="1"/>
        <line num="61" count="2" type="stmt"/>
        <line num="63" count="2" type="stmt"/>
        <line num="64" count="2" type="stmt"/>
        <line num="65" count="2" type="cond" truecount="1" falsecount="1"/>
        <line num="67" count="2" type="stmt"/>
        <line num="70" count="2" type="stmt"/>
        <line num="71" count="2" type="cond" truecount="1" falsecount="1"/>
        <line num="72" count="2" type="cond" truecount="1" falsecount="1"/>
        <line num="74" count="2" type="stmt"/>
        <line num="78" count="2" type="cond" truecount="1" falsecount="1"/>
        <line num="80" count="2" type="stmt"/>
        <line num="83" count="14" type="stmt"/>
        <line num="85" count="0" type="stmt"/>
        <line num="86" count="14" type="stmt"/>
        <line num="89" count="2" type="stmt"/>
        <line num="90" count="0" type="stmt"/>
        <line num="92" count="0" type="stmt"/>
        <line num="93" count="0" type="stmt"/>
        <line num="94" count="0" type="stmt"/>
        <line num="95" count="0" type="stmt"/>
        <line num="105" count="2" type="stmt"/>
        <line num="109" count="2" type="stmt"/>
        <line num="110" count="2" type="stmt"/>
        <line num="111" count="2" type="stmt"/>
        <line num="114" count="2" type="stmt"/>
        <line num="115" count="0" type="stmt"/>
        <line num="116" count="0" type="stmt"/>
        <line num="117" count="0" type="stmt"/>
        <line num="119" count="0" type="stmt"/>
        <line num="120" count="0" type="stmt"/>
        <line num="121" count="0" type="stmt"/>
        <line num="122" count="0" type="stmt"/>
        <line num="124" count="0" type="stmt"/>
        <line num="131" count="0" type="stmt"/>
        <line num="136" count="2" type="stmt"/>
        <line num="137" count="0" type="stmt"/>
        <line num="141" count="0" type="stmt"/>
        <line num="142" count="0" type="cond" truecount="0" falsecount="2"/>
        <line num="145" count="0" type="stmt"/>
        <line num="148" count="2" type="stmt"/>
        <line num="152" count="0" type="stmt"/>
        <line num="153" count="0" type="cond" truecount="0" falsecount="2"/>
        <line num="159" count="2" type="stmt"/>
        <line num="160" count="2" type="stmt"/>
        <line num="161" count="10" type="stmt"/>
        <line num="162" count="10" type="stmt"/>
        <line num="163" count="10" type="stmt"/>
        <line num="164" count="10" type="stmt"/>
        <line num="165" count="10" type="cond" truecount="0" falsecount="2"/>
        <line num="169" count="2" type="stmt"/>
        <line num="170" count="2" type="stmt"/>
        <line num="172" count="2" type="stmt"/>
        <line num="173" count="0" type="stmt"/>
        <line num="174" count="0" type="stmt"/>
        <line num="175" count="0" type="stmt"/>
        <line num="176" count="0" type="stmt"/>
        <line num="185" count="2" type="stmt"/>
        <line num="187" count="2" type="stmt"/>
        <line num="201" count="0" type="stmt"/>
        <line num="205" count="0" type="stmt"/>
        <line num="206" count="0" type="stmt"/>
      </file>
    </package>
    <package name="Ing-pass.app.api.messages">
      <metrics statements="96" coveredstatements="45" conditionals="85" coveredconditionals="29" methods="9" coveredmethods="3"/>
      <file name="route.ts" path="C:\Users\mathi\Ing-pass\app\api\messages\route.ts">
        <metrics statements="96" coveredstatements="45" conditionals="85" coveredconditionals="29" methods="9" coveredmethods="3"/>
        <line num="13" count="1" type="stmt"/>
        <line num="30" count="1" type="stmt"/>
        <line num="31" count="1" type="cond" truecount="1" falsecount="1"/>
        <line num="33" count="1" type="stmt"/>
        <line num="34" count="1" type="stmt"/>
        <line num="35" count="1" type="stmt"/>
        <line num="36" count="1" type="stmt"/>
        <line num="37" count="1" type="stmt"/>
        <line num="39" count="1" type="stmt"/>
        <line num="42" count="1" type="cond" truecount="1" falsecount="1"/>
        <line num="43" count="1" type="stmt"/>
        <line num="49" count="0" type="cond" truecount="0" falsecount="2"/>
        <line num="50" count="0" type="stmt"/>
        <line num="51" count="0" type="cond" truecount="0" falsecount="2"/>
        <line num="54" count="0" type="stmt"/>
        <line num="60" count="0" type="cond" truecount="0" falsecount="2"/>
        <line num="61" count="0" type="stmt"/>
        <line num="62" count="0" type="cond" truecount="0" falsecount="2"/>
        <line num="64" count="0" type="stmt"/>
        <line num="70" count="0" type="cond" truecount="0" falsecount="2"/>
        <line num="71" count="0" type="stmt"/>
        <line num="72" count="0" type="cond" truecount="0" falsecount="2"/>
        <line num="75" count="0" type="stmt"/>
        <line num="83" count="0" type="cond" truecount="0" falsecount="4"/>
        <line num="84" count="0" type="stmt"/>
        <line num="86" count="0" type="stmt"/>
        <line num="114" count="0" type="cond" truecount="0" falsecount="2"/>
        <line num="122" count="0" type="stmt"/>
        <line num="124" count="0" type="stmt"/>
        <line num="125" count="0" type="stmt"/>
        <line num="130" count="1" type="stmt"/>
        <line num="131" count="1" type="cond" truecount="1" falsecount="1"/>
        <line num="133" count="1" type="stmt"/>
        <line num="134" count="1" type="stmt"/>
        <line num="135" count="1" type="stmt"/>
        <line num="137" count="1" type="stmt"/>
        <line num="139" count="1" type="cond" truecount="1" falsecount="1"/>
        <line num="140" count="1" type="stmt"/>
        <line num="146" count="0" type="cond" truecount="0" falsecount="2"/>
        <line num="148" count="0" type="stmt"/>
        <line num="151" count="0" type="stmt"/>
        <line num="154" count="1" type="cond" truecount="1" falsecount="1"/>
        <line num="155" count="0" type="stmt"/>
        <line num="156" count="0" type="cond" truecount="0" falsecount="2"/>
        <line num="159" count="0" type="cond" truecount="0" falsecount="2"/>
        <line num="160" count="0" type="stmt"/>
        <line num="161" count="0" type="cond" truecount="0" falsecount="2"/>
        <line num="164" count="0" type="stmt"/>
        <line num="169" count="0" type="stmt"/>
        <line num="171" count="0" type="stmt"/>
        <line num="172" count="0" type="stmt"/>
        <line num="177" count="2" type="stmt"/>
        <line num="178" count="2" type="cond" truecount="1" falsecount="1"/>
        <line num="180" count="2" type="stmt"/>
        <line num="181" count="2" type="stmt"/>
        <line num="182" count="2" type="stmt"/>
        <line num="183" count="2" type="stmt"/>
        <line num="185" count="2" type="cond" truecount="1" falsecount="1"/>
        <line num="186" count="0" type="stmt"/>
        <line num="189" count="2" type="cond" truecount="1" falsecount="1"/>
        <line num="190" count="0" type="stmt"/>
        <line num="196" count="2" type="stmt"/>
        <line num="197" count="2" type="cond" truecount="1" falsecount="1"/>
        <line num="198" count="0" type="stmt"/>
        <line num="201" count="2" type="stmt"/>
        <line num="203" count="2" type="cond" truecount="2" falsecount="0"/>
        <line num="204" count="1" type="stmt"/>
        <line num="205" count="1" type="cond" truecount="1" falsecount="1"/>
        <line num="206" count="1" type="stmt"/>
        <line num="209" count="2" type="cond" truecount="2" falsecount="0"/>
        <line num="210" count="1" type="stmt"/>
        <line num="211" count="1" type="cond" truecount="1" falsecount="1"/>
        <line num="213" count="1" type="cond" truecount="3" falsecount="1"/>
        <line num="214" count="1" type="stmt"/>
        <line num="221" count="1" type="cond" truecount="1" falsecount="1"/>
        <line num="222" count="1" type="stmt"/>
        <line num="226" count="1" type="cond" truecount="1" falsecount="1"/>
        <line num="228" count="1" type="cond" truecount="4" falsecount="1"/>
        <line num="229" count="1" type="stmt"/>
        <line num="236" count="0" type="stmt"/>
        <line num="251" count="0" type="cond" truecount="0" falsecount="4"/>
        <line num="252" count="0" type="stmt"/>
        <line num="253" count="0" type="stmt"/>
        <line num="254" count="0" type="cond" truecount="0" falsecount="2"/>
        <line num="255" count="0" type="stmt"/>
        <line num="256" count="0" type="stmt"/>
        <line num="260" count="0" type="stmt"/>
        <line num="264" count="0" type="cond" truecount="0" falsecount="2"/>
        <line num="265" count="0" type="stmt"/>
        <line num="267" count="0" type="stmt"/>
        <line num="268" count="0" type="stmt"/>
        <line num="280" count="0" type="stmt"/>
        <line num="285" count="0" type="stmt"/>
        <line num="291" count="0" type="stmt"/>
        <line num="293" count="0" type="stmt"/>
        <line num="294" count="0" type="stmt"/>
      </file>
    </package>
    <package name="Ing-pass.app.api.projects">
      <metrics statements="139" coveredstatements="15" conditionals="90" coveredconditionals="4" methods="12" coveredmethods="3"/>
      <file name="route.ts" path="C:\Users\mathi\Ing-pass\app\api\projects\route.ts">
        <metrics statements="139" coveredstatements="15" conditionals="90" coveredconditionals="4" methods="12" coveredmethods="3"/>
        <line num="23" count="1" type="stmt"/>
        <line num="33" count="0" type="stmt"/>
        <line num="34" count="0" type="cond" truecount="0" falsecount="2"/>
        <line num="36" count="0" type="stmt"/>
        <line num="37" count="0" type="stmt"/>
        <line num="38" count="0" type="stmt"/>
        <line num="39" count="0" type="stmt"/>
        <line num="41" count="0" type="cond" truecount="0" falsecount="2"/>
        <line num="42" count="0" type="stmt"/>
        <line num="48" count="0" type="cond" truecount="0" falsecount="2"/>
        <line num="49" count="0" type="stmt"/>
        <line num="52" count="0" type="stmt"/>
        <line num="54" count="0" type="cond" truecount="0" falsecount="2"/>
        <line num="55" count="0" type="stmt"/>
        <line num="58" count="0" type="stmt"/>
        <line num="60" count="0" type="stmt"/>
        <line num="67" count="0" type="stmt"/>
        <line num="69" count="0" type="cond" truecount="0" falsecount="2"/>
        <line num="81" count="0" type="stmt"/>
        <line num="82" count="0" type="stmt"/>
        <line num="83" count="0" type="cond" truecount="0" falsecount="2"/>
        <line num="84" count="0" type="stmt"/>
        <line num="85" count="0" type="stmt"/>
        <line num="88" count="0" type="stmt"/>
        <line num="89" count="0" type="stmt"/>
        <line num="90" count="0" type="cond" truecount="0" falsecount="2"/>
        <line num="91" count="0" type="stmt"/>
        <line num="92" count="0" type="stmt"/>
        <line num="95" count="0" type="stmt"/>
        <line num="96" count="0" type="stmt"/>
        <line num="97" count="0" type="cond" truecount="0" falsecount="2"/>
        <line num="98" count="0" type="stmt"/>
        <line num="99" count="0" type="stmt"/>
        <line num="102" count="0" type="stmt"/>
        <line num="103" count="0" type="stmt"/>
        <line num="104" count="0" type="cond" truecount="0" falsecount="2"/>
        <line num="105" count="0" type="stmt"/>
        <line num="106" count="0" type="stmt"/>
        <line num="109" count="0" type="stmt"/>
        <line num="110" count="0" type="stmt"/>
        <line num="111" count="0" type="cond" truecount="0" falsecount="2"/>
        <line num="112" count="0" type="stmt"/>
        <line num="113" count="0" type="stmt"/>
        <line num="116" count="0" type="stmt"/>
        <line num="117" count="0" type="stmt"/>
        <line num="118" count="0" type="cond" truecount="0" falsecount="2"/>
        <line num="119" count="0" type="stmt"/>
        <line num="120" count="0" type="stmt"/>
        <line num="123" count="0" type="stmt"/>
        <line num="124" count="0" type="stmt"/>
        <line num="125" count="0" type="cond" truecount="0" falsecount="2"/>
        <line num="126" count="0" type="stmt"/>
        <line num="127" count="0" type="stmt"/>
        <line num="130" count="0" type="stmt"/>
        <line num="131" count="0" type="stmt"/>
        <line num="132" count="0" type="cond" truecount="0" falsecount="2"/>
        <line num="133" count="0" type="stmt"/>
        <line num="134" count="0" type="stmt"/>
        <line num="137" count="0" type="stmt"/>
        <line num="138" count="0" type="cond" truecount="0" falsecount="2"/>
        <line num="139" count="0" type="stmt"/>
        <line num="143" count="0" type="stmt"/>
        <line num="154" count="0" type="stmt"/>
        <line num="157" count="0" type="stmt"/>
        <line num="159" count="0" type="cond" truecount="0" falsecount="2"/>
        <line num="160" count="0" type="stmt"/>
        <line num="162" count="0" type="cond" truecount="0" falsecount="2"/>
        <line num="163" count="0" type="stmt"/>
        <line num="166" count="0" type="stmt"/>
        <line num="168" count="0" type="cond" truecount="0" falsecount="2"/>
        <line num="169" count="0" type="stmt"/>
        <line num="172" count="0" type="stmt"/>
        <line num="175" count="0" type="stmt"/>
        <line num="183" count="0" type="stmt"/>
        <line num="185" count="0" type="cond" truecount="0" falsecount="2"/>
        <line num="198" count="0" type="stmt"/>
        <line num="199" count="0" type="stmt"/>
        <line num="200" count="0" type="cond" truecount="0" falsecount="2"/>
        <line num="201" count="0" type="stmt"/>
        <line num="202" count="0" type="stmt"/>
        <line num="205" count="0" type="stmt"/>
        <line num="206" count="0" type="stmt"/>
        <line num="207" count="0" type="cond" truecount="0" falsecount="2"/>
        <line num="208" count="0" type="stmt"/>
        <line num="209" count="0" type="stmt"/>
        <line num="212" count="0" type="stmt"/>
        <line num="213" count="0" type="stmt"/>
        <line num="214" count="0" type="cond" truecount="0" falsecount="2"/>
        <line num="215" count="0" type="stmt"/>
        <line num="216" count="0" type="stmt"/>
        <line num="219" count="0" type="stmt"/>
        <line num="220" count="0" type="stmt"/>
        <line num="221" count="0" type="cond" truecount="0" falsecount="2"/>
        <line num="222" count="0" type="stmt"/>
        <line num="223" count="0" type="stmt"/>
        <line num="226" count="0" type="stmt"/>
        <line num="227" count="0" type="stmt"/>
        <line num="228" count="0" type="cond" truecount="0" falsecount="2"/>
        <line num="229" count="0" type="stmt"/>
        <line num="230" count="0" type="stmt"/>
        <line num="233" count="0" type="stmt"/>
        <line num="234" count="0" type="stmt"/>
        <line num="235" count="0" type="cond" truecount="0" falsecount="2"/>
        <line num="236" count="0" type="stmt"/>
        <line num="237" count="0" type="stmt"/>
        <line num="240" count="0" type="stmt"/>
        <line num="241" count="0" type="stmt"/>
        <line num="242" count="0" type="cond" truecount="0" falsecount="2"/>
        <line num="243" count="0" type="stmt"/>
        <line num="244" count="0" type="stmt"/>
        <line num="247" count="0" type="stmt"/>
        <line num="248" count="0" type="stmt"/>
        <line num="249" count="0" type="cond" truecount="0" falsecount="2"/>
        <line num="250" count="0" type="stmt"/>
        <line num="251" count="0" type="stmt"/>
        <line num="255" count="0" type="stmt"/>
        <line num="256" count="0" type="cond" truecount="0" falsecount="2"/>
        <line num="257" count="0" type="stmt"/>
        <line num="261" count="0" type="stmt"/>
        <line num="272" count="0" type="stmt"/>
        <line num="274" count="0" type="stmt"/>
        <line num="275" count="0" type="stmt"/>
        <line num="283" count="1" type="stmt"/>
        <line num="284" count="1" type="cond" truecount="1" falsecount="1"/>
        <line num="286" count="1" type="stmt"/>
        <line num="287" count="1" type="cond" truecount="1" falsecount="1"/>
        <line num="289" count="1" type="stmt"/>
        <line num="290" count="1" type="stmt"/>
        <line num="291" count="1" type="stmt"/>
        <line num="293" count="1" type="cond" truecount="1" falsecount="1"/>
        <line num="294" count="0" type="stmt"/>
        <line num="300" count="1" type="stmt"/>
        <line num="302" count="1" type="stmt"/>
        <line num="307" count="1" type="cond" truecount="1" falsecount="1"/>
        <line num="308" count="1" type="stmt"/>
        <line num="309" count="1" type="stmt"/>
        <line num="316" count="1" type="stmt"/>
        <line num="320" count="0" type="stmt"/>
        <line num="321" count="0" type="stmt"/>
      </file>
    </package>
    <package name="Ing-pass.app.api.projects.[id]">
      <metrics statements="69" coveredstatements="30" conditionals="32" coveredconditionals="13" methods="10" coveredmethods="5"/>
      <file name="route.ts" path="C:\Users\mathi\Ing-pass\app\api\projects\[id]\route.ts">
        <metrics statements="69" coveredstatements="30" conditionals="32" coveredconditionals="13" methods="10" coveredmethods="5"/>
        <line num="21" count="1" type="stmt"/>
        <line num="34" count="1" type="stmt"/>
        <line num="35" count="1" type="cond" truecount="1" falsecount="1"/>
        <line num="37" count="1" type="stmt"/>
        <line num="38" count="1" type="stmt"/>
        <line num="42" count="1" type="cond" truecount="1" falsecount="1"/>
        <line num="43" count="0" type="stmt"/>
        <line num="49" count="0" type="cond" truecount="0" falsecount="2"/>
        <line num="50" count="0" type="stmt"/>
        <line num="56" count="0" type="stmt"/>
        <line num="61" count="1" type="stmt"/>
        <line num="62" count="1" type="cond" truecount="1" falsecount="1"/>
        <line num="64" count="0" type="stmt"/>
        <line num="70" count="0" type="cond" truecount="0" falsecount="2"/>
        <line num="71" count="0" type="stmt"/>
        <line num="77" count="0" type="stmt"/>
        <line num="82" count="0" type="stmt"/>
        <line num="87" count="0" type="stmt"/>
        <line num="92" count="0" type="stmt"/>
        <line num="97" count="0" type="stmt"/>
        <line num="99" count="0" type="stmt"/>
        <line num="104" count="0" type="stmt"/>
        <line num="109" count="0" type="stmt"/>
        <line num="114" count="0" type="stmt"/>
        <line num="116" count="0" type="stmt"/>
        <line num="123" count="0" type="stmt"/>
        <line num="125" count="0" type="stmt"/>
        <line num="126" count="0" type="stmt"/>
        <line num="131" count="0" type="stmt"/>
        <line num="132" count="0" type="stmt"/>
        <line num="143" count="2" type="stmt"/>
        <line num="144" count="2" type="cond" truecount="1" falsecount="1"/>
        <line num="146" count="2" type="stmt"/>
        <line num="147" count="2" type="cond" truecount="2" falsecount="0"/>
        <line num="149" count="1" type="stmt"/>
        <line num="150" count="1" type="stmt"/>
        <line num="151" count="1" type="stmt"/>
        <line num="154" count="1" type="cond" truecount="2" falsecount="2"/>
        <line num="155" count="0" type="stmt"/>
        <line num="156" count="0" type="stmt"/>
        <line num="157" count="0" type="cond" truecount="0" falsecount="2"/>
        <line num="158" count="0" type="stmt"/>
        <line num="159" count="0" type="stmt"/>
        <line num="162" count="1" type="stmt"/>
        <line num="164" count="1" type="cond" truecount="1" falsecount="1"/>
        <line num="165" count="0" type="stmt"/>
        <line num="171" count="1" type="stmt"/>
        <line num="173" count="1" type="stmt"/>
        <line num="179" count="1" type="cond" truecount="1" falsecount="1"/>
        <line num="180" count="0" type="stmt"/>
        <line num="186" count="1" type="stmt"/>
        <line num="190" count="1" type="cond" truecount="1" falsecount="1"/>
        <line num="191" count="1" type="stmt"/>
        <line num="192" count="1" type="stmt"/>
        <line num="199" count="1" type="stmt"/>
        <line num="201" count="0" type="stmt"/>
        <line num="202" count="0" type="stmt"/>
        <line num="213" count="1" type="stmt"/>
        <line num="214" count="1" type="cond" truecount="1" falsecount="1"/>
        <line num="216" count="1" type="stmt"/>
        <line num="217" count="1" type="cond" truecount="1" falsecount="1"/>
        <line num="219" count="0" type="stmt"/>
        <line num="220" count="0" type="stmt"/>
        <line num="221" count="0" type="stmt"/>
        <line num="226" count="0" type="cond" truecount="0" falsecount="2"/>
        <line num="227" count="0" type="stmt"/>
        <line num="233" count="0" type="stmt"/>
        <line num="235" count="0" type="stmt"/>
        <line num="236" count="0" type="stmt"/>
      </file>
    </package>
    <package name="Ing-pass.app.api.projects.[id].tasks">
      <metrics statements="86" coveredstatements="60" conditionals="84" coveredconditionals="68" methods="15" coveredmethods="11"/>
      <file name="route.ts" path="C:\Users\mathi\Ing-pass\app\api\projects\[id]\tasks\route.ts">
        <metrics statements="86" coveredstatements="60" conditionals="84" coveredconditionals="68" methods="15" coveredmethods="11"/>
        <line num="16" count="1" type="stmt"/>
        <line num="17" count="1" type="cond" truecount="1" falsecount="1"/>
        <line num="18" count="0" type="stmt"/>
        <line num="19" count="0" type="stmt"/>
        <line num="20" count="0" type="stmt"/>
        <line num="30" count="0" type="stmt"/>
        <line num="34" count="1" type="stmt"/>
        <line num="35" count="1" type="stmt"/>
        <line num="49" count="1" type="cond" truecount="2" falsecount="0"/>
        <line num="53" count="1" type="cond" truecount="3" falsecount="0"/>
        <line num="59" count="3" type="cond" truecount="2" falsecount="0"/>
        <line num="63" count="9" type="stmt"/>
        <line num="70" count="1" type="stmt"/>
        <line num="71" count="1" type="cond" truecount="1" falsecount="1"/>
        <line num="72" count="1" type="stmt"/>
        <line num="73" count="1" type="stmt"/>
        <line num="74" count="1" type="stmt"/>
        <line num="75" count="1" type="cond" truecount="1" falsecount="1"/>
        <line num="77" count="0" type="stmt"/>
        <line num="82" count="0" type="stmt"/>
        <line num="84" count="0" type="stmt"/>
        <line num="89" count="0" type="stmt"/>
        <line num="94" count="0" type="stmt"/>
        <line num="99" count="0" type="stmt"/>
        <line num="105" count="0" type="stmt"/>
        <line num="107" count="0" type="stmt"/>
        <line num="115" count="0" type="stmt"/>
        <line num="117" count="0" type="stmt"/>
        <line num="118" count="0" type="stmt"/>
        <line num="129" count="6" type="stmt"/>
        <line num="130" count="6" type="cond" truecount="1" falsecount="1"/>
        <line num="132" count="6" type="stmt"/>
        <line num="133" count="6" type="stmt"/>
        <line num="134" count="6" type="stmt"/>
        <line num="135" count="6" type="cond" truecount="2" falsecount="0"/>
        <line num="137" count="5" type="stmt"/>
        <line num="138" count="5" type="stmt"/>
        <line num="139" count="5" type="stmt"/>
        <line num="141" count="5" type="cond" truecount="1" falsecount="1"/>
        <line num="142" count="0" type="stmt"/>
        <line num="148" count="5" type="cond" truecount="4" falsecount="1"/>
        <line num="149" count="0" type="stmt"/>
        <line num="155" count="5" type="cond" truecount="3" falsecount="1"/>
        <line num="156" count="0" type="stmt"/>
        <line num="162" count="5" type="cond" truecount="2" falsecount="0"/>
        <line num="165" count="6" type="cond" truecount="2" falsecount="0"/>
        <line num="166" count="6" type="stmt"/>
        <line num="167" count="6" type="stmt"/>
        <line num="168" count="6" type="stmt"/>
        <line num="179" count="6" type="cond" truecount="3" falsecount="1"/>
        <line num="180" count="0" type="stmt"/>
        <line num="186" count="5" type="cond" truecount="3" falsecount="1"/>
        <line num="187" count="0" type="stmt"/>
        <line num="193" count="5" type="cond" truecount="2" falsecount="0"/>
        <line num="194" count="2" type="stmt"/>
        <line num="204" count="2" type="cond" truecount="2" falsecount="0"/>
        <line num="205" count="1" type="stmt"/>
        <line num="212" count="4" type="cond" truecount="2" falsecount="0"/>
        <line num="213" count="1" type="stmt"/>
        <line num="218" count="1" type="cond" truecount="2" falsecount="0"/>
        <line num="220" count="1" type="cond" truecount="1" falsecount="1"/>
        <line num="221" count="1" type="stmt"/>
        <line num="230" count="3" type="stmt"/>
        <line num="231" count="4" type="stmt"/>
        <line num="232" count="4" type="stmt"/>
        <line num="236" count="4" type="cond" truecount="1" falsecount="1"/>
        <line num="238" count="4" type="stmt"/>
        <line num="246" count="3" type="cond" truecount="2" falsecount="0"/>
        <line num="247" count="1" type="stmt"/>
        <line num="248" count="1" type="stmt"/>
        <line num="252" count="3" type="cond" truecount="1" falsecount="1"/>
        <line num="253" count="0" type="stmt"/>
        <line num="254" count="0" type="stmt"/>
        <line num="258" count="3" type="stmt"/>
        <line num="259" count="3" type="stmt"/>
        <line num="261" count="1" type="cond" truecount="3" falsecount="1"/>
        <line num="262" count="1" type="stmt"/>
        <line num="265" count="0" type="stmt"/>
        <line num="269" count="4" type="cond" truecount="1" falsecount="1"/>
        <line num="270" count="0" type="stmt"/>
        <line num="276" count="3" type="cond" truecount="1" falsecount="1"/>
        <line num="283" count="6" type="cond" truecount="2" falsecount="0"/>
        <line num="284" count="1" type="stmt"/>
        <line num="293" count="3" type="stmt"/>
        <line num="298" count="0" type="stmt"/>
        <line num="299" count="0" type="stmt"/>
      </file>
    </package>
    <package name="Ing-pass.app.api.tasks.[id]">
      <metrics statements="103" coveredstatements="44" conditionals="80" coveredconditionals="31" methods="14" coveredmethods="10"/>
      <file name="route.ts" path="C:\Users\mathi\Ing-pass\app\api\tasks\[id]\route.ts">
        <metrics statements="103" coveredstatements="44" conditionals="80" coveredconditionals="31" methods="14" coveredmethods="10"/>
        <line num="15" count="2" type="stmt"/>
        <line num="16" count="1" type="cond" truecount="1" falsecount="1"/>
        <line num="17" count="1" type="stmt"/>
        <line num="18" count="1" type="stmt"/>
        <line num="19" count="2" type="stmt"/>
        <line num="29" count="0" type="stmt"/>
        <line num="34" count="5" type="cond" truecount="2" falsecount="0"/>
        <line num="38" count="1" type="stmt"/>
        <line num="45" count="0" type="stmt"/>
        <line num="46" count="0" type="cond" truecount="0" falsecount="2"/>
        <line num="48" count="0" type="stmt"/>
        <line num="49" count="0" type="stmt"/>
        <line num="50" count="0" type="stmt"/>
        <line num="51" count="0" type="cond" truecount="0" falsecount="2"/>
        <line num="53" count="0" type="stmt"/>
        <line num="55" count="0" type="cond" truecount="0" falsecount="2"/>
        <line num="56" count="0" type="stmt"/>
        <line num="62" count="0" type="stmt"/>
        <line num="67" count="0" type="stmt"/>
        <line num="72" count="0" type="stmt"/>
        <line num="77" count="0" type="stmt"/>
        <line num="82" count="0" type="stmt"/>
        <line num="88" count="0" type="stmt"/>
        <line num="90" count="0" type="stmt"/>
        <line num="97" count="0" type="stmt"/>
        <line num="98" count="0" type="stmt"/>
        <line num="109" count="2" type="stmt"/>
        <line num="110" count="2" type="cond" truecount="1" falsecount="1"/>
        <line num="112" count="2" type="stmt"/>
        <line num="113" count="2" type="stmt"/>
        <line num="114" count="2" type="stmt"/>
        <line num="115" count="2" type="cond" truecount="1" falsecount="1"/>
        <line num="117" count="2" type="stmt"/>
        <line num="119" count="2" type="cond" truecount="4" falsecount="0"/>
        <line num="120" count="1" type="stmt"/>
        <line num="126" count="1" type="cond" truecount="1" falsecount="1"/>
        <line num="130" count="2" type="stmt"/>
        <line num="131" count="2" type="cond" truecount="2" falsecount="0"/>
        <line num="132" count="1" type="cond" truecount="1" falsecount="1"/>
        <line num="133" count="1" type="cond" truecount="1" falsecount="1"/>
        <line num="134" count="1" type="cond" truecount="1" falsecount="1"/>
        <line num="135" count="1" type="cond" truecount="1" falsecount="3"/>
        <line num="136" count="1" type="cond" truecount="1" falsecount="1"/>
        <line num="138" count="1" type="cond" truecount="2" falsecount="2"/>
        <line num="139" count="0" type="stmt"/>
        <line num="146" count="1" type="stmt"/>
        <line num="147" count="1" type="cond" truecount="1" falsecount="1"/>
        <line num="148" count="1" type="stmt"/>
        <line num="152" count="1" type="stmt"/>
        <line num="157" count="1" type="cond" truecount="1" falsecount="1"/>
        <line num="158" count="1" type="cond" truecount="1" falsecount="1"/>
        <line num="159" count="1" type="cond" truecount="1" falsecount="1"/>
        <line num="160" count="1" type="stmt"/>
        <line num="168" count="2" type="stmt"/>
        <line num="172" count="1" type="cond" truecount="1" falsecount="1"/>
        <line num="173" count="0" type="stmt"/>
        <line num="175" count="1" type="stmt"/>
        <line num="178" count="0" type="stmt"/>
        <line num="187" count="0" type="cond" truecount="0" falsecount="2"/>
        <line num="188" count="0" type="stmt"/>
        <line num="190" count="0" type="stmt"/>
        <line num="193" count="0" type="cond" truecount="0" falsecount="2"/>
        <line num="194" count="0" type="stmt"/>
        <line num="198" count="0" type="stmt"/>
        <line num="202" count="0" type="cond" truecount="0" falsecount="2"/>
        <line num="203" count="0" type="stmt"/>
        <line num="205" count="0" type="stmt"/>
        <line num="208" count="0" type="stmt"/>
        <line num="213" count="0" type="cond" truecount="0" falsecount="2"/>
        <line num="214" count="0" type="stmt"/>
        <line num="216" count="0" type="stmt"/>
        <line num="219" count="0" type="cond" truecount="0" falsecount="2"/>
        <line num="220" count="0" type="stmt"/>
        <line num="226" count="0" type="cond" truecount="0" falsecount="2"/>
        <line num="227" count="0" type="stmt"/>
        <line num="229" count="0" type="stmt"/>
        <line num="232" count="0" type="stmt"/>
        <line num="234" count="0" type="cond" truecount="0" falsecount="2"/>
        <line num="235" count="0" type="stmt"/>
        <line num="237" count="0" type="stmt"/>
        <line num="241" count="1" type="cond" truecount="1" falsecount="1"/>
        <line num="248" count="2" type="cond" truecount="1" falsecount="1"/>
        <line num="249" count="0" type="stmt"/>
        <line num="256" count="1" type="cond" truecount="3" falsecount="1"/>
        <line num="257" count="1" type="stmt"/>
        <line num="258" count="2" type="stmt"/>
        <line num="259" count="1" type="cond" truecount="1" falsecount="1"/>
        <line num="260" count="1" type="stmt"/>
        <line num="270" count="1" type="stmt"/>
        <line num="272" count="0" type="stmt"/>
        <line num="273" count="0" type="stmt"/>
        <line num="284" count="0" type="stmt"/>
        <line num="285" count="0" type="cond" truecount="0" falsecount="2"/>
        <line num="287" count="0" type="stmt"/>
        <line num="288" count="0" type="stmt"/>
        <line num="289" count="0" type="stmt"/>
        <line num="290" count="0" type="cond" truecount="0" falsecount="2"/>
        <line num="292" count="0" type="stmt"/>
        <line num="297" count="0" type="cond" truecount="0" falsecount="2"/>
        <line num="298" count="0" type="stmt"/>
        <line num="304" count="0" type="stmt"/>
        <line num="306" count="0" type="stmt"/>
        <line num="307" count="0" type="stmt"/>
      </file>
    </package>
    <package name="Ing-pass.app.api.tasks.[id].chat">
      <metrics statements="45" coveredstatements="26" conditionals="36" coveredconditionals="16" methods="5" coveredmethods="3"/>
      <file name="route.ts" path="C:\Users\mathi\Ing-pass\app\api\tasks\[id]\chat\route.ts">
        <metrics statements="45" coveredstatements="26" conditionals="36" coveredconditionals="16" methods="5" coveredmethods="3"/>
        <line num="26" count="1" type="stmt"/>
        <line num="29" count="1" type="cond" truecount="1" falsecount="1"/>
        <line num="30" count="0" type="stmt"/>
        <line num="36" count="1" type="cond" truecount="1" falsecount="1"/>
        <line num="37" count="1" type="stmt"/>
        <line num="43" count="0" type="cond" truecount="0" falsecount="2"/>
        <line num="44" count="0" type="stmt"/>
        <line num="47" count="0" type="stmt"/>
        <line num="48" count="0" type="stmt"/>
        <line num="58" count="0" type="cond" truecount="0" falsecount="2"/>
        <line num="60" count="0" type="stmt"/>
        <line num="61" count="0" type="stmt"/>
        <line num="68" count="0" type="cond" truecount="0" falsecount="2"/>
        <line num="70" count="0" type="stmt"/>
        <line num="72" count="0" type="cond" truecount="0" falsecount="2"/>
        <line num="74" count="0" type="stmt"/>
        <line num="75" count="0" type="stmt"/>
        <line num="85" count="0" type="stmt"/>
        <line num="93" count="2" type="stmt"/>
        <line num="94" count="2" type="cond" truecount="1" falsecount="1"/>
        <line num="96" count="2" type="stmt"/>
        <line num="97" count="2" type="stmt"/>
        <line num="98" count="2" type="stmt"/>
        <line num="100" count="2" type="cond" truecount="1" falsecount="1"/>
        <line num="101" count="2" type="cond" truecount="4" falsecount="0"/>
        <line num="102" count="1" type="stmt"/>
        <line num="105" count="1" type="stmt"/>
        <line num="106" count="1" type="stmt"/>
        <line num="111" count="2" type="stmt"/>
        <line num="118" count="1" type="stmt"/>
        <line num="120" count="0" type="stmt"/>
        <line num="128" count="1" type="stmt"/>
        <line num="129" count="1" type="cond" truecount="1" falsecount="1"/>
        <line num="131" count="1" type="stmt"/>
        <line num="132" count="1" type="stmt"/>
        <line num="133" count="1" type="stmt"/>
        <line num="135" count="1" type="cond" truecount="1" falsecount="1"/>
        <line num="136" count="1" type="cond" truecount="3" falsecount="1"/>
        <line num="137" count="0" type="stmt"/>
        <line num="140" count="1" type="stmt"/>
        <line num="141" count="1" type="stmt"/>
        <line num="150" count="0" type="cond" truecount="0" falsecount="2"/>
        <line num="151" count="0" type="stmt"/>
        <line num="160" count="0" type="stmt"/>
        <line num="162" count="1" type="stmt"/>
      </file>
    </package>
    <package name="Ing-pass.app.api.tasks.[id].chat.attachments">
      <metrics statements="20" coveredstatements="16" conditionals="14" coveredconditionals="9" methods="1" coveredmethods="1"/>
      <file name="route.ts" path="C:\Users\mathi\Ing-pass\app\api\tasks\[id]\chat\attachments\route.ts">
        <metrics statements="20" coveredstatements="16" conditionals="14" coveredconditionals="9" methods="1" coveredmethods="1"/>
        <line num="11" count="1" type="stmt"/>
        <line num="17" count="3" type="stmt"/>
        <line num="18" count="3" type="cond" truecount="1" falsecount="1"/>
        <line num="20" count="3" type="stmt"/>
        <line num="21" count="3" type="stmt"/>
        <line num="22" count="3" type="stmt"/>
        <line num="24" count="3" type="cond" truecount="1" falsecount="1"/>
        <line num="25" count="3" type="cond" truecount="4" falsecount="0"/>
        <line num="26" count="1" type="stmt"/>
        <line num="29" count="2" type="stmt"/>
        <line num="30" count="2" type="stmt"/>
        <line num="31" count="2" type="stmt"/>
        <line num="33" count="2" type="cond" truecount="2" falsecount="0"/>
        <line num="34" count="1" type="stmt"/>
        <line num="40" count="1" type="stmt"/>
        <line num="48" count="1" type="stmt"/>
        <line num="50" count="0" type="cond" truecount="0" falsecount="2"/>
        <line num="51" count="0" type="stmt"/>
        <line num="57" count="0" type="stmt"/>
        <line num="58" count="0" type="stmt"/>
      </file>
    </package>
    <package name="Ing-pass.app.api.tasks.[id].chat.attachments.[attachmentId]">
      <metrics statements="35" coveredstatements="29" conditionals="28" coveredconditionals="22" methods="3" coveredmethods="3"/>
      <file name="route.ts" path="C:\Users\mathi\Ing-pass\app\api\tasks\[id]\chat\attachments\[attachmentId]\route.ts">
        <metrics statements="35" coveredstatements="29" conditionals="28" coveredconditionals="22" methods="3" coveredmethods="3"/>
        <line num="13" count="1" type="stmt"/>
        <line num="20" count="3" type="stmt"/>
        <line num="22" count="3" type="cond" truecount="4" falsecount="0"/>
        <line num="23" count="1" type="stmt"/>
        <line num="26" count="2" type="cond" truecount="4" falsecount="0"/>
        <line num="27" count="1" type="stmt"/>
        <line num="30" count="1" type="stmt"/>
        <line num="37" count="3" type="stmt"/>
        <line num="38" count="3" type="cond" truecount="1" falsecount="1"/>
        <line num="40" count="3" type="stmt"/>
        <line num="41" count="3" type="stmt"/>
        <line num="42" count="3" type="stmt"/>
        <line num="44" count="3" type="cond" truecount="1" falsecount="1"/>
        <line num="45" count="3" type="cond" truecount="3" falsecount="1"/>
        <line num="46" count="0" type="stmt"/>
        <line num="49" count="3" type="stmt"/>
        <line num="51" count="3" type="cond" truecount="2" falsecount="0"/>
        <line num="52" count="2" type="stmt"/>
        <line num="55" count="1" type="stmt"/>
        <line num="65" count="0" type="stmt"/>
        <line num="66" count="0" type="stmt"/>
        <line num="74" count="2" type="stmt"/>
        <line num="75" count="2" type="cond" truecount="1" falsecount="1"/>
        <line num="77" count="2" type="stmt"/>
        <line num="78" count="2" type="stmt"/>
        <line num="79" count="2" type="stmt"/>
        <line num="81" count="2" type="cond" truecount="1" falsecount="1"/>
        <line num="82" count="2" type="cond" truecount="3" falsecount="1"/>
        <line num="83" count="0" type="stmt"/>
        <line num="86" count="2" type="stmt"/>
        <line num="92" count="2" type="cond" truecount="2" falsecount="0"/>
        <line num="93" count="1" type="stmt"/>
        <line num="96" count="1" type="stmt"/>
        <line num="98" count="0" type="stmt"/>
        <line num="99" count="0" type="stmt"/>
      </file>
    </package>
    <package name="Ing-pass.app.api.tasks.[id].chat.read">
      <metrics statements="21" coveredstatements="12" conditionals="16" coveredconditionals="6" methods="2" coveredmethods="1"/>
      <file name="route.ts" path="C:\Users\mathi\Ing-pass\app\api\tasks\[id]\chat\read\route.ts">
        <metrics statements="21" coveredstatements="12" conditionals="16" coveredconditionals="6" methods="2" coveredmethods="1"/>
        <line num="16" count="1" type="stmt"/>
        <line num="19" count="0" type="cond" truecount="0" falsecount="2"/>
        <line num="20" count="0" type="stmt"/>
        <line num="26" count="0" type="cond" truecount="0" falsecount="2"/>
        <line num="27" count="0" type="stmt"/>
        <line num="33" count="0" type="cond" truecount="0" falsecount="2"/>
        <line num="34" count="0" type="stmt"/>
        <line num="37" count="0" type="stmt"/>
        <line num="38" count="0" type="stmt"/>
        <line num="45" count="2" type="stmt"/>
        <line num="46" count="2" type="cond" truecount="1" falsecount="1"/>
        <line num="48" count="2" type="stmt"/>
        <line num="49" count="2" type="stmt"/>
        <line num="50" count="2" type="stmt"/>
        <line num="52" count="2" type="cond" truecount="1" falsecount="1"/>
        <line num="53" count="2" type="cond" truecount="4" falsecount="0"/>
        <line num="54" count="1" type="stmt"/>
        <line num="57" count="1" type="stmt"/>
        <line num="58" count="1" type="stmt"/>
        <line num="64" count="1" type="stmt"/>
        <line num="66" count="0" type="stmt"/>
      </file>
    </package>
    <package name="Ing-pass.app.api.tasks.[id].comments">
      <metrics statements="29" coveredstatements="15" conditionals="18" coveredconditionals="8" methods="2" coveredmethods="1"/>
      <file name="route.ts" path="C:\Users\mathi\Ing-pass\app\api\tasks\[id]\comments\route.ts">
        <metrics statements="29" coveredstatements="15" conditionals="18" coveredconditionals="8" methods="2" coveredmethods="1"/>
        <line num="14" count="0" type="stmt"/>
        <line num="15" count="0" type="cond" truecount="0" falsecount="2"/>
        <line num="17" count="0" type="stmt"/>
        <line num="18" count="0" type="stmt"/>
        <line num="19" count="0" type="stmt"/>
        <line num="20" count="0" type="cond" truecount="0" falsecount="2"/>
        <line num="22" count="0" type="stmt"/>
        <line num="29" count="0" type="stmt"/>
        <line num="31" count="0" type="stmt"/>
        <line num="32" count="0" type="stmt"/>
        <line num="43" count="1" type="stmt"/>
        <line num="44" count="1" type="cond" truecount="1" falsecount="1"/>
        <line num="46" count="1" type="stmt"/>
        <line num="47" count="1" type="stmt"/>
        <line num="48" count="1" type="stmt"/>
        <line num="49" count="1" type="cond" truecount="1" falsecount="1"/>
        <line num="51" count="1" type="stmt"/>
        <line num="52" count="1" type="stmt"/>
        <line num="54" count="1" type="cond" truecount="1" falsecount="1"/>
        <line num="55" count="0" type="stmt"/>
        <line num="61" count="1" type="stmt"/>
        <line num="62" count="1" type="cond" truecount="1" falsecount="1"/>
        <line num="63" count="0" type="stmt"/>
        <line num="66" count="1" type="stmt"/>
        <line num="67" count="1" type="cond" truecount="1" falsecount="1"/>
        <line num="69" count="1" type="stmt"/>
        <line num="81" count="1" type="stmt"/>
        <line num="83" count="0" type="stmt"/>
        <line num="84" count="0" type="stmt"/>
      </file>
    </package>
    <package name="Ing-pass.app.api.tasks.[id].tags">
      <metrics statements="32" coveredstatements="18" conditionals="22" coveredconditionals="10" methods="5" coveredmethods="4"/>
      <file name="route.ts" path="C:\Users\mathi\Ing-pass\app\api\tasks\[id]\tags\route.ts">
        <metrics statements="32" coveredstatements="18" conditionals="22" coveredconditionals="10" methods="5" coveredmethods="4"/>
        <line num="12" count="0" type="stmt"/>
        <line num="13" count="0" type="cond" truecount="0" falsecount="2"/>
        <line num="15" count="0" type="stmt"/>
        <line num="16" count="0" type="stmt"/>
        <line num="17" count="0" type="stmt"/>
        <line num="18" count="0" type="cond" truecount="0" falsecount="2"/>
        <line num="20" count="0" type="stmt"/>
        <line num="26" count="0" type="stmt"/>
        <line num="28" count="0" type="stmt"/>
        <line num="29" count="0" type="stmt"/>
        <line num="42" count="2" type="stmt"/>
        <line num="43" count="2" type="cond" truecount="1" falsecount="1"/>
        <line num="45" count="2" type="stmt"/>
        <line num="46" count="2" type="stmt"/>
        <line num="47" count="2" type="stmt"/>
        <line num="48" count="2" type="cond" truecount="1" falsecount="1"/>
        <line num="50" count="2" type="stmt"/>
        <line num="51" count="2" type="cond" truecount="1" falsecount="3"/>
        <line num="53" count="2" type="cond" truecount="3" falsecount="1"/>
        <line num="54" count="0" type="stmt"/>
        <line num="57" count="2" type="cond" truecount="1" falsecount="1"/>
        <line num="58" count="2" type="stmt"/>
        <line num="63" count="2" type="stmt"/>
        <line num="65" count="2" type="cond" truecount="2" falsecount="0"/>
        <line num="66" count="1" type="stmt"/>
        <line num="73" count="1" type="cond" truecount="1" falsecount="1"/>
        <line num="74" count="1" type="stmt"/>
        <line num="76" count="1" type="stmt"/>
        <line num="79" count="0" type="stmt"/>
        <line num="84" count="1" type="stmt"/>
        <line num="86" count="0" type="stmt"/>
        <line num="87" count="0" type="stmt"/>
      </file>
    </package>
    <package name="Ing-pass.app.api.time-entries.[id]">
      <metrics statements="44" coveredstatements="34" conditionals="48" coveredconditionals="32" methods="3" coveredmethods="3"/>
      <file name="route.ts" path="C:\Users\mathi\Ing-pass\app\api\time-entries\[id]\route.ts">
        <metrics statements="44" coveredstatements="34" conditionals="48" coveredconditionals="32" methods="3" coveredmethods="3"/>
        <line num="11" count="3" type="stmt"/>
        <line num="12" count="3" type="cond" truecount="1" falsecount="1"/>
        <line num="14" count="3" type="stmt"/>
        <line num="15" count="3" type="cond" truecount="2" falsecount="0"/>
        <line num="16" count="1" type="stmt"/>
        <line num="22" count="2" type="stmt"/>
        <line num="23" count="2" type="stmt"/>
        <line num="28" count="2" type="cond" truecount="1" falsecount="1"/>
        <line num="29" count="0" type="stmt"/>
        <line num="35" count="2" type="cond" truecount="4" falsecount="0"/>
        <line num="36" count="1" type="stmt"/>
        <line num="42" count="1" type="stmt"/>
        <line num="44" count="0" type="stmt"/>
        <line num="45" count="0" type="stmt"/>
        <line num="56" count="4" type="stmt"/>
        <line num="57" count="4" type="cond" truecount="1" falsecount="1"/>
        <line num="59" count="4" type="stmt"/>
        <line num="60" count="4" type="cond" truecount="2" falsecount="0"/>
        <line num="61" count="1" type="stmt"/>
        <line num="67" count="3" type="stmt"/>
        <line num="68" count="3" type="stmt"/>
        <line num="70" count="3" type="stmt"/>
        <line num="75" count="3" type="cond" truecount="1" falsecount="1"/>
        <line num="76" count="0" type="stmt"/>
        <line num="82" count="3" type="cond" truecount="4" falsecount="0"/>
        <line num="83" count="1" type="stmt"/>
        <line num="89" count="2" type="cond" truecount="1" falsecount="1"/>
        <line num="90" count="0" type="stmt"/>
        <line num="96" count="2" type="stmt"/>
        <line num="113" count="2" type="stmt"/>
        <line num="115" count="0" type="stmt"/>
        <line num="116" count="0" type="stmt"/>
        <line num="127" count="2" type="stmt"/>
        <line num="128" count="2" type="cond" truecount="1" falsecount="1"/>
        <line num="130" count="2" type="stmt"/>
        <line num="131" count="2" type="cond" truecount="2" falsecount="0"/>
        <line num="133" count="1" type="stmt"/>
        <line num="134" count="1" type="stmt"/>
        <line num="135" count="1" type="stmt"/>
        <line num="140" count="1" type="cond" truecount="1" falsecount="1"/>
        <line num="141" count="0" type="stmt"/>
        <line num="147" count="1" type="stmt"/>
        <line num="149" count="0" type="stmt"/>
        <line num="150" count="0" type="stmt"/>
      </file>
    </package>
    <package name="Ing-pass.db">
      <metrics statements="155" coveredstatements="74" conditionals="4" coveredconditionals="0" methods="105" coveredmethods="0"/>
      <file name="index.ts" path="C:\Users\mathi\Ing-pass\db\index.ts">
        <metrics statements="11" coveredstatements="2" conditionals="4" coveredconditionals="0" methods="3" coveredmethods="0"/>
        <line num="6" count="4" type="stmt"/>
        <line num="7" count="0" type="stmt"/>
        <line num="8" count="0" type="stmt"/>
        <line num="10" count="0" type="stmt"/>
        <line num="18" count="0" type="cond" truecount="0" falsecount="2"/>
        <line num="19" count="0" type="stmt"/>
        <line num="22" count="0" type="stmt"/>
        <line num="25" count="4" type="stmt"/>
        <line num="27" count="0" type="stmt"/>
        <line num="28" count="0" type="stmt"/>
        <line num="30" count="0" type="cond" truecount="0" falsecount="2"/>
      </file>
      <file name="schema.ts" path="C:\Users\mathi\Ing-pass\db\schema.ts">
        <metrics statements="144" coveredstatements="72" conditionals="0" coveredconditionals="0" methods="102" coveredmethods="0"/>
        <line num="39" count="18" type="stmt"/>
        <line num="45" count="18" type="stmt"/>
        <line num="54" count="18" type="stmt"/>
        <line num="64" count="18" type="stmt"/>
        <line num="71" count="18" type="stmt"/>
        <line num="73" count="18" type="stmt"/>
        <line num="78" count="18" type="stmt"/>
        <line num="83" count="18" type="stmt"/>
        <line num="92" count="18" type="stmt"/>
        <line num="101" count="0" type="stmt"/>
        <line num="116" count="18" type="stmt"/>
        <line num="125" count="0" type="stmt"/>
        <line num="131" count="0" type="stmt"/>
        <line num="133" count="0" type="stmt"/>
        <line num="136" count="18" type="stmt"/>
        <line num="144" count="0" type="stmt"/>
        <line num="155" count="0" type="stmt"/>
        <line num="158" count="0" type="stmt"/>
        <line num="161" count="18" type="stmt"/>
        <line num="171" count="0" type="stmt"/>
        <line num="174" count="0" type="stmt"/>
        <line num="181" count="18" type="stmt"/>
        <line num="190" count="18" type="stmt"/>
        <line num="196" count="0" type="stmt"/>
        <line num="199" count="0" type="stmt"/>
        <line num="208" count="18" type="stmt"/>
        <line num="213" count="0" type="stmt"/>
        <line num="216" count="0" type="stmt"/>
        <line num="218" count="0" type="stmt"/>
        <line num="221" count="18" type="stmt"/>
        <line num="225" count="0" type="stmt"/>
        <line num="230" count="18" type="stmt"/>
        <line num="234" count="0" type="stmt"/>
        <line num="239" count="0" type="stmt"/>
        <line num="243" count="18" type="stmt"/>
        <line num="254" count="0" type="stmt"/>
        <line num="257" count="0" type="stmt"/>
        <line num="262" count="0" type="stmt"/>
        <line num="270" count="18" type="stmt"/>
        <line num="275" count="0" type="stmt"/>
        <line num="278" count="0" type="stmt"/>
        <line num="280" count="0" type="stmt"/>
        <line num="283" count="18" type="stmt"/>
        <line num="287" count="0" type="stmt"/>
        <line num="295" count="0" type="stmt"/>
        <line num="299" count="18" type="stmt"/>
        <line num="305" count="0" type="stmt"/>
        <line num="313" count="18" type="stmt"/>
        <line num="320" count="0" type="stmt"/>
        <line num="322" count="0" type="stmt"/>
        <line num="323" count="0" type="stmt"/>
        <line num="326" count="18" type="stmt"/>
        <line num="332" count="0" type="stmt"/>
        <line num="333" count="0" type="stmt"/>
        <line num="337" count="0" type="stmt"/>
        <line num="340" count="0" type="stmt"/>
        <line num="346" count="18" type="stmt"/>
        <line num="352" count="0" type="stmt"/>
        <line num="353" count="0" type="stmt"/>
        <line num="359" count="0" type="stmt"/>
        <line num="372" count="18" type="stmt"/>
        <line num="377" count="0" type="stmt"/>
        <line num="380" count="0" type="stmt"/>
        <line num="385" count="0" type="stmt"/>
        <line num="394" count="18" type="stmt"/>
        <line num="400" count="0" type="stmt"/>
        <line num="401" count="0" type="stmt"/>
        <line num="404" count="0" type="stmt"/>
        <line num="407" count="0" type="stmt"/>
        <line num="413" count="0" type="stmt"/>
        <line num="428" count="18" type="stmt"/>
        <line num="432" count="0" type="stmt"/>
        <line num="435" count="0" type="stmt"/>
        <line num="438" count="0" type="stmt"/>
        <line num="453" count="18" type="stmt"/>
        <line num="458" count="0" type="stmt"/>
        <line num="465" count="0" type="stmt"/>
        <line num="469" count="18" type="stmt"/>
        <line num="473" count="0" type="stmt"/>
        <line num="476" count="0" type="stmt"/>
        <line num="480" count="18" type="stmt"/>
        <line num="485" count="0" type="stmt"/>
        <line num="488" count="0" type="stmt"/>
        <line num="490" count="0" type="stmt"/>
        <line num="493" count="18" type="stmt"/>
        <line num="497" count="0" type="stmt"/>
        <line num="500" count="0" type="stmt"/>
        <line num="508" count="18" type="stmt"/>
        <line num="516" count="18" type="stmt"/>
        <line num="522" count="0" type="stmt"/>
        <line num="528" count="0" type="stmt"/>
        <line num="532" count="0" type="stmt"/>
        <line num="537" count="18" type="stmt"/>
        <line num="545" count="0" type="stmt"/>
        <line num="555" count="18" type="stmt"/>
        <line num="563" count="18" type="stmt"/>
        <line num="571" count="0" type="stmt"/>
        <line num="574" count="18" type="stmt"/>
        <line num="579" count="0" type="stmt"/>
        <line num="582" count="0" type="stmt"/>
        <line num="584" count="0" type="stmt"/>
        <line num="587" count="18" type="stmt"/>
        <line num="592" count="0" type="stmt"/>
        <line num="595" count="0" type="stmt"/>
        <line num="597" count="0" type="stmt"/>
        <line num="604" count="18" type="stmt"/>
        <line num="620" count="18" type="stmt"/>
        <line num="627" count="18" type="stmt"/>
        <line num="634" count="18" type="stmt"/>
        <line num="641" count="18" type="stmt"/>
        <line num="645" count="18" type="stmt"/>
        <line num="661" count="18" type="stmt"/>
        <line num="672" count="18" type="stmt"/>
        <line num="679" count="18" type="stmt"/>
        <line num="690" count="18" type="stmt"/>
        <line num="707" count="18" type="stmt"/>
        <line num="718" count="18" type="stmt"/>
        <line num="729" count="18" type="stmt"/>
        <line num="736" count="18" type="stmt"/>
        <line num="752" count="18" type="stmt"/>
        <line num="766" count="18" type="stmt"/>
        <line num="778" count="18" type="stmt"/>
        <line num="789" count="18" type="stmt"/>
        <line num="808" count="18" type="stmt"/>
        <line num="823" count="18" type="stmt"/>
        <line num="829" count="18" type="stmt"/>
        <line num="834" count="18" type="stmt"/>
        <line num="839" count="18" type="stmt"/>
        <line num="844" count="18" type="stmt"/>
        <line num="848" count="18" type="stmt"/>
        <line num="859" count="18" type="stmt"/>
        <line num="870" count="18" type="stmt"/>
        <line num="877" count="18" type="stmt"/>
        <line num="889" count="18" type="stmt"/>
        <line num="895" count="18" type="stmt"/>
        <line num="900" count="18" type="stmt"/>
        <line num="904" count="0" type="stmt"/>
        <line num="908" count="0" type="stmt"/>
        <line num="915" count="18" type="stmt"/>
        <line num="919" count="0" type="stmt"/>
        <line num="923" count="0" type="stmt"/>
        <line num="924" count="0" type="stmt"/>
        <line num="932" count="18" type="stmt"/>
        <line num="947" count="18" type="stmt"/>
      </file>
    </package>
    <package name="Ing-pass.lib">
      <metrics statements="476" coveredstatements="309" conditionals="313" coveredconditionals="183" methods="99" coveredmethods="57"/>
      <file name="api-auth.ts" path="C:\Users\mathi\Ing-pass\lib\api-auth.ts">
        <metrics statements="12" coveredstatements="3" conditionals="6" coveredconditionals="2" methods="2" coveredmethods="1"/>
        <line num="18" count="0" type="stmt"/>
        <line num="19" count="0" type="stmt"/>
        <line num="23" count="0" type="cond" truecount="0" falsecount="2"/>
        <line num="24" count="0" type="stmt"/>
        <line num="30" count="0" type="stmt"/>
        <line num="32" count="0" type="cond" truecount="0" falsecount="2"/>
        <line num="33" count="0" type="stmt"/>
        <line num="39" count="0" type="stmt"/>
        <line num="41" count="0" type="stmt"/>
        <line num="49" count="4" type="cond" truecount="2" falsecount="0"/>
        <line num="50" count="2" type="stmt"/>
        <line num="55" count="2" type="stmt"/>
      </file>
      <file name="auth.ts" path="C:\Users\mathi\Ing-pass\lib\auth.ts">
        <metrics statements="32" coveredstatements="23" conditionals="22" coveredconditionals="15" methods="7" coveredmethods="4"/>
        <line num="10" count="8" type="stmt"/>
        <line num="12" count="8" type="cond" truecount="1" falsecount="1"/>
        <line num="13" count="0" type="stmt"/>
        <line num="16" count="8" type="cond" truecount="2" falsecount="0"/>
        <line num="18" count="8" type="stmt"/>
        <line num="19" count="8" type="stmt"/>
        <line num="21" count="2" type="stmt"/>
        <line num="26" count="4" type="stmt"/>
        <line num="27" count="4" type="stmt"/>
        <line num="29" count="4" type="stmt"/>
        <line num="31" count="4" type="cond" truecount="2" falsecount="0"/>
        <line num="32" count="2" type="stmt"/>
        <line num="34" count="2" type="cond" truecount="1" falsecount="1"/>
        <line num="35" count="2" type="stmt"/>
        <line num="39" count="4" type="cond" truecount="2" falsecount="0"/>
        <line num="40" count="6" type="stmt"/>
        <line num="42" count="6" type="cond" truecount="2" falsecount="0"/>
        <line num="43" count="4" type="stmt"/>
        <line num="47" count="4" type="stmt"/>
        <line num="51" count="2" type="stmt"/>
        <line num="52" count="4" type="cond" truecount="3" falsecount="1"/>
        <line num="56" count="4" type="stmt"/>
        <line num="60" count="2" type="stmt"/>
        <line num="61" count="0" type="stmt"/>
        <line num="63" count="0" type="stmt"/>
        <line num="125" count="0" type="cond" truecount="0" falsecount="2"/>
        <line num="126" count="0" type="stmt"/>
        <line num="129" count="0" type="stmt"/>
        <line num="132" count="2" type="stmt"/>
        <line num="134" count="0" type="stmt"/>
        <line num="135" count="0" type="stmt"/>
        <line num="137" count="0" type="cond" truecount="0" falsecount="2"/>
      </file>
      <file name="env.ts" path="C:\Users\mathi\Ing-pass\lib\env.ts">
        <metrics statements="11" coveredstatements="11" conditionals="9" coveredconditionals="8" methods="2" coveredmethods="2"/>
        <line num="3" count="6" type="stmt"/>
        <line num="15" count="6" type="cond" truecount="4" falsecount="0"/>
        <line num="16" count="2" type="stmt"/>
        <line num="19" count="4" type="stmt"/>
        <line num="26" count="4" type="cond" truecount="2" falsecount="0"/>
        <line num="27" count="1" type="stmt"/>
        <line num="28" count="1" type="stmt"/>
        <line num="31" count="1" type="stmt"/>
        <line num="34" count="3" type="cond" truecount="1" falsecount="1"/>
        <line num="35" count="3" type="stmt"/>
        <line num="38" count="3" type="stmt"/>
      </file>
      <file name="message-access.ts" path="C:\Users\mathi\Ing-pass\lib\message-access.ts">
        <metrics statements="59" coveredstatements="31" conditionals="49" coveredconditionals="22" methods="7" coveredmethods="5"/>
        <line num="42" count="2" type="stmt"/>
        <line num="46" count="0" type="stmt"/>
        <line num="55" count="2" type="stmt"/>
        <line num="65" count="2" type="cond" truecount="1" falsecount="1"/>
        <line num="66" count="0" type="stmt"/>
        <line num="72" count="2" type="stmt"/>
        <line num="74" count="2" type="cond" truecount="1" falsecount="1"/>
        <line num="75" count="0" type="stmt"/>
        <line num="78" count="2" type="cond" truecount="1" falsecount="1"/>
        <line num="79" count="0" type="cond" truecount="0" falsecount="2"/>
        <line num="80" count="0" type="stmt"/>
        <line num="83" count="0" type="stmt"/>
        <line num="89" count="2" type="cond" truecount="1" falsecount="1"/>
        <line num="90" count="2" type="cond" truecount="2" falsecount="0"/>
        <line num="91" count="1" type="stmt"/>
        <line num="94" count="1" type="stmt"/>
        <line num="100" count="0" type="cond" truecount="0" falsecount="2"/>
        <line num="101" count="0" type="stmt"/>
        <line num="106" count="0" type="cond" truecount="0" falsecount="2"/>
        <line num="107" count="0" type="stmt"/>
        <line num="110" count="0" type="stmt"/>
        <line num="116" count="0" type="stmt"/>
        <line num="126" count="2" type="stmt"/>
        <line num="138" count="2" type="cond" truecount="1" falsecount="1"/>
        <line num="139" count="0" type="stmt"/>
        <line num="145" count="2" type="stmt"/>
        <line num="147" count="2" type="cond" truecount="1" falsecount="1"/>
        <line num="148" count="0" type="stmt"/>
        <line num="151" count="2" type="cond" truecount="1" falsecount="1"/>
        <line num="152" count="0" type="cond" truecount="0" falsecount="2"/>
        <line num="153" count="0" type="stmt"/>
        <line num="156" count="0" type="stmt"/>
        <line num="162" count="2" type="cond" truecount="1" falsecount="1"/>
        <line num="163" count="0" type="cond" truecount="0" falsecount="2"/>
        <line num="164" count="0" type="stmt"/>
        <line num="167" count="0" type="stmt"/>
        <line num="173" count="2" type="cond" truecount="1" falsecount="1"/>
        <line num="174" count="2" type="stmt"/>
        <line num="192" count="2" type="cond" truecount="4" falsecount="0"/>
        <line num="193" count="1" type="stmt"/>
        <line num="196" count="1" type="stmt"/>
        <line num="202" count="0" type="stmt"/>
        <line num="213" count="2" type="stmt"/>
        <line num="224" count="2" type="cond" truecount="2" falsecount="0"/>
        <line num="225" count="1" type="cond" truecount="1" falsecount="1"/>
        <line num="226" count="1" type="stmt"/>
        <line num="233" count="0" type="stmt"/>
        <line num="240" count="1" type="stmt"/>
        <line num="244" count="1" type="cond" truecount="1" falsecount="1"/>
        <line num="245" count="0" type="stmt"/>
        <line num="248" count="1" type="cond" truecount="1" falsecount="1"/>
        <line num="249" count="0" type="cond" truecount="0" falsecount="2"/>
        <line num="250" count="0" type="stmt"/>
        <line num="253" count="0" type="stmt"/>
        <line num="260" count="1" type="cond" truecount="1" falsecount="1"/>
        <line num="261" count="1" type="cond" truecount="1" falsecount="1"/>
        <line num="262" count="1" type="stmt"/>
        <line num="265" count="0" type="stmt"/>
        <line num="272" count="0" type="stmt"/>
      </file>
      <file name="project-access.ts" path="C:\Users\mathi\Ing-pass\lib\project-access.ts">
        <metrics statements="22" coveredstatements="15" conditionals="17" coveredconditionals="10" methods="3" coveredmethods="2"/>
        <line num="25" count="2" type="stmt"/>
        <line num="29" count="0" type="stmt"/>
        <line num="36" count="4" type="stmt"/>
        <line num="46" count="4" type="cond" truecount="1" falsecount="1"/>
        <line num="47" count="0" type="stmt"/>
        <line num="53" count="4" type="stmt"/>
        <line num="55" count="4" type="cond" truecount="1" falsecount="1"/>
        <line num="56" count="0" type="stmt"/>
        <line num="59" count="4" type="cond" truecount="1" falsecount="1"/>
        <line num="60" count="0" type="cond" truecount="0" falsecount="2"/>
        <line num="61" count="0" type="stmt"/>
        <line num="64" count="0" type="stmt"/>
        <line num="70" count="4" type="cond" truecount="2" falsecount="0"/>
        <line num="71" count="2" type="cond" truecount="2" falsecount="0"/>
        <line num="72" count="1" type="stmt"/>
        <line num="75" count="1" type="stmt"/>
        <line num="81" count="2" type="cond" truecount="1" falsecount="1"/>
        <line num="82" count="2" type="stmt"/>
        <line num="92" count="2" type="cond" truecount="2" falsecount="0"/>
        <line num="93" count="1" type="stmt"/>
        <line num="96" count="1" type="stmt"/>
        <line num="102" count="0" type="stmt"/>
      </file>
      <file name="schemas.ts" path="C:\Users\mathi\Ing-pass\lib\schemas.ts">
        <metrics statements="26" coveredstatements="10" conditionals="12" coveredconditionals="3" methods="4" coveredmethods="1"/>
        <line num="5" count="0" type="stmt"/>
        <line num="6" count="0" type="cond" truecount="0" falsecount="2"/>
        <line num="8" count="0" type="stmt"/>
        <line num="9" count="0" type="stmt"/>
        <line num="11" count="0" type="stmt"/>
        <line num="12" count="0" type="stmt"/>
        <line num="14" count="0" type="stmt"/>
        <line num="15" count="0" type="stmt"/>
        <line num="16" count="0" type="cond" truecount="0" falsecount="2"/>
        <line num="19" count="0" type="stmt"/>
        <line num="21" count="0" type="cond" truecount="0" falsecount="4"/>
        <line num="23" count="0" type="stmt"/>
        <line num="27" count="5" type="stmt"/>
        <line num="50" count="5" type="stmt"/>
        <line num="70" count="5" type="stmt"/>
        <line num="80" count="5" type="stmt"/>
        <line num="104" count="2" type="cond" truecount="3" falsecount="1"/>
        <line num="105" count="2" type="stmt"/>
        <line num="116" count="5" type="stmt"/>
        <line num="132" count="5" type="stmt"/>
        <line num="148" count="5" type="stmt"/>
        <line num="156" count="5" type="stmt"/>
        <line num="170" count="0" type="stmt"/>
        <line num="172" count="0" type="stmt"/>
        <line num="173" count="0" type="stmt"/>
        <line num="174" count="0" type="stmt"/>
      </file>
      <file name="task-access.ts" path="C:\Users\mathi\Ing-pass\lib\task-access.ts">
        <metrics statements="16" coveredstatements="14" conditionals="12" coveredconditionals="10" methods="1" coveredmethods="1"/>
        <line num="28" count="5" type="stmt"/>
        <line num="38" count="5" type="cond" truecount="2" falsecount="0"/>
        <line num="39" count="1" type="stmt"/>
        <line num="45" count="4" type="stmt"/>
        <line num="47" count="4" type="cond" truecount="2" falsecount="0"/>
        <line num="48" count="1" type="stmt"/>
        <line num="51" count="3" type="cond" truecount="2" falsecount="0"/>
        <line num="52" count="2" type="cond" truecount="2" falsecount="0"/>
        <line num="53" count="1" type="stmt"/>
        <line num="56" count="1" type="stmt"/>
        <line num="62" count="1" type="cond" truecount="1" falsecount="1"/>
        <line num="63" count="1" type="stmt"/>
        <line num="73" count="1" type="cond" truecount="1" falsecount="1"/>
        <line num="74" count="0" type="stmt"/>
        <line num="77" count="1" type="stmt"/>
        <line num="83" count="0" type="stmt"/>
      </file>
      <file name="task-chat-access.ts" path="C:\Users\mathi\Ing-pass\lib\task-chat-access.ts">
        <metrics statements="23" coveredstatements="21" conditionals="17" coveredconditionals="15" methods="4" coveredmethods="3"/>
        <line num="45" count="0" type="stmt"/>
        <line num="49" count="4" type="stmt"/>
        <line num="57" count="1" type="stmt"/>
        <line num="64" count="8" type="stmt"/>
        <line num="74" count="8" type="cond" truecount="2" falsecount="0"/>
        <line num="75" count="1" type="stmt"/>
        <line num="78" count="7" type="stmt"/>
        <line num="80" count="7" type="cond" truecount="2" falsecount="0"/>
        <line num="81" count="1" type="stmt"/>
        <line num="91" count="6" type="cond" truecount="2" falsecount="0"/>
        <line num="92" count="2" type="cond" truecount="2" falsecount="0"/>
        <line num="93" count="1" type="stmt"/>
        <line num="103" count="1" type="stmt"/>
        <line num="106" count="4" type="cond" truecount="2" falsecount="0"/>
        <line num="107" count="3" type="stmt"/>
        <line num="123" count="3" type="cond" truecount="2" falsecount="0"/>
        <line num="124" count="1" type="stmt"/>
        <line num="134" count="2" type="cond" truecount="2" falsecount="0"/>
        <line num="135" count="1" type="stmt"/>
        <line num="145" count="1" type="stmt"/>
        <line num="148" count="1" type="cond" truecount="1" falsecount="1"/>
        <line num="149" count="1" type="stmt"/>
        <line num="152" count="0" type="stmt"/>
      </file>
      <file name="task-chat-mentionable.ts" path="C:\Users\mathi\Ing-pass\lib\task-chat-mentionable.ts">
        <metrics statements="17" coveredstatements="0" conditionals="6" coveredconditionals="0" methods="6" coveredmethods="0"/>
        <line num="12" count="0" type="stmt"/>
        <line num="19" count="0" type="stmt"/>
        <line num="29" count="0" type="stmt"/>
        <line num="30" count="0" type="cond" truecount="0" falsecount="2"/>
        <line num="32" count="0" type="stmt"/>
        <line num="43" count="0" type="stmt"/>
        <line num="45" count="0" type="stmt"/>
        <line num="46" count="0" type="stmt"/>
        <line num="49" count="0" type="cond" truecount="0" falsecount="2"/>
        <line num="58" count="0" type="stmt"/>
        <line num="59" count="0" type="stmt"/>
        <line num="60" count="0" type="cond" truecount="0" falsecount="2"/>
        <line num="61" count="0" type="stmt"/>
        <line num="65" count="0" type="stmt"/>
        <line num="72" count="0" type="stmt"/>
        <line num="73" count="0" type="stmt"/>
        <line num="78" count="0" type="stmt"/>
      </file>
      <file name="task-chat-schemas.ts" path="C:\Users\mathi\Ing-pass\lib\task-chat-schemas.ts">
        <metrics statements="49" coveredstatements="47" conditionals="29" coveredconditionals="25" methods="10" coveredmethods="10"/>
        <line num="3" count="4" type="stmt"/>
        <line num="4" count="4" type="stmt"/>
        <line num="5" count="4" type="stmt"/>
        <line num="6" count="4" type="stmt"/>
        <line num="7" count="4" type="stmt"/>
        <line num="8" count="4" type="stmt"/>
        <line num="10" count="4" type="stmt"/>
        <line num="17" count="4" type="stmt"/>
        <line num="29" count="4" type="stmt"/>
        <line num="34" count="4" type="stmt"/>
        <line num="36" count="4" type="stmt"/>
        <line num="38" count="4" type="stmt"/>
        <line num="39" count="4" type="stmt"/>
        <line num="40" count="4" type="stmt"/>
        <line num="42" count="4" type="stmt"/>
        <line num="44" count="6" type="cond" truecount="2" falsecount="0"/>
        <line num="46" count="2" type="stmt"/>
        <line num="47" count="2" type="cond" truecount="2" falsecount="0"/>
        <line num="55" count="4" type="stmt"/>
        <line num="57" count="3" type="cond" truecount="5" falsecount="0"/>
        <line num="58" count="2" type="stmt"/>
        <line num="67" count="4" type="stmt"/>
        <line num="74" count="4" type="stmt"/>
        <line num="76" count="6" type="cond" truecount="2" falsecount="0"/>
        <line num="78" count="4" type="stmt"/>
        <line num="79" count="4" type="cond" truecount="2" falsecount="0"/>
        <line num="80" count="1" type="stmt"/>
        <line num="88" count="4" type="stmt"/>
        <line num="90" count="3" type="cond" truecount="1" falsecount="1"/>
        <line num="96" count="4" type="stmt"/>
        <line num="101" count="6" type="cond" truecount="2" falsecount="0"/>
        <line num="102" count="6" type="cond" truecount="2" falsecount="0"/>
        <line num="104" count="6" type="cond" truecount="4" falsecount="0"/>
        <line num="105" count="1" type="stmt"/>
        <line num="113" count="4" type="stmt"/>
        <line num="117" count="4" type="stmt"/>
        <line num="120" count="2" type="stmt"/>
        <line num="134" count="4" type="stmt"/>
        <line num="140" count="2" type="stmt"/>
        <line num="142" count="2" type="cond" truecount="1" falsecount="1"/>
        <line num="143" count="0" type="stmt"/>
        <line num="150" count="4" type="stmt"/>
        <line num="156" count="1" type="stmt"/>
        <line num="163" count="2" type="stmt"/>
        <line num="164" count="2" type="cond" truecount="1" falsecount="1"/>
        <line num="165" count="2" type="stmt"/>
        <line num="166" count="2" type="cond" truecount="1" falsecount="1"/>
        <line num="167" count="0" type="stmt"/>
        <line num="177" count="4" type="stmt"/>
      </file>
      <file name="task-chat-service.ts" path="C:\Users\mathi\Ing-pass\lib\task-chat-service.ts">
        <metrics statements="127" coveredstatements="74" conditionals="86" coveredconditionals="40" methods="36" coveredmethods="17"/>
        <line num="127" count="1" type="stmt"/>
        <line num="129" count="1" type="stmt"/>
        <line num="130" count="1" type="stmt"/>
        <line num="136" count="1" type="stmt"/>
        <line num="137" count="1" type="stmt"/>
        <line num="187" count="3" type="cond" truecount="2" falsecount="0"/>
        <line num="189" count="2" type="stmt"/>
        <line num="190" count="2" type="cond" truecount="1" falsecount="1"/>
        <line num="197" count="5" type="stmt"/>
        <line num="216" count="5" type="stmt"/>
        <line num="218" count="5" type="stmt"/>
        <line num="219" count="1" type="cond" truecount="2" falsecount="0"/>
        <line num="220" count="1" type="stmt"/>
        <line num="227" count="1" type="stmt"/>
        <line num="230" count="5" type="stmt"/>
        <line num="237" count="3" type="stmt"/>
        <line num="238" count="3" type="stmt"/>
        <line num="242" count="0" type="stmt"/>
        <line num="244" count="0" type="stmt"/>
        <line num="246" count="0" type="stmt"/>
        <line num="257" count="0" type="stmt"/>
        <line num="262" count="0" type="cond" truecount="0" falsecount="2"/>
        <line num="274" count="0" type="cond" truecount="0" falsecount="2"/>
        <line num="282" count="0" type="stmt"/>
        <line num="287" count="0" type="cond" truecount="0" falsecount="2"/>
        <line num="290" count="0" type="stmt"/>
        <line num="301" count="0" type="stmt"/>
        <line num="302" count="0" type="cond" truecount="0" falsecount="2"/>
        <line num="303" count="0" type="stmt"/>
        <line num="306" count="0" type="stmt"/>
        <line num="309" count="0" type="stmt"/>
        <line num="320" count="0" type="stmt"/>
        <line num="323" count="0" type="stmt"/>
        <line num="324" count="0" type="cond" truecount="0" falsecount="2"/>
        <line num="326" count="0" type="stmt"/>
        <line num="327" count="0" type="stmt"/>
        <line num="338" count="0" type="stmt"/>
        <line num="340" count="0" type="stmt"/>
        <line num="341" count="0" type="cond" truecount="0" falsecount="2"/>
        <line num="342" count="0" type="stmt"/>
        <line num="346" count="0" type="stmt"/>
        <line num="367" count="0" type="cond" truecount="0" falsecount="2"/>
        <line num="370" count="0" type="stmt"/>
        <line num="381" count="0" type="cond" truecount="0" falsecount="2"/>
        <line num="384" count="0" type="cond" truecount="0" falsecount="2"/>
        <line num="386" count="0" type="stmt"/>
        <line num="399" count="0" type="stmt"/>
        <line num="402" count="0" type="stmt"/>
        <line num="418" count="0" type="cond" truecount="0" falsecount="2"/>
        <line num="421" count="0" type="stmt"/>
        <line num="431" count="0" type="cond" truecount="0" falsecount="2"/>
        <line num="434" count="0" type="stmt"/>
        <line num="450" count="0" type="cond" truecount="0" falsecount="2"/>
        <line num="453" count="0" type="cond" truecount="0" falsecount="2"/>
        <line num="455" count="0" type="stmt"/>
        <line num="476" count="0" type="cond" truecount="0" falsecount="2"/>
        <line num="486" count="0" type="cond" truecount="0" falsecount="2"/>
        <line num="490" count="0" type="stmt"/>
        <line num="509" count="0" type="stmt"/>
        <line num="523" count="7" type="cond" truecount="1" falsecount="1"/>
        <line num="526" count="8" type="stmt"/>
        <line num="527" count="8" type="cond" truecount="2" falsecount="0"/>
        <line num="529" count="3" type="stmt"/>
        <line num="530" count="3" type="stmt"/>
        <line num="532" count="0" type="stmt"/>
        <line num="533" count="0" type="cond" truecount="0" falsecount="2"/>
        <line num="534" count="0" type="stmt"/>
        <line num="538" count="7" type="stmt"/>
        <line num="546" count="4" type="stmt"/>
        <line num="547" count="4" type="stmt"/>
        <line num="551" count="4" type="stmt"/>
        <line num="556" count="4" type="cond" truecount="2" falsecount="0"/>
        <line num="557" count="1" type="stmt"/>
        <line num="558" count="1" type="stmt"/>
        <line num="565" count="1" type="stmt"/>
        <line num="571" count="3" type="stmt"/>
        <line num="572" count="3" type="cond" truecount="2" falsecount="0"/>
        <line num="573" count="4" type="cond" truecount="2" falsecount="0"/>
        <line num="577" count="4" type="cond" truecount="2" falsecount="0"/>
        <line num="578" count="1" type="cond" truecount="1" falsecount="1"/>
        <line num="579" count="1" type="stmt"/>
        <line num="582" count="0" type="stmt"/>
        <line num="585" count="2" type="stmt"/>
        <line num="586" count="1" type="stmt"/>
        <line num="589" count="2" type="stmt"/>
        <line num="590" count="1" type="stmt"/>
        <line num="592" count="1" type="cond" truecount="1" falsecount="1"/>
        <line num="593" count="0" type="stmt"/>
        <line num="596" count="1" type="cond" truecount="1" falsecount="1"/>
        <line num="601" count="0" type="stmt"/>
        <line num="604" count="1" type="stmt"/>
        <line num="607" count="2" type="cond" truecount="2" falsecount="2"/>
        <line num="608" count="0" type="stmt"/>
        <line num="611" count="2" type="stmt"/>
        <line num="619" count="2" type="cond" truecount="2" falsecount="0"/>
        <line num="620" count="1" type="stmt"/>
        <line num="621" count="1" type="stmt"/>
        <line num="626" count="2" type="stmt"/>
        <line num="633" count="2" type="stmt"/>
        <line num="634" count="2" type="stmt"/>
        <line num="641" count="2" type="stmt"/>
        <line num="652" count="2" type="stmt"/>
        <line num="653" count="2" type="stmt"/>
        <line num="657" count="2" type="cond" truecount="1" falsecount="1"/>
        <line num="661" count="2" type="cond" truecount="2" falsecount="2"/>
        <line num="662" count="0" type="stmt"/>
        <line num="665" count="2" type="stmt"/>
        <line num="670" count="2" type="stmt"/>
        <line num="671" count="2" type="cond" truecount="2" falsecount="0"/>
        <line num="672" count="2" type="stmt"/>
        <line num="673" count="2" type="stmt"/>
        <line num="674" count="2" type="stmt"/>
        <line num="676" count="2" type="stmt"/>
        <line num="683" count="2" type="stmt"/>
        <line num="694" count="2" type="stmt"/>
        <line num="705" count="2" type="stmt"/>
        <line num="706" count="2" type="stmt"/>
        <line num="710" count="2" type="stmt"/>
        <line num="715" count="2" type="cond" truecount="2" falsecount="0"/>
        <line num="716" count="1" type="stmt"/>
        <line num="719" count="1" type="stmt"/>
        <line num="726" count="1" type="stmt"/>
        <line num="733" count="1" type="stmt"/>
        <line num="742" count="1" type="stmt"/>
        <line num="745" count="0" type="cond" truecount="0" falsecount="2"/>
        <line num="746" count="0" type="stmt"/>
        <line num="749" count="0" type="stmt"/>
      </file>
      <file name="task-chat-storage.ts" path="C:\Users\mathi\Ing-pass\lib\task-chat-storage.ts">
        <metrics statements="55" coveredstatements="33" conditionals="23" coveredconditionals="11" methods="14" coveredmethods="8"/>
        <line num="17" count="1" type="stmt"/>
        <line num="31" count="4" type="stmt"/>
        <line num="35" count="2" type="stmt"/>
        <line num="37" count="2" type="cond" truecount="1" falsecount="1"/>
        <line num="39" count="0" type="stmt"/>
        <line num="54" count="0" type="cond" truecount="0" falsecount="2"/>
        <line num="58" count="3" type="stmt"/>
        <line num="60" count="3" type="cond" truecount="1" falsecount="1"/>
        <line num="62" count="0" type="stmt"/>
        <line num="68" count="1" type="stmt"/>
        <line num="70" count="0" type="stmt"/>
        <line num="71" count="0" type="stmt"/>
        <line num="74" count="0" type="stmt"/>
        <line num="75" count="0" type="stmt"/>
        <line num="78" count="2" type="stmt"/>
        <line num="79" count="2" type="stmt"/>
        <line num="85" count="2" type="stmt"/>
        <line num="86" count="2" type="stmt"/>
        <line num="87" count="2" type="stmt"/>
        <line num="89" count="2" type="stmt"/>
        <line num="94" count="1" type="stmt"/>
        <line num="97" count="2" type="cond" truecount="2" falsecount="0"/>
        <line num="98" count="1" type="stmt"/>
        <line num="101" count="2" type="stmt"/>
        <line num="105" count="2" type="stmt"/>
        <line num="110" count="2" type="cond" truecount="2" falsecount="0"/>
        <line num="111" count="1" type="stmt"/>
        <line num="114" count="1" type="stmt"/>
        <line num="122" count="1" type="stmt"/>
        <line num="133" count="3" type="stmt"/>
        <line num="134" count="3" type="cond" truecount="2" falsecount="0"/>
        <line num="135" count="3" type="stmt"/>
        <line num="142" count="3" type="cond" truecount="2" falsecount="0"/>
        <line num="143" count="3" type="stmt"/>
        <line num="144" count="2" type="stmt"/>
        <line num="145" count="2" type="stmt"/>
        <line num="152" count="2" type="stmt"/>
        <line num="153" count="2" type="stmt"/>
        <line num="170" count="2" type="stmt"/>
        <line num="183" count="2" type="stmt"/>
        <line num="192" count="0" type="stmt"/>
        <line num="193" count="0" type="stmt"/>
        <line num="201" count="0" type="cond" truecount="0" falsecount="2"/>
        <line num="202" count="0" type="stmt"/>
        <line num="217" count="0" type="stmt"/>
        <line num="218" count="0" type="cond" truecount="0" falsecount="2"/>
        <line num="220" count="0" type="stmt"/>
        <line num="222" count="0" type="stmt"/>
        <line num="234" count="0" type="cond" truecount="0" falsecount="2"/>
        <line num="235" count="0" type="stmt"/>
        <line num="251" count="0" type="stmt"/>
        <line num="252" count="0" type="cond" truecount="0" falsecount="2"/>
        <line num="254" count="0" type="stmt"/>
        <line num="255" count="0" type="stmt"/>
        <line num="256" count="0" type="stmt"/>
      </file>
      <file name="validate-attachments.ts" path="C:\Users\mathi\Ing-pass\lib\validate-attachments.ts">
        <metrics statements="23" coveredstatements="23" conditionals="20" coveredconditionals="17" methods="1" coveredmethods="1"/>
        <line num="1" count="1" type="stmt"/>
        <line num="2" count="1" type="stmt"/>
        <line num="3" count="1" type="stmt"/>
        <line num="5" count="1" type="stmt"/>
        <line num="12" count="1" type="stmt"/>
        <line num="23" count="1" type="stmt"/>
        <line num="34" count="9" type="cond" truecount="2" falsecount="0"/>
        <line num="35" count="7" type="cond" truecount="2" falsecount="0"/>
        <line num="36" count="6" type="cond" truecount="2" falsecount="0"/>
        <line num="37" count="6" type="stmt"/>
        <line num="39" count="5" type="stmt"/>
        <line num="40" count="4" type="cond" truecount="4" falsecount="0"/>
        <line num="41" count="1" type="stmt"/>
        <line num="43" count="3" type="cond" truecount="1" falsecount="1"/>
        <line num="44" count="3" type="stmt"/>
        <line num="47" count="3" type="cond" truecount="2" falsecount="0"/>
        <line num="50" count="4" type="stmt"/>
        <line num="51" count="4" type="stmt"/>
        <line num="52" count="4" type="cond" truecount="1" falsecount="1"/>
        <line num="53" count="4" type="stmt"/>
        <line num="55" count="4" type="cond" truecount="2" falsecount="0"/>
        <line num="56" count="1" type="cond" truecount="1" falsecount="1"/>
        <line num="59" count="3" type="stmt"/>
      </file>
      <file name="workday-task-permissions.ts" path="C:\Users\mathi\Ing-pass\lib\workday-task-permissions.ts">
        <metrics statements="4" coveredstatements="4" conditionals="5" coveredconditionals="5" methods="2" coveredmethods="2"/>
        <line num="4" count="4" type="cond" truecount="3" falsecount="0"/>
        <line num="8" count="2" type="cond" truecount="2" falsecount="0"/>
        <line num="9" count="1" type="stmt"/>
        <line num="12" count="1" type="stmt"/>
      </file>
    </package>
    <package name="Ing-pass.lib.contexts">
      <metrics statements="42" coveredstatements="25" conditionals="83" coveredconditionals="24" methods="8" coveredmethods="5"/>
      <file name="timer-context-persistence.ts" path="C:\Users\mathi\Ing-pass\lib\contexts\timer-context-persistence.ts">
        <metrics statements="42" coveredstatements="25" conditionals="83" coveredconditionals="24" methods="8" coveredmethods="5"/>
        <line num="83" count="1" type="stmt"/>
        <line num="86" count="1" type="stmt"/>
        <line num="90" count="0" type="stmt"/>
        <line num="94" count="1" type="cond" truecount="2" falsecount="0"/>
        <line num="98" count="5" type="cond" truecount="2" falsecount="0"/>
        <line num="99" count="2" type="stmt"/>
        <line num="100" count="2" type="cond" truecount="1" falsecount="1"/>
        <line num="104" count="1" type="cond" truecount="1" falsecount="1"/>
        <line num="105" count="1" type="cond" truecount="3" falsecount="1"/>
        <line num="106" count="0" type="cond" truecount="0" falsecount="2"/>
        <line num="107" count="0" type="cond" truecount="0" falsecount="2"/>
        <line num="109" count="0" type="stmt"/>
        <line num="111" count="0" type="cond" truecount="0" falsecount="2"/>
        <line num="112" count="0" type="cond" truecount="0" falsecount="4"/>
        <line num="113" count="0" type="cond" truecount="0" falsecount="4"/>
        <line num="114" count="0" type="cond" truecount="0" falsecount="4"/>
        <line num="115" count="0" type="cond" truecount="0" falsecount="4"/>
        <line num="116" count="0" type="cond" truecount="0" falsecount="4"/>
        <line num="118" count="0" type="cond" truecount="0" falsecount="4"/>
        <line num="119" count="0" type="cond" truecount="0" falsecount="5"/>
        <line num="120" count="0" type="cond" truecount="0" falsecount="5"/>
        <line num="121" count="0" type="cond" truecount="0" falsecount="5"/>
        <line num="123" count="0" type="stmt"/>
        <line num="127" count="1" type="stmt"/>
        <line num="128" count="1" type="stmt"/>
        <line num="129" count="1" type="stmt"/>
        <line num="130" count="1" type="stmt"/>
        <line num="131" count="1" type="stmt"/>
        <line num="132" count="1" type="stmt"/>
        <line num="134" count="1" type="stmt"/>
        <line num="136" count="1" type="cond" truecount="1" falsecount="1"/>
        <line num="137" count="1" type="cond" truecount="3" falsecount="1"/>
        <line num="138" count="1" type="cond" truecount="2" falsecount="2"/>
        <line num="139" count="1" type="cond" truecount="2" falsecount="2"/>
        <line num="141" count="1" type="stmt"/>
        <line num="149" count="1" type="stmt"/>
        <line num="153" count="1" type="cond" truecount="2" falsecount="2"/>
        <line num="158" count="1" type="cond" truecount="3" falsecount="1"/>
        <line num="163" count="1" type="cond" truecount="2" falsecount="2"/>
        <line num="167" count="1" type="stmt"/>
        <line num="187" count="0" type="stmt"/>
        <line num="196" count="0" type="stmt"/>
      </file>
    </package>
  </project>
</coverage>
