{"C:\\Users\\mathi\\Ing-pass\\next.config.mjs": {"path":"C:\\Users\\mathi\\Ing-pass\\next.config.mjs","statementMap":{"0":{"start":{"line":2,"column":19},"end":{"line":21,"column":null}},"1":{"start":{"line":4,"column":4},"end":{"line":14,"column":null}}},"fnMap":{"0":{"name":"(anonymous_0)","decl":{"start":{"line":3,"column":8},"end":{"line":3,"column":15}},"loc":{"start":{"line":3,"column":18},"end":{"line":15,"column":3}},"line":3}},"branchMap":{},"s":{"0":1,"1":1},"f":{"0":1},"b":{},"meta":{"lastBranch":0,"lastFunction":1,"lastStatement":2,"seen":{"s:2:19:21:Infinity":0,"f:3:8:3:15":0,"s:4:4:14:Infinity":1}}}
,"C:\\Users\\mathi\\Ing-pass\\app\\api\\auth\\[...all]\\route.ts": {"path":"C:\\Users\\mathi\\Ing-pass\\app\\api\\auth\\[...all]\\route.ts","statementMap":{"0":{"start":{"line":4,"column":20},"end":{"line":8,"column":null}},"1":{"start":{"line":6,"column":4},"end":{"line":6,"column":null}},"2":{"start":{"line":10,"column":20},"end":{"line":10,"column":57}}},"fnMap":{"0":{"name":"(anonymous_0)","decl":{"start":{"line":5,"column":2},"end":{"line":5,"column":10}},"loc":{"start":{"line":5,"column":28},"end":{"line":8,"column":null}},"line":5}},"branchMap":{},"s":{"0":1,"1":1,"2":1},"f":{"0":1},"b":{},"meta":{"lastBranch":0,"lastFunction":1,"lastStatement":3,"seen":{"s:4:20:8:Infinity":0,"f:5:2:5:10":0,"s:6:4:6:Infinity":1,"s:10:20:10:57":2}}}
,"C:\\Users\\mathi\\Ing-pass\\app\\api\\clients\\[id]\\route.ts": {"path":"C:\\Users\\mathi\\Ing-pass\\app\\api\\clients\\[id]\\route.ts","statementMap":{"0":{"start":{"line":12,"column":36},"end":{"line":12,"column":62}},"1":{"start":{"line":13,"column":2},"end":{"line":13,"column":null}},"2":{"start":{"line":13,"column":13},"end":{"line":13,"column":null}},"3":{"start":{"line":15,"column":2},"end":{"line":52,"column":null}},"4":{"start":{"line":16,"column":19},"end":{"line":16,"column":null}},"5":{"start":{"line":18,"column":4},"end":{"line":31,"column":null}},"6":{"start":{"line":19,"column":21},"end":{"line":22,"column":74}},"7":{"start":{"line":24,"column":6},"end":{"line":28,"column":null}},"8":{"start":{"line":25,"column":8},"end":{"line":28,"column":null}},"9":{"start":{"line":31,"column":6},"end":{"line":31,"column":null}},"10":{"start":{"line":34,"column":10},"end":{"line":34,"column":69}},"11":{"start":{"line":35,"column":4},"end":{"line":35,"column":null}},"12":{"start":{"line":35,"column":19},"end":{"line":35,"column":null}},"13":{"start":{"line":37,"column":19},"end":{"line":37,"column":76}},"14":{"start":{"line":39,"column":4},"end":{"line":43,"column":null}},"15":{"start":{"line":40,"column":6},"end":{"line":43,"column":null}},"16":{"start":{"line":46,"column":4},"end":{"line":46,"column":null}},"17":{"start":{"line":48,"column":4},"end":{"line":48,"column":null}},"18":{"start":{"line":49,"column":4},"end":{"line":52,"column":null}},"19":{"start":{"line":60,"column":47},"end":{"line":60,"column":73}},"20":{"start":{"line":61,"column":2},"end":{"line":61,"column":null}},"21":{"start":{"line":61,"column":17},"end":{"line":61,"column":null}},"22":{"start":{"line":63,"column":8},"end":{"line":63,"column":52}},"23":{"start":{"line":64,"column":2},"end":{"line":64,"column":null}},"24":{"start":{"line":64,"column":17},"end":{"line":64,"column":null}},"25":{"start":{"line":66,"column":2},"end":{"line":108,"column":null}},"26":{"start":{"line":67,"column":19},"end":{"line":67,"column":null}},"27":{"start":{"line":68,"column":17},"end":{"line":68,"column":37}},"28":{"start":{"line":69,"column":19},"end":{"line":69,"column":47}},"29":{"start":{"line":71,"column":4},"end":{"line":75,"column":null}},"30":{"start":{"line":72,"column":6},"end":{"line":75,"column":null}},"31":{"start":{"line":78,"column":20},"end":{"line":82,"column":18}},"32":{"start":{"line":84,"column":4},"end":{"line":88,"column":null}},"33":{"start":{"line":85,"column":6},"end":{"line":88,"column":null}},"34":{"start":{"line":91,"column":4},"end":{"line":91,"column":null}},"35":{"start":{"line":94,"column":6},"end":{"line":95,"column":null}},"36":{"start":{"line":97,"column":4},"end":{"line":101,"column":null}},"37":{"start":{"line":98,"column":6},"end":{"line":101,"column":null}},"38":{"start":{"line":104,"column":4},"end":{"line":104,"column":null}},"39":{"start":{"line":105,"column":4},"end":{"line":108,"column":null}},"40":{"start":{"line":116,"column":47},"end":{"line":116,"column":73}},"41":{"start":{"line":117,"column":2},"end":{"line":117,"column":null}},"42":{"start":{"line":117,"column":17},"end":{"line":117,"column":null}},"43":{"start":{"line":119,"column":8},"end":{"line":119,"column":52}},"44":{"start":{"line":120,"column":2},"end":{"line":120,"column":null}},"45":{"start":{"line":120,"column":17},"end":{"line":120,"column":null}},"46":{"start":{"line":122,"column":2},"end":{"line":142,"column":null}},"47":{"start":{"line":123,"column":19},"end":{"line":123,"column":null}},"48":{"start":{"line":124,"column":20},"end":{"line":127,"column":18}},"49":{"start":{"line":129,"column":4},"end":{"line":133,"column":null}},"50":{"start":{"line":130,"column":6},"end":{"line":133,"column":null}},"51":{"start":{"line":136,"column":4},"end":{"line":136,"column":null}},"52":{"start":{"line":138,"column":4},"end":{"line":138,"column":null}},"53":{"start":{"line":139,"column":4},"end":{"line":142,"column":null}}},"fnMap":{"0":{"name":"GET","decl":{"start":{"line":8,"column":22},"end":{"line":8,"column":null}},"loc":{"start":{"line":11,"column":2},"end":{"line":52,"column":null}},"line":11},"1":{"name":"PATCH","decl":{"start":{"line":56,"column":22},"end":{"line":56,"column":null}},"loc":{"start":{"line":59,"column":2},"end":{"line":108,"column":null}},"line":59},"2":{"name":"DELETE","decl":{"start":{"line":112,"column":22},"end":{"line":112,"column":null}},"loc":{"start":{"line":115,"column":2},"end":{"line":142,"column":null}},"line":115}},"branchMap":{"0":{"loc":{"start":{"line":13,"column":2},"end":{"line":13,"column":null}},"type":"if","locations":[{"start":{"line":13,"column":2},"end":{"line":13,"column":null}},{"start":{},"end":{}}],"line":13},"1":{"loc":{"start":{"line":18,"column":4},"end":{"line":31,"column":null}},"type":"if","locations":[{"start":{"line":18,"column":4},"end":{"line":31,"column":null}},{"start":{},"end":{}}],"line":18},"2":{"loc":{"start":{"line":24,"column":6},"end":{"line":28,"column":null}},"type":"if","locations":[{"start":{"line":24,"column":6},"end":{"line":28,"column":null}},{"start":{},"end":{}}],"line":24},"3":{"loc":{"start":{"line":35,"column":4},"end":{"line":35,"column":null}},"type":"if","locations":[{"start":{"line":35,"column":4},"end":{"line":35,"column":null}},{"start":{},"end":{}}],"line":35},"4":{"loc":{"start":{"line":39,"column":4},"end":{"line":43,"column":null}},"type":"if","locations":[{"start":{"line":39,"column":4},"end":{"line":43,"column":null}},{"start":{},"end":{}}],"line":39},"5":{"loc":{"start":{"line":61,"column":2},"end":{"line":61,"column":null}},"type":"if","locations":[{"start":{"line":61,"column":2},"end":{"line":61,"column":null}},{"start":{},"end":{}}],"line":61},"6":{"loc":{"start":{"line":64,"column":2},"end":{"line":64,"column":null}},"type":"if","locations":[{"start":{"line":64,"column":2},"end":{"line":64,"column":null}},{"start":{},"end":{}}],"line":64},"7":{"loc":{"start":{"line":71,"column":4},"end":{"line":75,"column":null}},"type":"if","locations":[{"start":{"line":71,"column":4},"end":{"line":75,"column":null}},{"start":{},"end":{}}],"line":71},"8":{"loc":{"start":{"line":80,"column":38},"end":{"line":80,"column":65}},"type":"binary-expr","locations":[{"start":{"line":80,"column":38},"end":{"line":80,"column":61}},{"start":{"line":80,"column":61},"end":{"line":80,"column":65}}],"line":80},"9":{"loc":{"start":{"line":84,"column":4},"end":{"line":88,"column":null}},"type":"if","locations":[{"start":{"line":84,"column":4},"end":{"line":88,"column":null}},{"start":{},"end":{}}],"line":84},"10":{"loc":{"start":{"line":94,"column":6},"end":{"line":95,"column":null}},"type":"binary-expr","locations":[{"start":{"line":94,"column":6},"end":{"line":94,"column":35}},{"start":{"line":94,"column":35},"end":{"line":94,"column":null}},{"start":{"line":95,"column":6},"end":{"line":95,"column":26}},{"start":{"line":95,"column":26},"end":{"line":95,"column":null}}],"line":94},"11":{"loc":{"start":{"line":97,"column":4},"end":{"line":101,"column":null}},"type":"if","locations":[{"start":{"line":97,"column":4},"end":{"line":101,"column":null}},{"start":{},"end":{}}],"line":97},"12":{"loc":{"start":{"line":117,"column":2},"end":{"line":117,"column":null}},"type":"if","locations":[{"start":{"line":117,"column":2},"end":{"line":117,"column":null}},{"start":{},"end":{}}],"line":117},"13":{"loc":{"start":{"line":120,"column":2},"end":{"line":120,"column":null}},"type":"if","locations":[{"start":{"line":120,"column":2},"end":{"line":120,"column":null}},{"start":{},"end":{}}],"line":120},"14":{"loc":{"start":{"line":129,"column":4},"end":{"line":133,"column":null}},"type":"if","locations":[{"start":{"line":129,"column":4},"end":{"line":133,"column":null}},{"start":{},"end":{}}],"line":129}},"s":{"0":0,"1":0,"2":0,"3":0,"4":0,"5":0,"6":0,"7":0,"8":0,"9":0,"10":0,"11":0,"12":0,"13":0,"14":0,"15":0,"16":0,"17":0,"18":0,"19":1,"20":1,"21":0,"22":1,"23":1,"24":1,"25":0,"26":0,"27":0,"28":0,"29":0,"30":0,"31":0,"32":0,"33":0,"34":0,"35":0,"36":0,"37":0,"38":0,"39":0,"40":1,"41":1,"42":0,"43":1,"44":1,"45":1,"46":0,"47":0,"48":0,"49":0,"50":0,"51":0,"52":0,"53":0},"f":{"0":0,"1":1,"2":1},"b":{"0":[0,0],"1":[0,0],"2":[0,0],"3":[0,0],"4":[0,0],"5":[0,1],"6":[1,0],"7":[0,0],"8":[0,0],"9":[0,0],"10":[0,0,0,0],"11":[0,0],"12":[0,1],"13":[1,0],"14":[0,0]},"meta":{"lastBranch":15,"lastFunction":3,"lastStatement":54,"seen":{"f:8:22:8:Infinity":0,"s:12:36:12:62":0,"b:13:2:13:Infinity:undefined:undefined:undefined:undefined":0,"s:13:2:13:Infinity":1,"s:13:13:13:Infinity":2,"s:15:2:52:Infinity":3,"s:16:19:16:Infinity":4,"b:18:4:31:Infinity:undefined:undefined:undefined:undefined":1,"s:18:4:31:Infinity":5,"s:19:21:22:74":6,"b:24:6:28:Infinity:undefined:undefined:undefined:undefined":2,"s:24:6:28:Infinity":7,"s:25:8:28:Infinity":8,"s:31:6:31:Infinity":9,"s:34:10:34:69":10,"b:35:4:35:Infinity:undefined:undefined:undefined:undefined":3,"s:35:4:35:Infinity":11,"s:35:19:35:Infinity":12,"s:37:19:37:76":13,"b:39:4:43:Infinity:undefined:undefined:undefined:undefined":4,"s:39:4:43:Infinity":14,"s:40:6:43:Infinity":15,"s:46:4:46:Infinity":16,"s:48:4:48:Infinity":17,"s:49:4:52:Infinity":18,"f:56:22:56:Infinity":1,"s:60:47:60:73":19,"b:61:2:61:Infinity:undefined:undefined:undefined:undefined":5,"s:61:2:61:Infinity":20,"s:61:17:61:Infinity":21,"s:63:8:63:52":22,"b:64:2:64:Infinity:undefined:undefined:undefined:undefined":6,"s:64:2:64:Infinity":23,"s:64:17:64:Infinity":24,"s:66:2:108:Infinity":25,"s:67:19:67:Infinity":26,"s:68:17:68:37":27,"s:69:19:69:47":28,"b:71:4:75:Infinity:undefined:undefined:undefined:undefined":7,"s:71:4:75:Infinity":29,"s:72:6:75:Infinity":30,"s:78:20:82:18":31,"b:80:38:80:61:80:61:80:65":8,"b:84:4:88:Infinity:undefined:undefined:undefined:undefined":9,"s:84:4:88:Infinity":32,"s:85:6:88:Infinity":33,"s:91:4:91:Infinity":34,"s:94:6:95:Infinity":35,"b:94:6:94:35:94:35:94:Infinity:95:6:95:26:95:26:95:Infinity":10,"b:97:4:101:Infinity:undefined:undefined:undefined:undefined":11,"s:97:4:101:Infinity":36,"s:98:6:101:Infinity":37,"s:104:4:104:Infinity":38,"s:105:4:108:Infinity":39,"f:112:22:112:Infinity":2,"s:116:47:116:73":40,"b:117:2:117:Infinity:undefined:undefined:undefined:undefined":12,"s:117:2:117:Infinity":41,"s:117:17:117:Infinity":42,"s:119:8:119:52":43,"b:120:2:120:Infinity:undefined:undefined:undefined:undefined":13,"s:120:2:120:Infinity":44,"s:120:17:120:Infinity":45,"s:122:2:142:Infinity":46,"s:123:19:123:Infinity":47,"s:124:20:127:18":48,"b:129:4:133:Infinity:undefined:undefined:undefined:undefined":14,"s:129:4:133:Infinity":49,"s:130:6:133:Infinity":50,"s:136:4:136:Infinity":51,"s:138:4:138:Infinity":52,"s:139:4:142:Infinity":53}}}
,"C:\\Users\\mathi\\Ing-pass\\app\\api\\dashboard\\kpis\\route.ts": {"path":"C:\\Users\\mathi\\Ing-pass\\app\\api\\dashboard\\kpis\\route.ts","statementMap":{"0":{"start":{"line":14,"column":22},"end":{"line":22,"column":null}},"1":{"start":{"line":25,"column":26},"end":{"line":25,"column":52}},"2":{"start":{"line":26,"column":2},"end":{"line":26,"column":null}},"3":{"start":{"line":26,"column":13},"end":{"line":26,"column":null}},"4":{"start":{"line":28,"column":8},"end":{"line":28,"column":63}},"5":{"start":{"line":29,"column":2},"end":{"line":29,"column":null}},"6":{"start":{"line":29,"column":17},"end":{"line":29,"column":null}},"7":{"start":{"line":31,"column":2},"end":{"line":206,"column":null}},"8":{"start":{"line":32,"column":29},"end":{"line":32,"column":49}},"9":{"start":{"line":33,"column":27},"end":{"line":33,"column":55}},"10":{"start":{"line":34,"column":32},"end":{"line":34,"column":65}},"11":{"start":{"line":35,"column":28},"end":{"line":35,"column":57}},"12":{"start":{"line":36,"column":22},"end":{"line":36,"column":null}},"13":{"start":{"line":39,"column":16},"end":{"line":39,"column":26}},"14":{"start":{"line":40,"column":35},"end":{"line":40,"column":null}},"15":{"start":{"line":41,"column":4},"end":{"line":52,"column":null}},"16":{"start":{"line":42,"column":16},"end":{"line":42,"column":29}},"17":{"start":{"line":43,"column":6},"end":{"line":43,"column":null}},"18":{"start":{"line":44,"column":6},"end":{"line":44,"column":null}},"19":{"start":{"line":45,"column":15},"end":{"line":52,"column":null}},"20":{"start":{"line":46,"column":16},"end":{"line":46,"column":29}},"21":{"start":{"line":47,"column":6},"end":{"line":47,"column":null}},"22":{"start":{"line":48,"column":6},"end":{"line":48,"column":null}},"23":{"start":{"line":49,"column":15},"end":{"line":52,"column":null}},"24":{"start":{"line":50,"column":16},"end":{"line":50,"column":29}},"25":{"start":{"line":51,"column":6},"end":{"line":51,"column":null}},"26":{"start":{"line":52,"column":6},"end":{"line":52,"column":null}},"27":{"start":{"line":56,"column":34},"end":{"line":56,"column":66}},"28":{"start":{"line":57,"column":22},"end":{"line":57,"column":null}},"29":{"start":{"line":58,"column":4},"end":{"line":58,"column":null}},"30":{"start":{"line":58,"column":25},"end":{"line":58,"column":null}},"31":{"start":{"line":58,"column":65},"end":{"line":58,"column":90}},"32":{"start":{"line":59,"column":4},"end":{"line":59,"column":null}},"33":{"start":{"line":59,"column":29},"end":{"line":59,"column":null}},"34":{"start":{"line":59,"column":69},"end":{"line":59,"column":109}},"35":{"start":{"line":61,"column":23},"end":{"line":61,"column":51}},"36":{"start":{"line":61,"column":46},"end":{"line":61,"column":51}},"37":{"start":{"line":63,"column":19},"end":{"line":63,"column":48}},"38":{"start":{"line":64,"column":4},"end":{"line":64,"column":null}},"39":{"start":{"line":64,"column":38},"end":{"line":64,"column":70}},"40":{"start":{"line":65,"column":4},"end":{"line":65,"column":null}},"41":{"start":{"line":65,"column":19},"end":{"line":65,"column":null}},"42":{"start":{"line":65,"column":53},"end":{"line":65,"column":107}},"43":{"start":{"line":67,"column":26},"end":{"line":67,"column":60}},"44":{"start":{"line":70,"column":25},"end":{"line":70,"column":60}},"45":{"start":{"line":71,"column":4},"end":{"line":71,"column":null}},"46":{"start":{"line":71,"column":19},"end":{"line":71,"column":null}},"47":{"start":{"line":71,"column":65},"end":{"line":71,"column":86}},"48":{"start":{"line":72,"column":4},"end":{"line":72,"column":null}},"49":{"start":{"line":72,"column":25},"end":{"line":72,"column":null}},"50":{"start":{"line":72,"column":71},"end":{"line":72,"column":103}},"51":{"start":{"line":74,"column":18},"end":{"line":77,"column":79}},"52":{"start":{"line":78,"column":4},"end":{"line":78,"column":null}},"53":{"start":{"line":78,"column":24},"end":{"line":78,"column":null}},"54":{"start":{"line":78,"column":56},"end":{"line":78,"column":80}},"55":{"start":{"line":80,"column":27},"end":{"line":80,"column":66}},"56":{"start":{"line":83,"column":32},"end":{"line":86,"column":34}},"57":{"start":{"line":83,"column":63},"end":{"line":86,"column":7}},"58":{"start":{"line":85,"column":36},"end":{"line":85,"column":56}},"59":{"start":{"line":86,"column":22},"end":{"line":86,"column":34}},"60":{"start":{"line":89,"column":27},"end":{"line":102,"column":null}},"61":{"start":{"line":90,"column":21},"end":{"line":90,"column":63}},"62":{"start":{"line":90,"column":42},"end":{"line":90,"column":63}},"63":{"start":{"line":92,"column":29},"end":{"line":92,"column":79}},"64":{"start":{"line":92,"column":52},"end":{"line":92,"column":79}},"65":{"start":{"line":93,"column":22},"end":{"line":93,"column":null}},"66":{"start":{"line":94,"column":23},"end":{"line":94,"column":null}},"67":{"start":{"line":94,"column":50},"end":{"line":94,"column":76}},"68":{"start":{"line":95,"column":8},"end":{"line":101,"column":null}},"69":{"start":{"line":105,"column":25},"end":{"line":108,"column":47}},"70":{"start":{"line":109,"column":27},"end":{"line":109,"column":65}},"71":{"start":{"line":109,"column":59},"end":{"line":109,"column":64}},"72":{"start":{"line":110,"column":29},"end":{"line":110,"column":null}},"73":{"start":{"line":110,"column":52},"end":{"line":110,"column":83}},"74":{"start":{"line":111,"column":29},"end":{"line":111,"column":null}},"75":{"start":{"line":111,"column":52},"end":{"line":111,"column":84}},"76":{"start":{"line":114,"column":27},"end":{"line":133,"column":null}},"77":{"start":{"line":115,"column":26},"end":{"line":117,"column":29}},"78":{"start":{"line":116,"column":23},"end":{"line":116,"column":46}},"79":{"start":{"line":117,"column":20},"end":{"line":117,"column":29}},"80":{"start":{"line":119,"column":24},"end":{"line":119,"column":74}},"81":{"start":{"line":119,"column":47},"end":{"line":119,"column":73}},"82":{"start":{"line":120,"column":29},"end":{"line":120,"column":88}},"83":{"start":{"line":120,"column":57},"end":{"line":120,"column":87}},"84":{"start":{"line":121,"column":24},"end":{"line":121,"column":null}},"85":{"start":{"line":121,"column":53},"end":{"line":121,"column":65}},"86":{"start":{"line":122,"column":20},"end":{"line":122,"column":null}},"87":{"start":{"line":124,"column":6},"end":{"line":132,"column":null}},"88":{"start":{"line":131,"column":45},"end":{"line":131,"column":71}},"89":{"start":{"line":136,"column":27},"end":{"line":145,"column":33}},"90":{"start":{"line":137,"column":25},"end":{"line":144,"column":9}},"91":{"start":{"line":141,"column":27},"end":{"line":141,"column":54}},"92":{"start":{"line":142,"column":32},"end":{"line":142,"column":63}},"93":{"start":{"line":145,"column":21},"end":{"line":145,"column":33}},"94":{"start":{"line":148,"column":26},"end":{"line":156,"column":7}},"95":{"start":{"line":148,"column":51},"end":{"line":156,"column":7}},"96":{"start":{"line":152,"column":25},"end":{"line":152,"column":48}},"97":{"start":{"line":153,"column":30},"end":{"line":153,"column":61}},"98":{"start":{"line":159,"column":21},"end":{"line":159,"column":null}},"99":{"start":{"line":160,"column":24},"end":{"line":166,"column":null}},"100":{"start":{"line":161,"column":16},"end":{"line":161,"column":26}},"101":{"start":{"line":162,"column":6},"end":{"line":162,"column":null}},"102":{"start":{"line":163,"column":22},"end":{"line":163,"column":null}},"103":{"start":{"line":164,"column":25},"end":{"line":164,"column":73}},"104":{"start":{"line":164,"column":54},"end":{"line":164,"column":73}},"105":{"start":{"line":165,"column":6},"end":{"line":165,"column":null}},"106":{"start":{"line":165,"column":68},"end":{"line":165,"column":99}},"107":{"start":{"line":169,"column":21},"end":{"line":169,"column":null}},"108":{"start":{"line":170,"column":25},"end":{"line":170,"column":74}},"109":{"start":{"line":170,"column":54},"end":{"line":170,"column":74}},"110":{"start":{"line":172,"column":31},"end":{"line":183,"column":null}},"111":{"start":{"line":173,"column":16},"end":{"line":173,"column":60}},"112":{"start":{"line":173,"column":37},"end":{"line":173,"column":60}},"113":{"start":{"line":174,"column":22},"end":{"line":174,"column":71}},"114":{"start":{"line":174,"column":46},"end":{"line":174,"column":71}},"115":{"start":{"line":175,"column":19},"end":{"line":175,"column":62}},"116":{"start":{"line":175,"column":40},"end":{"line":175,"column":62}},"117":{"start":{"line":176,"column":6},"end":{"line":182,"column":null}},"118":{"start":{"line":185,"column":32},"end":{"line":185,"column":null}},"119":{"start":{"line":185,"column":60},"end":{"line":185,"column":72}},"120":{"start":{"line":187,"column":4},"end":{"line":203,"column":null}},"121":{"start":{"line":201,"column":58},"end":{"line":201,"column":80}},"122":{"start":{"line":205,"column":4},"end":{"line":205,"column":null}},"123":{"start":{"line":206,"column":4},"end":{"line":206,"column":null}}},"fnMap":{"0":{"name":"GET","decl":{"start":{"line":24,"column":22},"end":{"line":24,"column":26}},"loc":{"start":{"line":24,"column":48},"end":{"line":206,"column":null}},"line":24},"1":{"name":"(anonymous_1)","decl":{"start":{"line":58,"column":51},"end":{"line":58,"column":59}},"loc":{"start":{"line":58,"column":65},"end":{"line":58,"column":90}},"line":58},"2":{"name":"(anonymous_2)","decl":{"start":{"line":59,"column":55},"end":{"line":59,"column":63}},"loc":{"start":{"line":59,"column":69},"end":{"line":59,"column":109}},"line":59},"3":{"name":"(anonymous_3)","decl":{"start":{"line":61,"column":35},"end":{"line":61,"column":40}},"loc":{"start":{"line":61,"column":46},"end":{"line":61,"column":51}},"line":61},"4":{"name":"(anonymous_4)","decl":{"start":{"line":64,"column":24},"end":{"line":64,"column":32}},"loc":{"start":{"line":64,"column":38},"end":{"line":64,"column":70}},"line":64},"5":{"name":"(anonymous_5)","decl":{"start":{"line":65,"column":39},"end":{"line":65,"column":47}},"loc":{"start":{"line":65,"column":53},"end":{"line":65,"column":107}},"line":65},"6":{"name":"(anonymous_6)","decl":{"start":{"line":71,"column":51},"end":{"line":71,"column":59}},"loc":{"start":{"line":71,"column":65},"end":{"line":71,"column":86}},"line":71},"7":{"name":"(anonymous_7)","decl":{"start":{"line":72,"column":57},"end":{"line":72,"column":65}},"loc":{"start":{"line":72,"column":71},"end":{"line":72,"column":103}},"line":72},"8":{"name":"(anonymous_8)","decl":{"start":{"line":78,"column":42},"end":{"line":78,"column":50}},"loc":{"start":{"line":78,"column":56},"end":{"line":78,"column":80}},"line":78},"9":{"name":"(anonymous_9)","decl":{"start":{"line":83,"column":46},"end":{"line":83,"column":51}},"loc":{"start":{"line":83,"column":63},"end":{"line":86,"column":7}},"line":83},"10":{"name":"(anonymous_10)","decl":{"start":{"line":85,"column":22},"end":{"line":85,"column":30}},"loc":{"start":{"line":85,"column":36},"end":{"line":85,"column":56}},"line":85},"11":{"name":"(anonymous_11)","decl":{"start":{"line":86,"column":8},"end":{"line":86,"column":16}},"loc":{"start":{"line":86,"column":22},"end":{"line":86,"column":34}},"line":86},"12":{"name":"(anonymous_12)","decl":{"start":{"line":90,"column":7},"end":{"line":90,"column":15}},"loc":{"start":{"line":90,"column":21},"end":{"line":90,"column":63}},"line":90},"13":{"name":"(anonymous_13)","decl":{"start":{"line":90,"column":30},"end":{"line":90,"column":36}},"loc":{"start":{"line":90,"column":42},"end":{"line":90,"column":63}},"line":90},"14":{"name":"(anonymous_14)","decl":{"start":{"line":91,"column":7},"end":{"line":91,"column":12}},"loc":{"start":{"line":91,"column":24},"end":{"line":102,"column":null}},"line":91},"15":{"name":"(anonymous_15)","decl":{"start":{"line":92,"column":38},"end":{"line":92,"column":46}},"loc":{"start":{"line":92,"column":52},"end":{"line":92,"column":79}},"line":92},"16":{"name":"(anonymous_16)","decl":{"start":{"line":94,"column":36},"end":{"line":94,"column":44}},"loc":{"start":{"line":94,"column":50},"end":{"line":94,"column":76}},"line":94},"17":{"name":"(anonymous_17)","decl":{"start":{"line":109,"column":48},"end":{"line":109,"column":53}},"loc":{"start":{"line":109,"column":59},"end":{"line":109,"column":64}},"line":109},"18":{"name":"(anonymous_18)","decl":{"start":{"line":110,"column":38},"end":{"line":110,"column":46}},"loc":{"start":{"line":110,"column":52},"end":{"line":110,"column":83}},"line":110},"19":{"name":"(anonymous_19)","decl":{"start":{"line":111,"column":38},"end":{"line":111,"column":46}},"loc":{"start":{"line":111,"column":52},"end":{"line":111,"column":84}},"line":111},"20":{"name":"(anonymous_20)","decl":{"start":{"line":114,"column":35},"end":{"line":114,"column":40}},"loc":{"start":{"line":114,"column":51},"end":{"line":133,"column":null}},"line":114},"21":{"name":"(anonymous_21)","decl":{"start":{"line":116,"column":9},"end":{"line":116,"column":17}},"loc":{"start":{"line":116,"column":23},"end":{"line":116,"column":46}},"line":116},"22":{"name":"(anonymous_22)","decl":{"start":{"line":117,"column":9},"end":{"line":117,"column":14}},"loc":{"start":{"line":117,"column":20},"end":{"line":117,"column":29}},"line":117},"23":{"name":"(anonymous_23)","decl":{"start":{"line":119,"column":33},"end":{"line":119,"column":41}},"loc":{"start":{"line":119,"column":47},"end":{"line":119,"column":73}},"line":119},"24":{"name":"(anonymous_24)","decl":{"start":{"line":120,"column":43},"end":{"line":120,"column":51}},"loc":{"start":{"line":120,"column":57},"end":{"line":120,"column":87}},"line":120},"25":{"name":"(anonymous_25)","decl":{"start":{"line":121,"column":39},"end":{"line":121,"column":47}},"loc":{"start":{"line":121,"column":53},"end":{"line":121,"column":65}},"line":121},"26":{"name":"(anonymous_26)","decl":{"start":{"line":131,"column":31},"end":{"line":131,"column":39}},"loc":{"start":{"line":131,"column":45},"end":{"line":131,"column":71}},"line":131},"27":{"name":"(anonymous_27)","decl":{"start":{"line":137,"column":7},"end":{"line":137,"column":12}},"loc":{"start":{"line":137,"column":25},"end":{"line":144,"column":9}},"line":137},"28":{"name":"(anonymous_28)","decl":{"start":{"line":141,"column":13},"end":{"line":141,"column":21}},"loc":{"start":{"line":141,"column":27},"end":{"line":141,"column":54}},"line":141},"29":{"name":"(anonymous_29)","decl":{"start":{"line":142,"column":13},"end":{"line":142,"column":21}},"loc":{"start":{"line":142,"column":32},"end":{"line":142,"column":63}},"line":142},"30":{"name":"(anonymous_30)","decl":{"start":{"line":145,"column":7},"end":{"line":145,"column":15}},"loc":{"start":{"line":145,"column":21},"end":{"line":145,"column":33}},"line":145},"31":{"name":"(anonymous_31)","decl":{"start":{"line":148,"column":34},"end":{"line":148,"column":39}},"loc":{"start":{"line":148,"column":51},"end":{"line":156,"column":7}},"line":148},"32":{"name":"(anonymous_32)","decl":{"start":{"line":152,"column":11},"end":{"line":152,"column":19}},"loc":{"start":{"line":152,"column":25},"end":{"line":152,"column":48}},"line":152},"33":{"name":"(anonymous_33)","decl":{"start":{"line":153,"column":11},"end":{"line":153,"column":19}},"loc":{"start":{"line":153,"column":30},"end":{"line":153,"column":61}},"line":153},"34":{"name":"(anonymous_34)","decl":{"start":{"line":160,"column":33},"end":{"line":160,"column":38}},"loc":{"start":{"line":160,"column":49},"end":{"line":166,"column":null}},"line":160},"35":{"name":"(anonymous_35)","decl":{"start":{"line":164,"column":40},"end":{"line":164,"column":48}},"loc":{"start":{"line":164,"column":54},"end":{"line":164,"column":73}},"line":164},"36":{"name":"(anonymous_36)","decl":{"start":{"line":165,"column":49},"end":{"line":165,"column":57}},"loc":{"start":{"line":165,"column":68},"end":{"line":165,"column":99}},"line":165},"37":{"name":"(anonymous_37)","decl":{"start":{"line":170,"column":40},"end":{"line":170,"column":48}},"loc":{"start":{"line":170,"column":54},"end":{"line":170,"column":74}},"line":170},"38":{"name":"(anonymous_38)","decl":{"start":{"line":172,"column":44},"end":{"line":172,"column":49}},"loc":{"start":{"line":172,"column":59},"end":{"line":183,"column":null}},"line":172},"39":{"name":"(anonymous_39)","decl":{"start":{"line":173,"column":24},"end":{"line":173,"column":30}},"loc":{"start":{"line":173,"column":37},"end":{"line":173,"column":60}},"line":173},"40":{"name":"(anonymous_40)","decl":{"start":{"line":174,"column":34},"end":{"line":174,"column":40}},"loc":{"start":{"line":174,"column":46},"end":{"line":174,"column":71}},"line":174},"41":{"name":"(anonymous_41)","decl":{"start":{"line":175,"column":28},"end":{"line":175,"column":34}},"loc":{"start":{"line":175,"column":40},"end":{"line":175,"column":62}},"line":175},"42":{"name":"(anonymous_42)","decl":{"start":{"line":185,"column":46},"end":{"line":185,"column":54}},"loc":{"start":{"line":185,"column":60},"end":{"line":185,"column":72}},"line":185},"43":{"name":"(anonymous_43)","decl":{"start":{"line":201,"column":44},"end":{"line":201,"column":52}},"loc":{"start":{"line":201,"column":58},"end":{"line":201,"column":80}},"line":201}},"branchMap":{"0":{"loc":{"start":{"line":26,"column":2},"end":{"line":26,"column":null}},"type":"if","locations":[{"start":{"line":26,"column":2},"end":{"line":26,"column":null}},{"start":{},"end":{}}],"line":26},"1":{"loc":{"start":{"line":29,"column":2},"end":{"line":29,"column":null}},"type":"if","locations":[{"start":{"line":29,"column":2},"end":{"line":29,"column":null}},{"start":{},"end":{}}],"line":29},"2":{"loc":{"start":{"line":36,"column":22},"end":{"line":36,"column":null}},"type":"binary-expr","locations":[{"start":{"line":36,"column":22},"end":{"line":36,"column":51}},{"start":{"line":36,"column":55},"end":{"line":36,"column":null}}],"line":36},"3":{"loc":{"start":{"line":41,"column":4},"end":{"line":52,"column":null}},"type":"if","locations":[{"start":{"line":41,"column":4},"end":{"line":52,"column":null}},{"start":{"line":45,"column":15},"end":{"line":52,"column":null}}],"line":41},"4":{"loc":{"start":{"line":45,"column":15},"end":{"line":52,"column":null}},"type":"if","locations":[{"start":{"line":45,"column":15},"end":{"line":52,"column":null}},{"start":{"line":49,"column":15},"end":{"line":52,"column":null}}],"line":45},"5":{"loc":{"start":{"line":49,"column":15},"end":{"line":52,"column":null}},"type":"if","locations":[{"start":{"line":49,"column":15},"end":{"line":52,"column":null}},{"start":{},"end":{}}],"line":49},"6":{"loc":{"start":{"line":58,"column":4},"end":{"line":58,"column":null}},"type":"if","locations":[{"start":{"line":58,"column":4},"end":{"line":58,"column":null}},{"start":{},"end":{}}],"line":58},"7":{"loc":{"start":{"line":59,"column":4},"end":{"line":59,"column":null}},"type":"if","locations":[{"start":{"line":59,"column":4},"end":{"line":59,"column":null}},{"start":{},"end":{}}],"line":59},"8":{"loc":{"start":{"line":65,"column":4},"end":{"line":65,"column":null}},"type":"if","locations":[{"start":{"line":65,"column":4},"end":{"line":65,"column":null}},{"start":{},"end":{}}],"line":65},"9":{"loc":{"start":{"line":71,"column":4},"end":{"line":71,"column":null}},"type":"if","locations":[{"start":{"line":71,"column":4},"end":{"line":71,"column":null}},{"start":{},"end":{}}],"line":71},"10":{"loc":{"start":{"line":72,"column":4},"end":{"line":72,"column":null}},"type":"if","locations":[{"start":{"line":72,"column":4},"end":{"line":72,"column":null}},{"start":{},"end":{}}],"line":72},"11":{"loc":{"start":{"line":78,"column":4},"end":{"line":78,"column":null}},"type":"if","locations":[{"start":{"line":78,"column":4},"end":{"line":78,"column":null}},{"start":{},"end":{}}],"line":78},"12":{"loc":{"start":{"line":100,"column":26},"end":{"line":100,"column":null}},"type":"cond-expr","locations":[{"start":{"line":100,"column":38},"end":{"line":100,"column":72}},{"start":{"line":100,"column":75},"end":{"line":100,"column":null}}],"line":100},"13":{"loc":{"start":{"line":129,"column":22},"end":{"line":129,"column":null}},"type":"cond-expr","locations":[{"start":{"line":129,"column":34},"end":{"line":129,"column":71}},{"start":{"line":129,"column":74},"end":{"line":129,"column":null}}],"line":129},"14":{"loc":{"start":{"line":142,"column":39},"end":{"line":142,"column":63}},"type":"binary-expr","locations":[{"start":{"line":142,"column":39},"end":{"line":142,"column":59}},{"start":{"line":142,"column":59},"end":{"line":142,"column":63}}],"line":142},"15":{"loc":{"start":{"line":153,"column":37},"end":{"line":153,"column":61}},"type":"binary-expr","locations":[{"start":{"line":153,"column":37},"end":{"line":153,"column":57}},{"start":{"line":153,"column":57},"end":{"line":153,"column":61}}],"line":153},"16":{"loc":{"start":{"line":165,"column":75},"end":{"line":165,"column":99}},"type":"binary-expr","locations":[{"start":{"line":165,"column":75},"end":{"line":165,"column":95}},{"start":{"line":165,"column":95},"end":{"line":165,"column":99}}],"line":165},"17":{"loc":{"start":{"line":178,"column":18},"end":{"line":178,"column":null}},"type":"binary-expr","locations":[{"start":{"line":178,"column":18},"end":{"line":178,"column":29}},{"start":{"line":178,"column":29},"end":{"line":178,"column":null}}],"line":178},"18":{"loc":{"start":{"line":179,"column":22},"end":{"line":179,"column":null}},"type":"binary-expr","locations":[{"start":{"line":179,"column":22},"end":{"line":179,"column":37}},{"start":{"line":179,"column":37},"end":{"line":179,"column":null}}],"line":179},"19":{"loc":{"start":{"line":180,"column":21},"end":{"line":180,"column":null}},"type":"binary-expr","locations":[{"start":{"line":180,"column":21},"end":{"line":180,"column":38}},{"start":{"line":180,"column":38},"end":{"line":180,"column":null}}],"line":180},"20":{"loc":{"start":{"line":181,"column":18},"end":{"line":181,"column":null}},"type":"binary-expr","locations":[{"start":{"line":181,"column":18},"end":{"line":181,"column":32}},{"start":{"line":181,"column":32},"end":{"line":181,"column":null}}],"line":181}},"s":{"0":1,"1":4,"2":4,"3":0,"4":4,"5":4,"6":2,"7":2,"8":2,"9":2,"10":2,"11":2,"12":2,"13":4,"14":4,"15":4,"16":0,"17":0,"18":0,"19":2,"20":0,"21":0,"22":0,"23":2,"24":0,"25":0,"26":0,"27":2,"28":2,"29":2,"30":0,"31":0,"32":2,"33":2,"34":0,"35":2,"36":0,"37":2,"38":2,"39":0,"40":2,"41":0,"42":0,"43":2,"44":2,"45":2,"46":0,"47":0,"48":2,"49":2,"50":0,"51":2,"52":2,"53":0,"54":0,"55":2,"56":2,"57":14,"58":0,"59":14,"60":2,"61":0,"62":0,"63":0,"64":0,"65":0,"66":0,"67":0,"68":0,"69":2,"70":2,"71":0,"72":2,"73":0,"74":2,"75":0,"76":2,"77":0,"78":0,"79":0,"80":0,"81":0,"82":0,"83":0,"84":0,"85":0,"86":0,"87":0,"88":0,"89":2,"90":0,"91":0,"92":0,"93":0,"94":2,"95":0,"96":0,"97":0,"98":2,"99":2,"100":10,"101":10,"102":10,"103":10,"104":0,"105":10,"106":0,"107":2,"108":2,"109":0,"110":2,"111":0,"112":0,"113":0,"114":0,"115":0,"116":0,"117":0,"118":2,"119":0,"120":2,"121":0,"122":0,"123":0},"f":{"0":4,"1":0,"2":0,"3":0,"4":0,"5":0,"6":0,"7":0,"8":0,"9":14,"10":0,"11":14,"12":0,"13":0,"14":0,"15":0,"16":0,"17":0,"18":0,"19":0,"20":0,"21":0,"22":0,"23":0,"24":0,"25":0,"26":0,"27":0,"28":0,"29":0,"30":0,"31":0,"32":0,"33":0,"34":10,"35":0,"36":0,"37":0,"38":0,"39":0,"40":0,"41":0,"42":0,"43":0},"b":{"0":[0,4],"1":[2,2],"2":[2,2],"3":[0,2],"4":[0,2],"5":[0,2],"6":[0,2],"7":[0,2],"8":[0,2],"9":[0,2],"10":[0,2],"11":[0,2],"12":[0,0],"13":[0,0],"14":[0,0],"15":[0,0],"16":[0,0],"17":[0,0],"18":[0,0],"19":[0,0],"20":[0,0]},"meta":{"lastBranch":21,"lastFunction":44,"lastStatement":124,"seen":{"s:14:22:22:Infinity":0,"f:24:22:24:26":0,"s:25:26:25:52":1,"b:26:2:26:Infinity:undefined:undefined:undefined:undefined":0,"s:26:2:26:Infinity":2,"s:26:13:26:Infinity":3,"s:28:8:28:63":4,"b:29:2:29:Infinity:undefined:undefined:undefined:undefined":1,"s:29:2:29:Infinity":5,"s:29:17:29:Infinity":6,"s:31:2:206:Infinity":7,"s:32:29:32:49":8,"s:33:27:33:55":9,"s:34:32:34:65":10,"s:35:28:35:57":11,"s:36:22:36:Infinity":12,"b:36:22:36:51:36:55:36:Infinity":2,"s:39:16:39:26":13,"s:40:35:40:Infinity":14,"b:41:4:52:Infinity:45:15:52:Infinity":3,"s:41:4:52:Infinity":15,"s:42:16:42:29":16,"s:43:6:43:Infinity":17,"s:44:6:44:Infinity":18,"b:45:15:52:Infinity:49:15:52:Infinity":4,"s:45:15:52:Infinity":19,"s:46:16:46:29":20,"s:47:6:47:Infinity":21,"s:48:6:48:Infinity":22,"b:49:15:52:Infinity:undefined:undefined:undefined:undefined":5,"s:49:15:52:Infinity":23,"s:50:16:50:29":24,"s:51:6:51:Infinity":25,"s:52:6:52:Infinity":26,"s:56:34:56:66":27,"s:57:22:57:Infinity":28,"b:58:4:58:Infinity:undefined:undefined:undefined:undefined":6,"s:58:4:58:Infinity":29,"s:58:25:58:Infinity":30,"f:58:51:58:59":1,"s:58:65:58:90":31,"b:59:4:59:Infinity:undefined:undefined:undefined:undefined":7,"s:59:4:59:Infinity":32,"s:59:29:59:Infinity":33,"f:59:55:59:63":2,"s:59:69:59:109":34,"s:61:23:61:51":35,"f:61:35:61:40":3,"s:61:46:61:51":36,"s:63:19:63:48":37,"s:64:4:64:Infinity":38,"f:64:24:64:32":4,"s:64:38:64:70":39,"b:65:4:65:Infinity:undefined:undefined:undefined:undefined":8,"s:65:4:65:Infinity":40,"s:65:19:65:Infinity":41,"f:65:39:65:47":5,"s:65:53:65:107":42,"s:67:26:67:60":43,"s:70:25:70:60":44,"b:71:4:71:Infinity:undefined:undefined:undefined:undefined":9,"s:71:4:71:Infinity":45,"s:71:19:71:Infinity":46,"f:71:51:71:59":6,"s:71:65:71:86":47,"b:72:4:72:Infinity:undefined:undefined:undefined:undefined":10,"s:72:4:72:Infinity":48,"s:72:25:72:Infinity":49,"f:72:57:72:65":7,"s:72:71:72:103":50,"s:74:18:77:79":51,"b:78:4:78:Infinity:undefined:undefined:undefined:undefined":11,"s:78:4:78:Infinity":52,"s:78:24:78:Infinity":53,"f:78:42:78:50":8,"s:78:56:78:80":54,"s:80:27:80:66":55,"s:83:32:86:34":56,"f:83:46:83:51":9,"s:83:63:86:7":57,"f:85:22:85:30":10,"s:85:36:85:56":58,"f:86:8:86:16":11,"s:86:22:86:34":59,"s:89:27:102:Infinity":60,"f:90:7:90:15":12,"s:90:21:90:63":61,"f:90:30:90:36":13,"s:90:42:90:63":62,"f:91:7:91:12":14,"s:92:29:92:79":63,"f:92:38:92:46":15,"s:92:52:92:79":64,"s:93:22:93:Infinity":65,"s:94:23:94:Infinity":66,"f:94:36:94:44":16,"s:94:50:94:76":67,"s:95:8:101:Infinity":68,"b:100:38:100:72:100:75:100:Infinity":12,"s:105:25:108:47":69,"s:109:27:109:65":70,"f:109:48:109:53":17,"s:109:59:109:64":71,"s:110:29:110:Infinity":72,"f:110:38:110:46":18,"s:110:52:110:83":73,"s:111:29:111:Infinity":74,"f:111:38:111:46":19,"s:111:52:111:84":75,"s:114:27:133:Infinity":76,"f:114:35:114:40":20,"s:115:26:117:29":77,"f:116:9:116:17":21,"s:116:23:116:46":78,"f:117:9:117:14":22,"s:117:20:117:29":79,"s:119:24:119:74":80,"f:119:33:119:41":23,"s:119:47:119:73":81,"s:120:29:120:88":82,"f:120:43:120:51":24,"s:120:57:120:87":83,"s:121:24:121:Infinity":84,"f:121:39:121:47":25,"s:121:53:121:65":85,"s:122:20:122:Infinity":86,"s:124:6:132:Infinity":87,"b:129:34:129:71:129:74:129:Infinity":13,"f:131:31:131:39":26,"s:131:45:131:71":88,"s:136:27:145:33":89,"f:137:7:137:12":27,"s:137:25:144:9":90,"f:141:13:141:21":28,"s:141:27:141:54":91,"f:142:13:142:21":29,"s:142:32:142:63":92,"b:142:39:142:59:142:59:142:63":14,"f:145:7:145:15":30,"s:145:21:145:33":93,"s:148:26:156:7":94,"f:148:34:148:39":31,"s:148:51:156:7":95,"f:152:11:152:19":32,"s:152:25:152:48":96,"f:153:11:153:19":33,"s:153:30:153:61":97,"b:153:37:153:57:153:57:153:61":15,"s:159:21:159:Infinity":98,"s:160:24:166:Infinity":99,"f:160:33:160:38":34,"s:161:16:161:26":100,"s:162:6:162:Infinity":101,"s:163:22:163:Infinity":102,"s:164:25:164:73":103,"f:164:40:164:48":35,"s:164:54:164:73":104,"s:165:6:165:Infinity":105,"f:165:49:165:57":36,"s:165:68:165:99":106,"b:165:75:165:95:165:95:165:99":16,"s:169:21:169:Infinity":107,"s:170:25:170:74":108,"f:170:40:170:48":37,"s:170:54:170:74":109,"s:172:31:183:Infinity":110,"f:172:44:172:49":38,"s:173:16:173:60":111,"f:173:24:173:30":39,"s:173:37:173:60":112,"s:174:22:174:71":113,"f:174:34:174:40":40,"s:174:46:174:71":114,"s:175:19:175:62":115,"f:175:28:175:34":41,"s:175:40:175:62":116,"s:176:6:182:Infinity":117,"b:178:18:178:29:178:29:178:Infinity":17,"b:179:22:179:37:179:37:179:Infinity":18,"b:180:21:180:38:180:38:180:Infinity":19,"b:181:18:181:32:181:32:181:Infinity":20,"s:185:32:185:Infinity":118,"f:185:46:185:54":42,"s:185:60:185:72":119,"s:187:4:203:Infinity":120,"f:201:44:201:52":43,"s:201:58:201:80":121,"s:205:4:205:Infinity":122,"s:206:4:206:Infinity":123}}}
,"C:\\Users\\mathi\\Ing-pass\\app\\api\\messages\\route.ts": {"path":"C:\\Users\\mathi\\Ing-pass\\app\\api\\messages\\route.ts","statementMap":{"0":{"start":{"line":13,"column":23},"end":{"line":27,"column":null}},"1":{"start":{"line":30,"column":36},"end":{"line":30,"column":62}},"2":{"start":{"line":31,"column":2},"end":{"line":31,"column":null}},"3":{"start":{"line":31,"column":13},"end":{"line":31,"column":null}},"4":{"start":{"line":33,"column":27},"end":{"line":33,"column":47}},"5":{"start":{"line":34,"column":20},"end":{"line":34,"column":49}},"6":{"start":{"line":35,"column":20},"end":{"line":35,"column":49}},"7":{"start":{"line":36,"column":17},"end":{"line":36,"column":43}},"8":{"start":{"line":37,"column":27},"end":{"line":37,"column":73}},"9":{"start":{"line":39,"column":2},"end":{"line":125,"column":null}},"10":{"start":{"line":42,"column":4},"end":{"line":46,"column":null}},"11":{"start":{"line":43,"column":6},"end":{"line":46,"column":null}},"12":{"start":{"line":49,"column":4},"end":{"line":119,"column":null}},"13":{"start":{"line":50,"column":37},"end":{"line":50,"column":88}},"14":{"start":{"line":51,"column":6},"end":{"line":51,"column":null}},"15":{"start":{"line":51,"column":23},"end":{"line":51,"column":null}},"16":{"start":{"line":54,"column":6},"end":{"line":59,"column":null}},"17":{"start":{"line":60,"column":15},"end":{"line":119,"column":null}},"18":{"start":{"line":61,"column":37},"end":{"line":61,"column":94}},"19":{"start":{"line":62,"column":6},"end":{"line":62,"column":null}},"20":{"start":{"line":62,"column":23},"end":{"line":62,"column":null}},"21":{"start":{"line":64,"column":6},"end":{"line":69,"column":null}},"22":{"start":{"line":70,"column":15},"end":{"line":119,"column":null}},"23":{"start":{"line":71,"column":37},"end":{"line":71,"column":94}},"24":{"start":{"line":72,"column":6},"end":{"line":72,"column":null}},"25":{"start":{"line":72,"column":23},"end":{"line":72,"column":null}},"26":{"start":{"line":75,"column":6},"end":{"line":80,"column":null}},"27":{"start":{"line":83,"column":6},"end":{"line":84,"column":null}},"28":{"start":{"line":84,"column":8},"end":{"line":84,"column":null}},"29":{"start":{"line":86,"column":24},"end":{"line":112,"column":55}},"30":{"start":{"line":114,"column":6},"end":{"line":119,"column":null}},"31":{"start":{"line":122,"column":4},"end":{"line":122,"column":null}},"32":{"start":{"line":124,"column":4},"end":{"line":124,"column":null}},"33":{"start":{"line":125,"column":4},"end":{"line":125,"column":null}},"34":{"start":{"line":130,"column":36},"end":{"line":130,"column":62}},"35":{"start":{"line":131,"column":2},"end":{"line":131,"column":null}},"36":{"start":{"line":131,"column":13},"end":{"line":131,"column":null}},"37":{"start":{"line":133,"column":2},"end":{"line":172,"column":null}},"38":{"start":{"line":134,"column":17},"end":{"line":134,"column":37}},"39":{"start":{"line":135,"column":37},"end":{"line":135,"column":null}},"40":{"start":{"line":137,"column":29},"end":{"line":137,"column":67}},"41":{"start":{"line":139,"column":4},"end":{"line":143,"column":null}},"42":{"start":{"line":140,"column":6},"end":{"line":143,"column":null}},"43":{"start":{"line":146,"column":26},"end":{"line":152,"column":null}},"44":{"start":{"line":148,"column":10},"end":{"line":148,"column":null}},"45":{"start":{"line":151,"column":10},"end":{"line":151,"column":null}},"46":{"start":{"line":154,"column":4},"end":{"line":156,"column":null}},"47":{"start":{"line":155,"column":37},"end":{"line":155,"column":94}},"48":{"start":{"line":156,"column":6},"end":{"line":156,"column":null}},"49":{"start":{"line":156,"column":23},"end":{"line":156,"column":null}},"50":{"start":{"line":159,"column":4},"end":{"line":161,"column":null}},"51":{"start":{"line":160,"column":37},"end":{"line":160,"column":94}},"52":{"start":{"line":161,"column":6},"end":{"line":161,"column":null}},"53":{"start":{"line":161,"column":23},"end":{"line":161,"column":null}},"54":{"start":{"line":164,"column":4},"end":{"line":167,"column":null}},"55":{"start":{"line":169,"column":4},"end":{"line":169,"column":null}},"56":{"start":{"line":171,"column":4},"end":{"line":171,"column":null}},"57":{"start":{"line":172,"column":4},"end":{"line":172,"column":null}},"58":{"start":{"line":177,"column":36},"end":{"line":177,"column":62}},"59":{"start":{"line":178,"column":2},"end":{"line":178,"column":null}},"60":{"start":{"line":178,"column":13},"end":{"line":178,"column":null}},"61":{"start":{"line":180,"column":2},"end":{"line":294,"column":null}},"62":{"start":{"line":181,"column":17},"end":{"line":181,"column":37}},"63":{"start":{"line":182,"column":96},"end":{"line":182,"column":null}},"64":{"start":{"line":183,"column":29},"end":{"line":183,"column":75}},"65":{"start":{"line":185,"column":4},"end":{"line":186,"column":null}},"66":{"start":{"line":186,"column":6},"end":{"line":186,"column":null}},"67":{"start":{"line":189,"column":4},"end":{"line":193,"column":null}},"68":{"start":{"line":190,"column":6},"end":{"line":193,"column":null}},"69":{"start":{"line":196,"column":10},"end":{"line":196,"column":60}},"70":{"start":{"line":197,"column":4},"end":{"line":198,"column":null}},"71":{"start":{"line":198,"column":6},"end":{"line":198,"column":null}},"72":{"start":{"line":201,"column":90},"end":{"line":201,"column":null}},"73":{"start":{"line":203,"column":4},"end":{"line":206,"column":null}},"74":{"start":{"line":204,"column":25},"end":{"line":204,"column":76}},"75":{"start":{"line":205,"column":6},"end":{"line":205,"column":null}},"76":{"start":{"line":205,"column":28},"end":{"line":205,"column":null}},"77":{"start":{"line":206,"column":6},"end":{"line":206,"column":null}},"78":{"start":{"line":209,"column":4},"end":{"line":217,"column":null}},"79":{"start":{"line":210,"column":28},"end":{"line":210,"column":85}},"80":{"start":{"line":211,"column":6},"end":{"line":211,"column":null}},"81":{"start":{"line":211,"column":31},"end":{"line":211,"column":null}},"82":{"start":{"line":213,"column":6},"end":{"line":217,"column":null}},"83":{"start":{"line":214,"column":8},"end":{"line":217,"column":null}},"84":{"start":{"line":221,"column":4},"end":{"line":232,"column":null}},"85":{"start":{"line":222,"column":28},"end":{"line":224,"column":8}},"86":{"start":{"line":226,"column":6},"end":{"line":226,"column":null}},"87":{"start":{"line":226,"column":31},"end":{"line":226,"column":null}},"88":{"start":{"line":228,"column":6},"end":{"line":232,"column":null}},"89":{"start":{"line":229,"column":8},"end":{"line":232,"column":null}},"90":{"start":{"line":236,"column":22},"end":{"line":248,"column":18}},"91":{"start":{"line":251,"column":4},"end":{"line":280,"column":null}},"92":{"start":{"line":252,"column":6},"end":{"line":280,"column":null}},"93":{"start":{"line":253,"column":31},"end":{"line":253,"column":79}},"94":{"start":{"line":254,"column":8},"end":{"line":276,"column":null}},"95":{"start":{"line":255,"column":33},"end":{"line":255,"column":85}},"96":{"start":{"line":255,"column":71},"end":{"line":255,"column":82}},"97":{"start":{"line":256,"column":33},"end":{"line":262,"column":18}},"98":{"start":{"line":260,"column":40},"end":{"line":260,"column":57}},"99":{"start":{"line":264,"column":10},"end":{"line":276,"column":null}},"100":{"start":{"line":265,"column":12},"end":{"line":276,"column":null}},"101":{"start":{"line":267,"column":31},"end":{"line":267,"column":52}},"102":{"start":{"line":268,"column":41},"end":{"line":275,"column":19}},"103":{"start":{"line":280,"column":8},"end":{"line":280,"column":null}},"104":{"start":{"line":285,"column":21},"end":{"line":289,"column":null}},"105":{"start":{"line":291,"column":4},"end":{"line":291,"column":null}},"106":{"start":{"line":293,"column":4},"end":{"line":293,"column":null}},"107":{"start":{"line":294,"column":4},"end":{"line":294,"column":null}}},"fnMap":{"0":{"name":"GET","decl":{"start":{"line":29,"column":22},"end":{"line":29,"column":26}},"loc":{"start":{"line":29,"column":48},"end":{"line":125,"column":null}},"line":29},"1":{"name":"PATCH","decl":{"start":{"line":129,"column":22},"end":{"line":129,"column":28}},"loc":{"start":{"line":129,"column":50},"end":{"line":172,"column":null}},"line":129},"2":{"name":"(anonymous_2)","decl":{"start":{"line":146,"column":26},"end":{"line":146,"column":null}},"loc":{"start":{"line":147,"column":15},"end":{"line":149,"column":null}},"line":147},"3":{"name":"(anonymous_3)","decl":{"start":{"line":149,"column":12},"end":{"line":149,"column":null}},"loc":{"start":{"line":150,"column":15},"end":{"line":152,"column":null}},"line":150},"4":{"name":"POST","decl":{"start":{"line":176,"column":22},"end":{"line":176,"column":27}},"loc":{"start":{"line":176,"column":49},"end":{"line":294,"column":null}},"line":176},"5":{"name":"(anonymous_5)","decl":{"start":{"line":255,"column":60},"end":{"line":255,"column":65}},"loc":{"start":{"line":255,"column":71},"end":{"line":255,"column":82}},"line":255},"6":{"name":"(anonymous_6)","decl":{"start":{"line":260,"column":29},"end":{"line":260,"column":34}},"loc":{"start":{"line":260,"column":40},"end":{"line":260,"column":57}},"line":260},"7":{"name":"(anonymous_7)","decl":{"start":{"line":267,"column":17},"end":{"line":267,"column":25}},"loc":{"start":{"line":267,"column":31},"end":{"line":267,"column":52}},"line":267},"8":{"name":"(anonymous_8)","decl":{"start":{"line":268,"column":17},"end":{"line":268,"column":22}},"loc":{"start":{"line":268,"column":41},"end":{"line":275,"column":19}},"line":268}},"branchMap":{"0":{"loc":{"start":{"line":31,"column":2},"end":{"line":31,"column":null}},"type":"if","locations":[{"start":{"line":31,"column":2},"end":{"line":31,"column":null}},{"start":{},"end":{}}],"line":31},"1":{"loc":{"start":{"line":42,"column":4},"end":{"line":46,"column":null}},"type":"if","locations":[{"start":{"line":42,"column":4},"end":{"line":46,"column":null}},{"start":{},"end":{}}],"line":42},"2":{"loc":{"start":{"line":49,"column":4},"end":{"line":119,"column":null}},"type":"if","locations":[{"start":{"line":49,"column":4},"end":{"line":119,"column":null}},{"start":{"line":60,"column":15},"end":{"line":119,"column":null}}],"line":49},"3":{"loc":{"start":{"line":51,"column":6},"end":{"line":51,"column":null}},"type":"if","locations":[{"start":{"line":51,"column":6},"end":{"line":51,"column":null}},{"start":{},"end":{}}],"line":51},"4":{"loc":{"start":{"line":60,"column":15},"end":{"line":119,"column":null}},"type":"if","locations":[{"start":{"line":60,"column":15},"end":{"line":119,"column":null}},{"start":{"line":70,"column":15},"end":{"line":119,"column":null}}],"line":60},"5":{"loc":{"start":{"line":62,"column":6},"end":{"line":62,"column":null}},"type":"if","locations":[{"start":{"line":62,"column":6},"end":{"line":62,"column":null}},{"start":{},"end":{}}],"line":62},"6":{"loc":{"start":{"line":70,"column":15},"end":{"line":119,"column":null}},"type":"if","locations":[{"start":{"line":70,"column":15},"end":{"line":119,"column":null}},{"start":{"line":81,"column":11},"end":{"line":119,"column":null}}],"line":70},"7":{"loc":{"start":{"line":72,"column":6},"end":{"line":72,"column":null}},"type":"if","locations":[{"start":{"line":72,"column":6},"end":{"line":72,"column":null}},{"start":{},"end":{}}],"line":72},"8":{"loc":{"start":{"line":83,"column":6},"end":{"line":84,"column":null}},"type":"if","locations":[{"start":{"line":83,"column":6},"end":{"line":84,"column":null}},{"start":{},"end":{}}],"line":83},"9":{"loc":{"start":{"line":83,"column":10},"end":{"line":83,"column":72}},"type":"binary-expr","locations":[{"start":{"line":83,"column":10},"end":{"line":83,"column":39}},{"start":{"line":83,"column":39},"end":{"line":83,"column":72}}],"line":83},"10":{"loc":{"start":{"line":114,"column":20},"end":{"line":119,"column":64}},"type":"cond-expr","locations":[{"start":{"line":115,"column":10},"end":{"line":118,"column":23}},{"start":{"line":119,"column":10},"end":{"line":119,"column":64}}],"line":114},"11":{"loc":{"start":{"line":131,"column":2},"end":{"line":131,"column":null}},"type":"if","locations":[{"start":{"line":131,"column":2},"end":{"line":131,"column":null}},{"start":{},"end":{}}],"line":131},"12":{"loc":{"start":{"line":139,"column":4},"end":{"line":143,"column":null}},"type":"if","locations":[{"start":{"line":139,"column":4},"end":{"line":143,"column":null}},{"start":{},"end":{}}],"line":139},"13":{"loc":{"start":{"line":146,"column":26},"end":{"line":152,"column":null}},"type":"cond-expr","locations":[{"start":{"line":146,"column":26},"end":{"line":149,"column":null}},{"start":{"line":149,"column":12},"end":{"line":152,"column":null}}],"line":146},"14":{"loc":{"start":{"line":154,"column":4},"end":{"line":156,"column":null}},"type":"if","locations":[{"start":{"line":154,"column":4},"end":{"line":156,"column":null}},{"start":{},"end":{}}],"line":154},"15":{"loc":{"start":{"line":156,"column":6},"end":{"line":156,"column":null}},"type":"if","locations":[{"start":{"line":156,"column":6},"end":{"line":156,"column":null}},{"start":{},"end":{}}],"line":156},"16":{"loc":{"start":{"line":159,"column":4},"end":{"line":161,"column":null}},"type":"if","locations":[{"start":{"line":159,"column":4},"end":{"line":161,"column":null}},{"start":{},"end":{}}],"line":159},"17":{"loc":{"start":{"line":161,"column":6},"end":{"line":161,"column":null}},"type":"if","locations":[{"start":{"line":161,"column":6},"end":{"line":161,"column":null}},{"start":{},"end":{}}],"line":161},"18":{"loc":{"start":{"line":178,"column":2},"end":{"line":178,"column":null}},"type":"if","locations":[{"start":{"line":178,"column":2},"end":{"line":178,"column":null}},{"start":{},"end":{}}],"line":178},"19":{"loc":{"start":{"line":185,"column":4},"end":{"line":186,"column":null}},"type":"if","locations":[{"start":{"line":185,"column":4},"end":{"line":186,"column":null}},{"start":{},"end":{}}],"line":185},"20":{"loc":{"start":{"line":189,"column":4},"end":{"line":193,"column":null}},"type":"if","locations":[{"start":{"line":189,"column":4},"end":{"line":193,"column":null}},{"start":{},"end":{}}],"line":189},"21":{"loc":{"start":{"line":197,"column":4},"end":{"line":198,"column":null}},"type":"if","locations":[{"start":{"line":197,"column":4},"end":{"line":198,"column":null}},{"start":{},"end":{}}],"line":197},"22":{"loc":{"start":{"line":203,"column":4},"end":{"line":206,"column":null}},"type":"if","locations":[{"start":{"line":203,"column":4},"end":{"line":206,"column":null}},{"start":{},"end":{}}],"line":203},"23":{"loc":{"start":{"line":205,"column":6},"end":{"line":205,"column":null}},"type":"if","locations":[{"start":{"line":205,"column":6},"end":{"line":205,"column":null}},{"start":{},"end":{}}],"line":205},"24":{"loc":{"start":{"line":209,"column":4},"end":{"line":217,"column":null}},"type":"if","locations":[{"start":{"line":209,"column":4},"end":{"line":217,"column":null}},{"start":{},"end":{}}],"line":209},"25":{"loc":{"start":{"line":211,"column":6},"end":{"line":211,"column":null}},"type":"if","locations":[{"start":{"line":211,"column":6},"end":{"line":211,"column":null}},{"start":{},"end":{}}],"line":211},"26":{"loc":{"start":{"line":213,"column":6},"end":{"line":217,"column":null}},"type":"if","locations":[{"start":{"line":213,"column":6},"end":{"line":217,"column":null}},{"start":{},"end":{}}],"line":213},"27":{"loc":{"start":{"line":213,"column":10},"end":{"line":213,"column":84}},"type":"binary-expr","locations":[{"start":{"line":213,"column":10},"end":{"line":213,"column":25}},{"start":{"line":213,"column":25},"end":{"line":213,"column":84}}],"line":213},"28":{"loc":{"start":{"line":221,"column":4},"end":{"line":232,"column":null}},"type":"if","locations":[{"start":{"line":221,"column":4},"end":{"line":232,"column":null}},{"start":{},"end":{}}],"line":221},"29":{"loc":{"start":{"line":226,"column":6},"end":{"line":226,"column":null}},"type":"if","locations":[{"start":{"line":226,"column":6},"end":{"line":226,"column":null}},{"start":{},"end":{}}],"line":226},"30":{"loc":{"start":{"line":228,"column":6},"end":{"line":232,"column":null}},"type":"if","locations":[{"start":{"line":228,"column":6},"end":{"line":232,"column":null}},{"start":{},"end":{}}],"line":228},"31":{"loc":{"start":{"line":228,"column":10},"end":{"line":228,"column":58}},"type":"binary-expr","locations":[{"start":{"line":228,"column":10},"end":{"line":228,"column":35}},{"start":{"line":228,"column":35},"end":{"line":228,"column":46}},{"start":{"line":228,"column":46},"end":{"line":228,"column":58}}],"line":228},"32":{"loc":{"start":{"line":241,"column":19},"end":{"line":241,"column":null}},"type":"binary-expr","locations":[{"start":{"line":241,"column":19},"end":{"line":241,"column":32}},{"start":{"line":241,"column":32},"end":{"line":241,"column":null}}],"line":241},"33":{"loc":{"start":{"line":242,"column":19},"end":{"line":242,"column":null}},"type":"binary-expr","locations":[{"start":{"line":242,"column":19},"end":{"line":242,"column":32}},{"start":{"line":242,"column":32},"end":{"line":242,"column":null}}],"line":242},"34":{"loc":{"start":{"line":243,"column":16},"end":{"line":243,"column":null}},"type":"binary-expr","locations":[{"start":{"line":243,"column":16},"end":{"line":243,"column":26}},{"start":{"line":243,"column":26},"end":{"line":243,"column":null}}],"line":243},"35":{"loc":{"start":{"line":244,"column":25},"end":{"line":244,"column":null}},"type":"binary-expr","locations":[{"start":{"line":244,"column":25},"end":{"line":244,"column":44}},{"start":{"line":244,"column":44},"end":{"line":244,"column":null}}],"line":244},"36":{"loc":{"start":{"line":245,"column":20},"end":{"line":245,"column":null}},"type":"binary-expr","locations":[{"start":{"line":245,"column":20},"end":{"line":245,"column":34}},{"start":{"line":245,"column":34},"end":{"line":245,"column":null}}],"line":245},"37":{"loc":{"start":{"line":246,"column":21},"end":{"line":246,"column":null}},"type":"binary-expr","locations":[{"start":{"line":246,"column":21},"end":{"line":246,"column":36}},{"start":{"line":246,"column":36},"end":{"line":246,"column":null}}],"line":246},"38":{"loc":{"start":{"line":251,"column":4},"end":{"line":280,"column":null}},"type":"if","locations":[{"start":{"line":251,"column":4},"end":{"line":280,"column":null}},{"start":{},"end":{}}],"line":251},"39":{"loc":{"start":{"line":251,"column":8},"end":{"line":251,"column":35}},"type":"binary-expr","locations":[{"start":{"line":251,"column":8},"end":{"line":251,"column":18}},{"start":{"line":251,"column":18},"end":{"line":251,"column":35}}],"line":251},"40":{"loc":{"start":{"line":254,"column":8},"end":{"line":276,"column":null}},"type":"if","locations":[{"start":{"line":254,"column":8},"end":{"line":276,"column":null}},{"start":{},"end":{}}],"line":254},"41":{"loc":{"start":{"line":264,"column":10},"end":{"line":276,"column":null}},"type":"if","locations":[{"start":{"line":264,"column":10},"end":{"line":276,"column":null}},{"start":{},"end":{}}],"line":264}},"s":{"0":1,"1":1,"2":1,"3":0,"4":1,"5":1,"6":1,"7":1,"8":1,"9":1,"10":1,"11":1,"12":0,"13":0,"14":0,"15":0,"16":0,"17":0,"18":0,"19":0,"20":0,"21":0,"22":0,"23":0,"24":0,"25":0,"26":0,"27":0,"28":0,"29":0,"30":0,"31":0,"32":0,"33":0,"34":1,"35":1,"36":0,"37":1,"38":1,"39":1,"40":1,"41":1,"42":1,"43":0,"44":0,"45":0,"46":1,"47":0,"48":0,"49":0,"50":0,"51":0,"52":0,"53":0,"54":0,"55":0,"56":0,"57":0,"58":2,"59":2,"60":0,"61":2,"62":2,"63":2,"64":2,"65":2,"66":0,"67":2,"68":0,"69":2,"70":2,"71":0,"72":2,"73":2,"74":1,"75":1,"76":0,"77":1,"78":2,"79":1,"80":1,"81":0,"82":1,"83":1,"84":1,"85":1,"86":1,"87":0,"88":1,"89":1,"90":0,"91":0,"92":0,"93":0,"94":0,"95":0,"96":0,"97":0,"98":0,"99":0,"100":0,"101":0,"102":0,"103":0,"104":0,"105":0,"106":0,"107":0},"f":{"0":1,"1":1,"2":0,"3":0,"4":2,"5":0,"6":0,"7":0,"8":0},"b":{"0":[0,1],"1":[1,0],"2":[0,0],"3":[0,0],"4":[0,0],"5":[0,0],"6":[0,0],"7":[0,0],"8":[0,0],"9":[0,0],"10":[0,0],"11":[0,1],"12":[1,0],"13":[0,0],"14":[0,1],"15":[0,0],"16":[0,0],"17":[0,0],"18":[0,2],"19":[0,2],"20":[0,2],"21":[0,2],"22":[1,1],"23":[0,1],"24":[1,1],"25":[0,1],"26":[1,0],"27":[1,1],"28":[1,0],"29":[0,1],"30":[1,0],"31":[1,1,1],"32":[0,0],"33":[2,0],"34":[2,0],"35":[2,0],"36":[2,0],"37":[2,0],"38":[0,0],"39":[0,0],"40":[0,0],"41":[0,0]},"meta":{"lastBranch":42,"lastFunction":9,"lastStatement":108,"seen":{"s:13:23:27:Infinity":0,"f:29:22:29:26":0,"s:30:36:30:62":1,"b:31:2:31:Infinity:undefined:undefined:undefined:undefined":0,"s:31:2:31:Infinity":2,"s:31:13:31:Infinity":3,"s:33:27:33:47":4,"s:34:20:34:49":5,"s:35:20:35:49":6,"s:36:17:36:43":7,"s:37:27:37:73":8,"s:39:2:125:Infinity":9,"b:42:4:46:Infinity:undefined:undefined:undefined:undefined":1,"s:42:4:46:Infinity":10,"s:43:6:46:Infinity":11,"b:49:4:119:Infinity:60:15:119:Infinity":2,"s:49:4:119:Infinity":12,"s:50:37:50:88":13,"b:51:6:51:Infinity:undefined:undefined:undefined:undefined":3,"s:51:6:51:Infinity":14,"s:51:23:51:Infinity":15,"s:54:6:59:Infinity":16,"b:60:15:119:Infinity:70:15:119:Infinity":4,"s:60:15:119:Infinity":17,"s:61:37:61:94":18,"b:62:6:62:Infinity:undefined:undefined:undefined:undefined":5,"s:62:6:62:Infinity":19,"s:62:23:62:Infinity":20,"s:64:6:69:Infinity":21,"b:70:15:119:Infinity:81:11:119:Infinity":6,"s:70:15:119:Infinity":22,"s:71:37:71:94":23,"b:72:6:72:Infinity:undefined:undefined:undefined:undefined":7,"s:72:6:72:Infinity":24,"s:72:23:72:Infinity":25,"s:75:6:80:Infinity":26,"b:83:6:84:Infinity:undefined:undefined:undefined:undefined":8,"s:83:6:84:Infinity":27,"b:83:10:83:39:83:39:83:72":9,"s:84:8:84:Infinity":28,"s:86:24:112:55":29,"s:114:6:119:Infinity":30,"b:115:10:118:23:119:10:119:64":10,"s:122:4:122:Infinity":31,"s:124:4:124:Infinity":32,"s:125:4:125:Infinity":33,"f:129:22:129:28":1,"s:130:36:130:62":34,"b:131:2:131:Infinity:undefined:undefined:undefined:undefined":11,"s:131:2:131:Infinity":35,"s:131:13:131:Infinity":36,"s:133:2:172:Infinity":37,"s:134:17:134:37":38,"s:135:37:135:Infinity":39,"s:137:29:137:67":40,"b:139:4:143:Infinity:undefined:undefined:undefined:undefined":12,"s:139:4:143:Infinity":41,"s:140:6:143:Infinity":42,"s:146:26:152:Infinity":43,"b:146:26:149:Infinity:149:12:152:Infinity":13,"f:146:26:146:Infinity":2,"s:148:10:148:Infinity":44,"f:149:12:149:Infinity":3,"s:151:10:151:Infinity":45,"b:154:4:156:Infinity:undefined:undefined:undefined:undefined":14,"s:154:4:156:Infinity":46,"s:155:37:155:94":47,"b:156:6:156:Infinity:undefined:undefined:undefined:undefined":15,"s:156:6:156:Infinity":48,"s:156:23:156:Infinity":49,"b:159:4:161:Infinity:undefined:undefined:undefined:undefined":16,"s:159:4:161:Infinity":50,"s:160:37:160:94":51,"b:161:6:161:Infinity:undefined:undefined:undefined:undefined":17,"s:161:6:161:Infinity":52,"s:161:23:161:Infinity":53,"s:164:4:167:Infinity":54,"s:169:4:169:Infinity":55,"s:171:4:171:Infinity":56,"s:172:4:172:Infinity":57,"f:176:22:176:27":4,"s:177:36:177:62":58,"b:178:2:178:Infinity:undefined:undefined:undefined:undefined":18,"s:178:2:178:Infinity":59,"s:178:13:178:Infinity":60,"s:180:2:294:Infinity":61,"s:181:17:181:37":62,"s:182:96:182:Infinity":63,"s:183:29:183:75":64,"b:185:4:186:Infinity:undefined:undefined:undefined:undefined":19,"s:185:4:186:Infinity":65,"s:186:6:186:Infinity":66,"b:189:4:193:Infinity:undefined:undefined:undefined:undefined":20,"s:189:4:193:Infinity":67,"s:190:6:193:Infinity":68,"s:196:10:196:60":69,"b:197:4:198:Infinity:undefined:undefined:undefined:undefined":21,"s:197:4:198:Infinity":70,"s:198:6:198:Infinity":71,"s:201:90:201:Infinity":72,"b:203:4:206:Infinity:undefined:undefined:undefined:undefined":22,"s:203:4:206:Infinity":73,"s:204:25:204:76":74,"b:205:6:205:Infinity:undefined:undefined:undefined:undefined":23,"s:205:6:205:Infinity":75,"s:205:28:205:Infinity":76,"s:206:6:206:Infinity":77,"b:209:4:217:Infinity:undefined:undefined:undefined:undefined":24,"s:209:4:217:Infinity":78,"s:210:28:210:85":79,"b:211:6:211:Infinity:undefined:undefined:undefined:undefined":25,"s:211:6:211:Infinity":80,"s:211:31:211:Infinity":81,"b:213:6:217:Infinity:undefined:undefined:undefined:undefined":26,"s:213:6:217:Infinity":82,"b:213:10:213:25:213:25:213:84":27,"s:214:8:217:Infinity":83,"b:221:4:232:Infinity:undefined:undefined:undefined:undefined":28,"s:221:4:232:Infinity":84,"s:222:28:224:8":85,"b:226:6:226:Infinity:undefined:undefined:undefined:undefined":29,"s:226:6:226:Infinity":86,"s:226:31:226:Infinity":87,"b:228:6:232:Infinity:undefined:undefined:undefined:undefined":30,"s:228:6:232:Infinity":88,"b:228:10:228:35:228:35:228:46:228:46:228:58":31,"s:229:8:232:Infinity":89,"s:236:22:248:18":90,"b:241:19:241:32:241:32:241:Infinity":32,"b:242:19:242:32:242:32:242:Infinity":33,"b:243:16:243:26:243:26:243:Infinity":34,"b:244:25:244:44:244:44:244:Infinity":35,"b:245:20:245:34:245:34:245:Infinity":36,"b:246:21:246:36:246:36:246:Infinity":37,"b:251:4:280:Infinity:undefined:undefined:undefined:undefined":38,"s:251:4:280:Infinity":91,"b:251:8:251:18:251:18:251:35":39,"s:252:6:280:Infinity":92,"s:253:31:253:79":93,"b:254:8:276:Infinity:undefined:undefined:undefined:undefined":40,"s:254:8:276:Infinity":94,"s:255:33:255:85":95,"f:255:60:255:65":5,"s:255:71:255:82":96,"s:256:33:262:18":97,"f:260:29:260:34":6,"s:260:40:260:57":98,"b:264:10:276:Infinity:undefined:undefined:undefined:undefined":41,"s:264:10:276:Infinity":99,"s:265:12:276:Infinity":100,"f:267:17:267:25":7,"s:267:31:267:52":101,"f:268:17:268:22":8,"s:268:41:275:19":102,"s:280:8:280:Infinity":103,"s:285:21:289:Infinity":104,"s:291:4:291:Infinity":105,"s:293:4:293:Infinity":106,"s:294:4:294:Infinity":107}}}
,"C:\\Users\\mathi\\Ing-pass\\app\\api\\projects\\route.ts": {"path":"C:\\Users\\mathi\\Ing-pass\\app\\api\\projects\\route.ts","statementMap":{"0":{"start":{"line":23,"column":2},"end":{"line":29,"column":null}},"1":{"start":{"line":33,"column":36},"end":{"line":33,"column":62}},"2":{"start":{"line":34,"column":2},"end":{"line":34,"column":null}},"3":{"start":{"line":34,"column":13},"end":{"line":34,"column":null}},"4":{"start":{"line":36,"column":2},"end":{"line":278,"column":null}},"5":{"start":{"line":37,"column":29},"end":{"line":37,"column":49}},"6":{"start":{"line":38,"column":19},"end":{"line":38,"column":45}},"7":{"start":{"line":39,"column":21},"end":{"line":39,"column":49}},"8":{"start":{"line":41,"column":4},"end":{"line":154,"column":null}},"9":{"start":{"line":42,"column":29},"end":{"line":46,"column":17}},"10":{"start":{"line":48,"column":6},"end":{"line":49,"column":null}},"11":{"start":{"line":49,"column":8},"end":{"line":49,"column":null}},"12":{"start":{"line":52,"column":26},"end":{"line":52,"column":109}},"13":{"start":{"line":54,"column":6},"end":{"line":55,"column":null}},"14":{"start":{"line":55,"column":8},"end":{"line":55,"column":null}},"15":{"start":{"line":58,"column":25},"end":{"line":58,"column":53}},"16":{"start":{"line":58,"column":48},"end":{"line":58,"column":53}},"17":{"start":{"line":60,"column":62},"end":{"line":65,"column":8}},"18":{"start":{"line":67,"column":22},"end":{"line":67,"column":47}},"19":{"start":{"line":67,"column":42},"end":{"line":67,"column":47}},"20":{"start":{"line":69,"column":8},"end":{"line":79,"column":null}},"21":{"start":{"line":81,"column":31},"end":{"line":81,"column":58}},"22":{"start":{"line":82,"column":6},"end":{"line":85,"column":null}},"23":{"start":{"line":83,"column":21},"end":{"line":83,"column":60}},"24":{"start":{"line":84,"column":8},"end":{"line":84,"column":null}},"25":{"start":{"line":85,"column":8},"end":{"line":85,"column":null}},"26":{"start":{"line":88,"column":28},"end":{"line":88,"column":79}},"27":{"start":{"line":89,"column":6},"end":{"line":92,"column":null}},"28":{"start":{"line":90,"column":21},"end":{"line":90,"column":57}},"29":{"start":{"line":91,"column":8},"end":{"line":91,"column":null}},"30":{"start":{"line":92,"column":8},"end":{"line":92,"column":null}},"31":{"start":{"line":95,"column":29},"end":{"line":95,"column":63}},"32":{"start":{"line":96,"column":6},"end":{"line":99,"column":null}},"33":{"start":{"line":97,"column":21},"end":{"line":97,"column":58}},"34":{"start":{"line":98,"column":8},"end":{"line":98,"column":null}},"35":{"start":{"line":99,"column":8},"end":{"line":99,"column":null}},"36":{"start":{"line":102,"column":28},"end":{"line":102,"column":68}},"37":{"start":{"line":103,"column":6},"end":{"line":106,"column":null}},"38":{"start":{"line":104,"column":21},"end":{"line":104,"column":58}},"39":{"start":{"line":105,"column":8},"end":{"line":105,"column":null}},"40":{"start":{"line":106,"column":8},"end":{"line":106,"column":null}},"41":{"start":{"line":109,"column":32},"end":{"line":109,"column":59}},"42":{"start":{"line":110,"column":6},"end":{"line":113,"column":null}},"43":{"start":{"line":111,"column":21},"end":{"line":111,"column":58}},"44":{"start":{"line":112,"column":8},"end":{"line":112,"column":null}},"45":{"start":{"line":113,"column":8},"end":{"line":113,"column":null}},"46":{"start":{"line":116,"column":31},"end":{"line":116,"column":70}},"47":{"start":{"line":117,"column":6},"end":{"line":120,"column":null}},"48":{"start":{"line":118,"column":21},"end":{"line":118,"column":58}},"49":{"start":{"line":119,"column":8},"end":{"line":119,"column":null}},"50":{"start":{"line":120,"column":8},"end":{"line":120,"column":null}},"51":{"start":{"line":123,"column":25},"end":{"line":123,"column":62}},"52":{"start":{"line":124,"column":6},"end":{"line":127,"column":null}},"53":{"start":{"line":125,"column":21},"end":{"line":125,"column":52}},"54":{"start":{"line":126,"column":8},"end":{"line":126,"column":null}},"55":{"start":{"line":127,"column":8},"end":{"line":127,"column":null}},"56":{"start":{"line":130,"column":25},"end":{"line":130,"column":160}},"57":{"start":{"line":131,"column":6},"end":{"line":134,"column":null}},"58":{"start":{"line":132,"column":21},"end":{"line":132,"column":51}},"59":{"start":{"line":133,"column":8},"end":{"line":133,"column":null}},"60":{"start":{"line":134,"column":8},"end":{"line":134,"column":null}},"61":{"start":{"line":137,"column":23},"end":{"line":152,"column":null}},"62":{"start":{"line":138,"column":32},"end":{"line":138,"column":68}},"63":{"start":{"line":139,"column":8},"end":{"line":151,"column":null}},"64":{"start":{"line":143,"column":48},"end":{"line":149,"column":13}},"65":{"start":{"line":154,"column":6},"end":{"line":154,"column":null}},"66":{"start":{"line":157,"column":16},"end":{"line":157,"column":42}},"67":{"start":{"line":159,"column":4},"end":{"line":160,"column":null}},"68":{"start":{"line":160,"column":6},"end":{"line":160,"column":null}},"69":{"start":{"line":162,"column":4},"end":{"line":163,"column":null}},"70":{"start":{"line":163,"column":6},"end":{"line":163,"column":null}},"71":{"start":{"line":166,"column":24},"end":{"line":166,"column":null}},"72":{"start":{"line":168,"column":4},"end":{"line":169,"column":null}},"73":{"start":{"line":169,"column":6},"end":{"line":169,"column":null}},"74":{"start":{"line":172,"column":23},"end":{"line":172,"column":51}},"75":{"start":{"line":172,"column":46},"end":{"line":172,"column":51}},"76":{"start":{"line":175,"column":60},"end":{"line":180,"column":6}},"77":{"start":{"line":183,"column":20},"end":{"line":183,"column":45}},"78":{"start":{"line":183,"column":40},"end":{"line":183,"column":45}},"79":{"start":{"line":185,"column":6},"end":{"line":195,"column":null}},"80":{"start":{"line":198,"column":29},"end":{"line":198,"column":56}},"81":{"start":{"line":199,"column":4},"end":{"line":202,"column":null}},"82":{"start":{"line":200,"column":19},"end":{"line":200,"column":58}},"83":{"start":{"line":201,"column":6},"end":{"line":201,"column":null}},"84":{"start":{"line":202,"column":6},"end":{"line":202,"column":null}},"85":{"start":{"line":205,"column":26},"end":{"line":205,"column":77}},"86":{"start":{"line":206,"column":4},"end":{"line":209,"column":null}},"87":{"start":{"line":207,"column":19},"end":{"line":207,"column":55}},"88":{"start":{"line":208,"column":6},"end":{"line":208,"column":null}},"89":{"start":{"line":209,"column":6},"end":{"line":209,"column":null}},"90":{"start":{"line":212,"column":27},"end":{"line":212,"column":61}},"91":{"start":{"line":213,"column":4},"end":{"line":216,"column":null}},"92":{"start":{"line":214,"column":19},"end":{"line":214,"column":56}},"93":{"start":{"line":215,"column":6},"end":{"line":215,"column":null}},"94":{"start":{"line":216,"column":6},"end":{"line":216,"column":null}},"95":{"start":{"line":219,"column":26},"end":{"line":219,"column":66}},"96":{"start":{"line":220,"column":4},"end":{"line":223,"column":null}},"97":{"start":{"line":221,"column":19},"end":{"line":221,"column":56}},"98":{"start":{"line":222,"column":6},"end":{"line":222,"column":null}},"99":{"start":{"line":223,"column":6},"end":{"line":223,"column":null}},"100":{"start":{"line":226,"column":30},"end":{"line":226,"column":57}},"101":{"start":{"line":227,"column":4},"end":{"line":230,"column":null}},"102":{"start":{"line":228,"column":19},"end":{"line":228,"column":56}},"103":{"start":{"line":229,"column":6},"end":{"line":229,"column":null}},"104":{"start":{"line":230,"column":6},"end":{"line":230,"column":null}},"105":{"start":{"line":233,"column":29},"end":{"line":233,"column":68}},"106":{"start":{"line":234,"column":4},"end":{"line":237,"column":null}},"107":{"start":{"line":235,"column":19},"end":{"line":235,"column":56}},"108":{"start":{"line":236,"column":6},"end":{"line":236,"column":null}},"109":{"start":{"line":237,"column":6},"end":{"line":237,"column":null}},"110":{"start":{"line":240,"column":23},"end":{"line":240,"column":60}},"111":{"start":{"line":241,"column":4},"end":{"line":244,"column":null}},"112":{"start":{"line":242,"column":19},"end":{"line":242,"column":50}},"113":{"start":{"line":243,"column":6},"end":{"line":243,"column":null}},"114":{"start":{"line":244,"column":6},"end":{"line":244,"column":null}},"115":{"start":{"line":247,"column":23},"end":{"line":247,"column":158}},"116":{"start":{"line":248,"column":4},"end":{"line":251,"column":null}},"117":{"start":{"line":249,"column":19},"end":{"line":249,"column":49}},"118":{"start":{"line":250,"column":6},"end":{"line":250,"column":null}},"119":{"start":{"line":251,"column":6},"end":{"line":251,"column":null}},"120":{"start":{"line":255,"column":21},"end":{"line":270,"column":null}},"121":{"start":{"line":256,"column":30},"end":{"line":256,"column":66}},"122":{"start":{"line":257,"column":6},"end":{"line":269,"column":null}},"123":{"start":{"line":261,"column":46},"end":{"line":267,"column":11}},"124":{"start":{"line":272,"column":4},"end":{"line":272,"column":null}},"125":{"start":{"line":274,"column":4},"end":{"line":274,"column":null}},"126":{"start":{"line":275,"column":4},"end":{"line":278,"column":null}},"127":{"start":{"line":283,"column":26},"end":{"line":283,"column":52}},"128":{"start":{"line":284,"column":2},"end":{"line":284,"column":null}},"129":{"start":{"line":284,"column":13},"end":{"line":284,"column":null}},"130":{"start":{"line":286,"column":8},"end":{"line":286,"column":63}},"131":{"start":{"line":287,"column":2},"end":{"line":287,"column":null}},"132":{"start":{"line":287,"column":17},"end":{"line":287,"column":null}},"133":{"start":{"line":289,"column":2},"end":{"line":324,"column":null}},"134":{"start":{"line":290,"column":17},"end":{"line":290,"column":37}},"135":{"start":{"line":291,"column":19},"end":{"line":291,"column":48}},"136":{"start":{"line":293,"column":4},"end":{"line":297,"column":null}},"137":{"start":{"line":294,"column":6},"end":{"line":297,"column":null}},"138":{"start":{"line":300,"column":48},"end":{"line":300,"column":null}},"139":{"start":{"line":302,"column":25},"end":{"line":305,"column":18}},"140":{"start":{"line":307,"column":4},"end":{"line":313,"column":null}},"141":{"start":{"line":308,"column":6},"end":{"line":313,"column":null}},"142":{"start":{"line":309,"column":41},"end":{"line":312,"column":11}},"143":{"start":{"line":316,"column":4},"end":{"line":318,"column":null}},"144":{"start":{"line":320,"column":4},"end":{"line":320,"column":null}},"145":{"start":{"line":321,"column":4},"end":{"line":324,"column":null}}},"fnMap":{"0":{"name":"toProjectResponse","decl":{"start":{"line":19,"column":9},"end":{"line":19,"column":null}},"loc":{"start":{"line":22,"column":2},"end":{"line":29,"column":null}},"line":22},"1":{"name":"GET","decl":{"start":{"line":32,"column":22},"end":{"line":32,"column":26}},"loc":{"start":{"line":32,"column":48},"end":{"line":278,"column":null}},"line":32},"2":{"name":"(anonymous_2)","decl":{"start":{"line":58,"column":37},"end":{"line":58,"column":42}},"loc":{"start":{"line":58,"column":48},"end":{"line":58,"column":53}},"line":58},"3":{"name":"(anonymous_3)","decl":{"start":{"line":67,"column":31},"end":{"line":67,"column":36}},"loc":{"start":{"line":67,"column":42},"end":{"line":67,"column":47}},"line":67},"4":{"name":"(anonymous_4)","decl":{"start":{"line":137,"column":35},"end":{"line":137,"column":40}},"loc":{"start":{"line":137,"column":52},"end":{"line":152,"column":null}},"line":137},"5":{"name":"(anonymous_5)","decl":{"start":{"line":143,"column":33},"end":{"line":143,"column":38}},"loc":{"start":{"line":143,"column":48},"end":{"line":149,"column":13}},"line":143},"6":{"name":"(anonymous_6)","decl":{"start":{"line":172,"column":35},"end":{"line":172,"column":40}},"loc":{"start":{"line":172,"column":46},"end":{"line":172,"column":51}},"line":172},"7":{"name":"(anonymous_7)","decl":{"start":{"line":183,"column":29},"end":{"line":183,"column":34}},"loc":{"start":{"line":183,"column":40},"end":{"line":183,"column":45}},"line":183},"8":{"name":"(anonymous_8)","decl":{"start":{"line":255,"column":33},"end":{"line":255,"column":38}},"loc":{"start":{"line":255,"column":50},"end":{"line":270,"column":null}},"line":255},"9":{"name":"(anonymous_9)","decl":{"start":{"line":261,"column":31},"end":{"line":261,"column":36}},"loc":{"start":{"line":261,"column":46},"end":{"line":267,"column":11}},"line":261},"10":{"name":"POST","decl":{"start":{"line":282,"column":22},"end":{"line":282,"column":27}},"loc":{"start":{"line":282,"column":49},"end":{"line":324,"column":null}},"line":282},"11":{"name":"(anonymous_11)","decl":{"start":{"line":309,"column":24},"end":{"line":309,"column":29}},"loc":{"start":{"line":309,"column":41},"end":{"line":312,"column":11}},"line":309}},"branchMap":{"0":{"loc":{"start":{"line":34,"column":2},"end":{"line":34,"column":null}},"type":"if","locations":[{"start":{"line":34,"column":2},"end":{"line":34,"column":null}},{"start":{},"end":{}}],"line":34},"1":{"loc":{"start":{"line":41,"column":4},"end":{"line":154,"column":null}},"type":"if","locations":[{"start":{"line":41,"column":4},"end":{"line":154,"column":null}},{"start":{},"end":{}}],"line":41},"2":{"loc":{"start":{"line":48,"column":6},"end":{"line":49,"column":null}},"type":"if","locations":[{"start":{"line":48,"column":6},"end":{"line":49,"column":null}},{"start":{},"end":{}}],"line":48},"3":{"loc":{"start":{"line":54,"column":6},"end":{"line":55,"column":null}},"type":"if","locations":[{"start":{"line":54,"column":6},"end":{"line":55,"column":null}},{"start":{},"end":{}}],"line":54},"4":{"loc":{"start":{"line":69,"column":8},"end":{"line":79,"column":null}},"type":"cond-expr","locations":[{"start":{"line":70,"column":12},"end":{"line":78,"column":14}},{"start":{"line":79,"column":12},"end":{"line":79,"column":null}}],"line":69},"5":{"loc":{"start":{"line":83,"column":21},"end":{"line":83,"column":60}},"type":"binary-expr","locations":[{"start":{"line":83,"column":21},"end":{"line":83,"column":54}},{"start":{"line":83,"column":58},"end":{"line":83,"column":60}}],"line":83},"6":{"loc":{"start":{"line":90,"column":21},"end":{"line":90,"column":57}},"type":"binary-expr","locations":[{"start":{"line":90,"column":21},"end":{"line":90,"column":51}},{"start":{"line":90,"column":55},"end":{"line":90,"column":57}}],"line
[...]
,"C:\\Users\\mathi\\Ing-pass\\lib\\contexts\\timer-context-persistence.ts": {"path":"C:\\Users\\mathi\\Ing-pass\\lib\\contexts\\timer-context-persistence.ts","statementMap":{"0":{"start":{"line":83,"column":52},"end":{"line":83,"column":null}},"1":{"start":{"line":86,"column":2},"end":{"line":86,"column":null}},"2":{"start":{"line":90,"column":2},"end":{"line":90,"column":null}},"3":{"start":{"line":94,"column":2},"end":{"line":94,"column":null}},"4":{"start":{"line":98,"column":2},"end":{"line":98,"column":null}},"5":{"start":{"line":98,"column":14},"end":{"line":98,"column":null}},"6":{"start":{"line":99,"column":15},"end":{"line":99,"column":30}},"7":{"start":{"line":100,"column":2},"end":{"line":100,"column":null}},"8":{"start":{"line":104,"column":2},"end":{"line":104,"column":null}},"9":{"start":{"line":104,"column":27},"end":{"line":104,"column":null}},"10":{"start":{"line":105,"column":2},"end":{"line":105,"column":null}},"11":{"start":{"line":105,"column":60},"end":{"line":105,"column":null}},"12":{"start":{"line":106,"column":2},"end":{"line":106,"column":null}},"13":{"start":{"line":106,"column":52},"end":{"line":106,"column":null}},"14":{"start":{"line":107,"column":2},"end":{"line":107,"column":null}},"15":{"start":{"line":107,"column":33},"end":{"line":107,"column":null}},"16":{"start":{"line":109,"column":16},"end":{"line":109,"column":null}},"17":{"start":{"line":111,"column":2},"end":{"line":111,"column":null}},"18":{"start":{"line":111,"column":57},"end":{"line":111,"column":null}},"19":{"start":{"line":112,"column":2},"end":{"line":112,"column":null}},"20":{"start":{"line":112,"column":77},"end":{"line":112,"column":null}},"21":{"start":{"line":113,"column":2},"end":{"line":113,"column":null}},"22":{"start":{"line":113,"column":71},"end":{"line":113,"column":null}},"23":{"start":{"line":114,"column":2},"end":{"line":114,"column":null}},"24":{"start":{"line":114,"column":75},"end":{"line":114,"column":null}},"25":{"start":{"line":115,"column":2},"end":{"line":115,"column":null}},"26":{"start":{"line":115,"column":67},"end":{"line":115,"column":null}},"27":{"start":{"line":116,"column":2},"end":{"line":116,"column":null}},"28":{"start":{"line":116,"column":63},"end":{"line":116,"column":null}},"29":{"start":{"line":118,"column":2},"end":{"line":118,"column":null}},"30":{"start":{"line":118,"column":88},"end":{"line":118,"column":null}},"31":{"start":{"line":119,"column":2},"end":{"line":119,"column":null}},"32":{"start":{"line":119,"column":106},"end":{"line":119,"column":null}},"33":{"start":{"line":120,"column":2},"end":{"line":120,"column":null}},"34":{"start":{"line":120,"column":105},"end":{"line":120,"column":null}},"35":{"start":{"line":121,"column":2},"end":{"line":121,"column":null}},"36":{"start":{"line":121,"column":109},"end":{"line":121,"column":null}},"37":{"start":{"line":123,"column":2},"end":{"line":123,"column":null}},"38":{"start":{"line":127,"column":20},"end":{"line":127,"column":55}},"39":{"start":{"line":128,"column":25},"end":{"line":128,"column":65}},"40":{"start":{"line":129,"column":23},"end":{"line":129,"column":61}},"41":{"start":{"line":130,"column":25},"end":{"line":130,"column":65}},"42":{"start":{"line":131,"column":27},"end":{"line":131,"column":69}},"43":{"start":{"line":132,"column":14},"end":{"line":132,"column":24}},"44":{"start":{"line":134,"column":27},"end":{"line":134,"column":null}},"45":{"start":{"line":136,"column":2},"end":{"line":149,"column":null}},"46":{"start":{"line":137,"column":27},"end":{"line":137,"column":null}},"47":{"start":{"line":138,"column":27},"end":{"line":138,"column":null}},"48":{"start":{"line":139,"column":29},"end":{"line":139,"column":null}},"49":{"start":{"line":141,"column":6},"end":{"line":147,"column":null}},"50":{"start":{"line":149,"column":4},"end":{"line":149,"column":null}},"51":{"start":{"line":153,"column":4},"end":{"line":155,"column":null}},"52":{"start":{"line":158,"column":4},"end":{"line":160,"column":null}},"53":{"start":{"line":163,"column":4},"end":{"line":165,"column":null}},"54":{"start":{"line":167,"column":2},"end":{"line":202,"column":null}},"55":{"start":{"line":187,"column":69},"end":{"line":190,"column":7}},"56":{"start":{"line":196,"column":63},"end":{"line":199,"column":7}}},"fnMap":{"0":{"name":"getTimerStorageKey","decl":{"start":{"line":85,"column":16},"end":{"line":85,"column":35}},"loc":{"start":{"line":85,"column":51},"end":{"line":86,"column":null}},"line":85},"1":{"name":"isActiveTimerStatus","decl":{"start":{"line":89,"column":16},"end":{"line":89,"column":36}},"loc":{"start":{"line":89,"column":57},"end":{"line":90,"column":null}},"line":89},"2":{"name":"isObject","decl":{"start":{"line":93,"column":9},"end":{"line":93,"column":18}},"loc":{"start":{"line":93,"column":68},"end":{"line":94,"column":null}},"line":93},"3":{"name":"parseDate","decl":{"start":{"line":97,"column":9},"end":{"line":97,"column":19}},"loc":{"start":{"line":97,"column":54},"end":{"line":100,"column":null}},"line":97},"4":{"name":"isValidTimerSnapshot","decl":{"start":{"line":103,"column":16},"end":{"line":103,"column":37}},"loc":{"start":{"line":103,"column":99},"end":{"line":123,"column":null}},"line":103},"5":{"name":"restoreTimerState","decl":{"start":{"line":126,"column":16},"end":{"line":126,"column":34}},"loc":{"start":{"line":126,"column":79},"end":{"line":202,"column":null}},"line":126},"6":{"name":"(anonymous_6)","decl":{"start":{"line":187,"column":50},"end":{"line":187,"column":55}},"loc":{"start":{"line":187,"column":69},"end":{"line":190,"column":7}},"line":187},"7":{"name":"(anonymous_7)","decl":{"start":{"line":196,"column":48},"end":{"line":196,"column":53}},"loc":{"start":{"line":196,"column":63},"end":{"line":199,"column":7}},"line":196}},"branchMap":{"0":{"loc":{"start":{"line":94,"column":9},"end":{"line":94,"column":null}},"type":"binary-expr","locations":[{"start":{"line":94,"column":9},"end":{"line":94,"column":38}},{"start":{"line":94,"column":38},"end":{"line":94,"column":null}}],"line":94},"1":{"loc":{"start":{"line":98,"column":2},"end":{"line":98,"column":null}},"type":"if","locations":[{"start":{"line":98,"column":2},"end":{"line":98,"column":null}},{"start":{},"end":{}}],"line":98},"2":{"loc":{"start":{"line":100,"column":9},"end":{"line":100,"column":null}},"type":"cond-expr","locations":[{"start":{"line":100,"column":40},"end":{"line":100,"column":47}},{"start":{"line":100,"column":47},"end":{"line":100,"column":null}}],"line":100},"3":{"loc":{"start":{"line":104,"column":2},"end":{"line":104,"column":null}},"type":"if","locations":[{"start":{"line":104,"column":2},"end":{"line":104,"column":null}},{"start":{},"end":{}}],"line":104},"4":{"loc":{"start":{"line":105,"column":2},"end":{"line":105,"column":null}},"type":"if","locations":[{"start":{"line":105,"column":2},"end":{"line":105,"column":null}},{"start":{},"end":{}}],"line":105},"5":{"loc":{"start":{"line":105,"column":6},"end":{"line":105,"column":60}},"type":"binary-expr","locations":[{"start":{"line":105,"column":6},"end":{"line":105,"column":32}},{"start":{"line":105,"column":32},"end":{"line":105,"column":60}}],"line":105},"6":{"loc":{"start":{"line":106,"column":2},"end":{"line":106,"column":null}},"type":"if","locations":[{"start":{"line":106,"column":2},"end":{"line":106,"column":null}},{"start":{},"end":{}}],"line":106},"7":{"loc":{"start":{"line":107,"column":2},"end":{"line":107,"column":null}},"type":"if","locations":[{"start":{"line":107,"column":2},"end":{"line":107,"column":null}},{"start":{},"end":{}}],"line":107},"8":{"loc":{"start":{"line":111,"column":2},"end":{"line":111,"column":null}},"type":"if","locations":[{"start":{"line":111,"column":2},"end":{"line":111,"column":null}},{"start":{},"end":{}}],"line":111},"9":{"loc":{"start":{"line":112,"column":2},"end":{"line":112,"column":null}},"type":"if","locations":[{"start":{"line":112,"column":2},"end":{"line":112,"column":null}},{"start":{},"end":{}}],"line":112},"10":{"loc":{"start":{"line":112,"column":6},"end":{"line":112,"column":77}},"type":"binary-expr","locations":[{"start":{"line":112,"column":6},"end":{"line":112,"column":52}},{"start":{"line":112,"column":52},"end":{"line":112,"column":77}}],"line":112},"11":{"loc":{"start":{"line":113,"column":2},"end":{"line":113,"column":null}},"type":"if","locations":[{"start":{"line":113,"column":2},"end":{"line":113,"column":null}},{"start":{},"end":{}}],"line":113},"12":{"loc":{"start":{"line":113,"column":6},"end":{"line":113,"column":71}},"type":"binary-expr","locations":[{"start":{"line":113,"column":6},"end":{"line":113,"column":49}},{"start":{"line":113,"column":49},"end":{"line":113,"column":71}}],"line":113},"13":{"loc":{"start":{"line":114,"column":2},"end":{"line":114,"column":null}},"type":"if","locations":[{"start":{"line":114,"column":2},"end":{"line":114,"column":null}},{"start":{},"end":{}}],"line":114},"14":{"loc":{"start":{"line":114,"column":6},"end":{"line":114,"column":75}},"type":"binary-expr","locations":[{"start":{"line":114,"column":6},"end":{"line":114,"column":51}},{"start":{"line":114,"column":51},"end":{"line":114,"column":75}}],"line":114},"15":{"loc":{"start":{"line":115,"column":2},"end":{"line":115,"column":null}},"type":"if","locations":[{"start":{"line":115,"column":2},"end":{"line":115,"column":null}},{"start":{},"end":{}}],"line":115},"16":{"loc":{"start":{"line":115,"column":6},"end":{"line":115,"column":67}},"type":"binary-expr","locations":[{"start":{"line":115,"column":6},"end":{"line":115,"column":42}},{"start":{"line":115,"column":42},"end":{"line":115,"column":67}}],"line":115},"17":{"loc":{"start":{"line":116,"column":2},"end":{"line":116,"column":null}},"type":"if","locations":[{"start":{"line":116,"column":2},"end":{"line":116,"column":null}},{"start":{},"end":{}}],"line":116},"18":{"loc":{"start":{"line":116,"column":6},"end":{"line":116,"column":63}},"type":"binary-expr","locations":[{"start":{"line":116,"column":6},"end":{"line":116,"column":45}},{"start":{"line":116,"column":45},"end":{"line":116,"column":63}}],"line":116},"19":{"loc":{"start":{"line":118,"column":2},"end":{"line":118,"column":null}},"type":"if","locations":[{"start":{"line":118,"column":2},"end":{"line":118,"column":null}},{"start":{},"end":{}}],"line":118},"20":{"loc":{"start":{"line":118,"column":6},"end":{"line":118,"column":88}},"type":"binary-expr","locations":[{"start":{"line":118,"column":6},"end":{"line":118,"column":39}},{"start":{"line":118,"column":39},"end":{"line":118,"column":88}}],"line":118},"21":{"loc":{"start":{"line":119,"column":2},"end":{"line":119,"column":null}},"type":"if","locations":[{"start":{"line":119,"column":2},"end":{"line":119,"column":null}},{"start":{},"end":{}}],"line":119},"22":{"loc":{"start":{"line":119,"column":6},"end":{"line":119,"column":106}},"type":"binary-expr","locations":[{"start":{"line":119,"column":6},"end":{"line":119,"column":38}},{"start":{"line":119,"column":38},"end":{"line":119,"column":82}},{"start":{"line":119,"column":82},"end":{"line":119,"column":106}}],"line":119},"23":{"loc":{"start":{"line":120,"column":2},"end":{"line":120,"column":null}},"type":"if","locations":[{"start":{"line":120,"column":2},"end":{"line":120,"column":null}},{"start":{},"end":{}}],"line":120},"24":{"loc":{"start":{"line":120,"column":6},"end":{"line":120,"column":105}},"type":"binary-expr","locations":[{"start":{"line":120,"column":6},"end":{"line":120,"column":37}},{"start":{"line":120,"column":37},"end":{"line":120,"column":81}},{"start":{"line":120,"column":81},"end":{"line":120,"column":105}}],"line":120},"25":{"loc":{"start":{"line":121,"column":2},"end":{"line":121,"column":null}},"type":"if","locations":[{"start":{"line":121,"column":2},"end":{"line":121,"column":null}},{"start":{},"end":{}}],"line":121},"26":{"loc":{"start":{"line":121,"column":6},"end":{"line":121,"column":109}},"type":"binary-expr","locations":[{"start":{"line":121,"column":6},"end":{"line":121,"column":37}},{"start":{"line":121,"column":37},"end":{"line":121,"column":83}},{"start":{"line":121,"column":83},"end":{"line":121,"column":109}}],"line":121},"27":{"loc":{"start":{"line":136,"column":2},"end":{"line":149,"column":null}},"type":"if","locations":[{"start":{"line":136,"column":2},"end":{"line":149,"column":null}},{"start":{},"end":{}}],"line":136},"28":{"loc":{"start":{"line":137,"column":27},"end":{"line":137,"column":null}},"type":"cond-expr","locations":[{"start":{"line":137,"column":83},"end":{"line":137,"column":113}},{"start":{"line":137,"column":116},"end":{"line":137,"column":null}}],"line":137},"29":{"loc":{"start":{"line":137,"column":27},"end":{"line":137,"column":83}},"type":"binary-expr","locations":[{"start":{"line":137,"column":27},"end":{"line":137,"column":66}},{"start":{"line":137,"column":66},"end":{"line":137,"column":83}}],"line":137},"30":{"loc":{"start":{"line":138,"column":27},"end":{"line":138,"column":null}},"type":"cond-expr","locations":[{"start":{"line":138,"column":84},"end":{"line":138,"column":114}},{"start":{"line":138,"column":117},"end":{"line":138,"column":null}}],"line":138},"31":{"loc":{"start":{"line":138,"column":27},"end":{"line":138,"column":84}},"type":"binary-expr","locations":[{"start":{"line":138,"column":27},"end":{"line":138,"column":67}},{"start":{"line":138,"column":67},"end":{"line":138,"column":84}}],"line":138},"32":{"loc":{"start":{"line":139,"column":29},"end":{"line":139,"column":null}},"type":"cond-expr","locations":[{"start":{"line":139,"column":87},"end":{"line":139,"column":119}},{"start":{"line":139,"column":122},"end":{"line":139,"column":null}}],"line":139},"33":{"loc":{"start":{"line":139,"column":29},"end":{"line":139,"column":87}},"type":"binary-expr","locations":[{"start":{"line":139,"column":29},"end":{"line":139,"column":68}},{"start":{"line":139,"column":68},"end":{"line":139,"column":87}}],"line":139},"34":{"loc":{"start":{"line":153,"column":4},"end":{"line":155,"column":null}},"type":"cond-expr","locations":[{"start":{"line":154,"column":8},"end":{"line":154,"column":72}},{"start":{"line":155,"column":8},"end":{"line":155,"column":null}}],"line":153},"35":{"loc":{"start":{"line":153,"column":4},"end":{"line":153,"column":null}},"type":"binary-expr","locations":[{"start":{"line":153,"column":4},"end":{"line":153,"column":44}},{"start":{"line":153,"column":44},"end":{"line":153,"column":null}}],"line":153},"36":{"loc":{"start":{"line":158,"column":4},"end":{"line":160,"column":null}},"type":"cond-expr","locations":[{"start":{"line":159,"column":8},"end":{"line":159,"column":99}},{"start":{"line":160,"column":8},"end":{"line":160,"column":null}}],"line":158},"37":{"loc":{"start":{"line":158,"column":4},"end":{"line":158,"column":null}},"type":"binary-expr","locations":[{"start":{"line":158,"column":4},"end":{"line":158,"column":43}},{"start":{"line":158,"column":43},"end":{"line":158,"column":null}}],"line":158},"38":{"loc":{"start":{"line":163,"column":4},"end":{"line":165,"column":null}},"type":"cond-expr","locations":[{"start":{"line":164,"column":8},"end":{"line":164,"column":113}},{"start":{"line":165,"column":8},"end":{"line":165,"column":null}}],"line":163},"39":{"loc":{"start":{"line":163,"column":4},"end":{"line":163,"column":null}},"type":"binary-expr","locations":[{"start":{"line":163,"column":4},"end":{"line":163,"column":43}},{"start":{"line":163,"column":43},"end":{"line":163,"column":null}}],"line":163}},"s":{"0":1,"1":1,"2":0,"3":1,"4":5,"5":3,"6":2,"7":2,"8":1,"9":0,"10":1,"11":1,"12":0,"13":0,"14":0,"15":0,"16":0,"17":0,"18":0,"19":0,"20":0,"21":0,"22":0,"23":0,"24":0,"25":0,"26":0,"27":0,"28":0,"29":0,"30":0,"31":0,"32":0,"33":0,"34":0,"35":0,"36":0,"37":0,"38":1,"39":1,"40":1,"41":1,"42":1,"43":1,"44":1,"45":1,"46":1,"47":1,"48":1,"49":1,"50":1,"51":1,"52":1,"53":1,"54":1,"55":0,"56":0},"f":{"0":1,"1":0,"2":1,"3":5,"4":1,"5":1,"6":0,"7":0},"b":{"0":[1,1],"1":[3,2],"2":[0,2],"3":[0,1],"4":[1,0],"5":[1,1],"6":[0,0],"7":[0,0],"8":[0,0],"9":[0,0],"10":[0,0],"11":[0,0],"12":[0,0],"13":[0,0],"14":[0,0],"15":[0,0],"16":[0,0],"17":[0,0],"18":[0,0],"19":[0,0],"20":[0,0],"21":[0,0],"22":[0,0,0],"23":[0,0],"24":[0,0,0],"25":[0,0],"26":[0,0,0],"27":[1,0],"28":[1,0],"29":[1,1],"30":[0,1],"31":[1,0],"32":[0,1],"33":[1,0],"34":[0,1],"35":[1,0],"36":[1,0],"37":[1,1],"38":[0,1],"39":[1,0]},"meta":{"lastBranch":40,"lastFunction":8,"lastStatement":57,"seen":{"s:83:52:83:Infinity":0,"f:85:16:85:35":0,"s:86:2:86:Infinity":1,"f:89:16:89:36":1,"s:90:2:90:Infinity":2,"f:93:9:93:18":2,"s:94:2:94:Infinity":3,"b:94:9:94:38:94:38:94:Infinity":0,"f:97:9:97:19":3,"b:98:2:98:Infinity:undefined:undefined:undefined:undefined":1,"s:98:2:98:Infinity":4,"s:98:14:98:Infinity":5,"s:99:15:99:30":6,"s:100:2:100:Infinity":7,"b:100:40:100:47:100:47:100:Infinity":2,"f:103:16:103:37":4,"b:104:2:104:Infinity:undefined:undefined:undefined:undefined":3,"s:104:2:104:Infinity":8,"s:104:27:104:Infinity":9,"b:105:2:105:Infinity:undefined:undefined:undefined:undefined":4,"s:105:2:105:Infinity":10,"b:105:6:105:32:105:32:105:60":5,"s:105:60:105:Infinity":11,"b:106:2:106:Infinity:undefined:undefined:undefined:undefined":6,"s:106:2:106:Infinity":12,"s:106:52:106:Infinity":13,"b:107:2:107:Infinity:undefined:undefined:undefined:undefined":7,"s:107:2:107:Infinity":14,"s:107:33:107:Infinity":15,"s:109:16:109:Infinity":16,"b:111:2:111:Infinity:undefined:undefined:undefined:undefined":8,"s:111:2:111:Infinity":17,"s:111:57:111:Infinity":18,"b:112:2:112:Infinity:undefined:undefined:undefined:undefined":9,"s:112:2:112:Infinity":19,"b:112:6:112:52:112:52:112:77":10,"s:112:77:112:Infinity":20,"b:113:2:113:Infinity:undefined:undefined:undefined:undefined":11,"s:113:2:113:Infinity":21,"b:113:6:113:49:113:49:113:71":12,"s:113:71:113:Infinity":22,"b:114:2:114:Infinity:undefined:undefined:undefined:undefined":13,"s:114:2:114:Infinity":23,"b:114:6:114:51:114:51:114:75":14,"s:114:75:114:Infinity":24,"b:115:2:115:Infinity:undefined:undefined:undefined:undefined":15,"s:115:2:115:Infinity":25,"b:115:6:115:42:115:42:115:67":16,"s:115:67:115:Infinity":26,"b:116:2:116:Infinity:undefined:undefined:undefined:undefined":17,"s:116:2:116:Infinity":27,"b:116:6:116:45:116:45:116:63":18,"s:116:63:116:Infinity":28,"b:118:2:118:Infinity:undefined:undefined:undefined:undefined":19,"s:118:2:118:Infinity":29,"b:118:6:118:39:118:39:118:88":20,"s:118:88:118:Infinity":30,"b:119:2:119:Infinity:undefined:undefined:undefined:undefined":21,"s:119:2:119:Infinity":31,"b:119:6:119:38:119:38:119:82:119:82:119:106":22,"s:119:106:119:Infinity":32,"b:120:2:120:Infinity:undefined:undefined:undefined:undefined":23,"s:120:2:120:Infinity":33,"b:120:6:120:37:120:37:120:81:120:81:120:105":24,"s:120:105:120:Infinity":34,"b:121:2:121:Infinity:undefined:undefined:undefined:undefined":25,"s:121:2:121:Infinity":35,"b:121:6:121:37:121:37:121:83:121:83:121:109":26,"s:121:109:121:Infinity":36,"s:123:2:123:Infinity":37,"f:126:16:126:34":5,"s:127:20:127:55":38,"s:128:25:128:65":39,"s:129:23:129:61":40,"s:130:25:130:65":41,"s:131:27:131:69":42,"s:132:14:132:24":43,"s:134:27:134:Infinity":44,"b:136:2:149:Infinity:undefined:undefined:undefined:undefined":27,"s:136:2:149:Infinity":45,"s:137:27:137:Infinity":46,"b:137:83:137:113:137:116:137:Infinity":28,"b:137:27:137:66:137:66:137:83":29,"s:138:27:138:Infinity":47,"b:138:84:138:114:138:117:138:Infinity":30,"b:138:27:138:67:138:67:138:84":31,"s:139:29:139:Infinity":48,"b:139:87:139:119:139:122:139:Infinity":32,"b:139:29:139:68:139:68:139:87":33,"s:141:6:147:Infinity":49,"s:149:4:149:Infinity":50,"s:153:4:155:Infinity":51,"b:154:8:154:72:155:8:155:Infinity":34,"b:153:4:153:44:153:44:153:Infinity":35,"s:158:4:160:Infinity":52,"b:159:8:159:99:160:8:160:Infinity":36,"b:158:4:158:43:158:43:158:Infinity":37,"s:163:4:165:Infinity":53,"b:164:8:164:113:165:8:165:Infinity":38,"b:163:4:163:43:163:43:163:Infinity":39,"s:167:2:202:Infinity":54,"f:187:50:187:55":6,"s:187:69:190:7":55,"f:196:48:196:53":7,"s:196:63:199:7":56}}}
}
